


ARM Macro Assembler    Page 1 


    1 00000000         ; gpio.s
    2 00000000         ; Desenvolvido para a placa EK-TM4C1294XL
    3 00000000         ; Jhony Minetto Araujo, Ricardo Marthus Gremmelmaier, Ro
                       drigo Wolsky Poli
    4 00000000         ; Ver 1 30/11/2024
    5 00000000         
    6 00000000         ; ------------------------------------------------------
                       -------------------------
    7 00000000                 THUMB                        ; Instrucoes do tip
                                                            o Thumb-2
    8 00000000         ; ------------------------------------------------------
                       -------------------------
    9 00000000         ; Declaracoes EQU - Defines
   10 00000000         ; ========================
   11 00000000         ; ========================
   12 00000000         ; Definicoes dos Registradores Gerais
   13 00000000 400FE608 
                       SYSCTL_RCGCGPIO_R
                               EQU              0x400FE608
   14 00000000 400FEA08 
                       SYSCTL_PRGPIO_R
                               EQU              0x400FEA08
   15 00000000         ; ========================
   16 00000000         ; Definicoes dos Ports
   17 00000000         ; ~~~~~~~~~~~~~~~~ PORT A ~~~~~~~~~~~~~~~~~~
   18 00000000 40058520 
                       GPIO_PORTA_AHB_LOCK_R
                               EQU              0x40058520
   19 00000000 40058524 
                       GPIO_PORTA_AHB_CR_R
                               EQU              0x40058524
   20 00000000 40058528 
                       GPIO_PORTA_AHB_AMSEL_R
                               EQU              0x40058528
   21 00000000 4005852C 
                       GPIO_PORTA_AHB_PCTL_R
                               EQU              0x4005852C
   22 00000000 40058400 
                       GPIO_PORTA_AHB_DIR_R
                               EQU              0x40058400
   23 00000000 40058420 
                       GPIO_PORTA_AHB_AFSEL_R
                               EQU              0x40058420
   24 00000000 4005851C 
                       GPIO_PORTA_AHB_DEN_R
                               EQU              0x4005851C
   25 00000000 40058510 
                       GPIO_PORTA_AHB_PUR_R
                               EQU              0x40058510
   26 00000000 400583FC 
                       GPIO_PORTA_AHB_DATA_R
                               EQU              0x400583FC
   27 00000000 00000001 
                       GPIO_PORTA
                               EQU              2_000000000000001
   28 00000000         
   29 00000000         ; ~~~~~~~~~~~~~~~~ PORT B ~~~~~~~~~~~~~~~~~~
   30 00000000 400593FC 
                       GPIO_PORTB_AHB_DATA_R



ARM Macro Assembler    Page 2 


                               EQU              0x400593FC
   31 00000000 40059400 
                       GPIO_PORTB_AHB_DIR_R
                               EQU              0x40059400
   32 00000000 40059420 
                       GPIO_PORTB_AHB_AFSEL_R
                               EQU              0x40059420
   33 00000000 40059510 
                       GPIO_PORTB_AHB_PUR_R
                               EQU              0x40059510
   34 00000000 4005951C 
                       GPIO_PORTB_AHB_DEN_R
                               EQU              0x4005951C
   35 00000000 40059520 
                       GPIO_PORTB_AHB_LOCK_R
                               EQU              0x40059520
   36 00000000 40059524 
                       GPIO_PORTB_AHB_CR_R
                               EQU              0x40059524
   37 00000000 40059528 
                       GPIO_PORTB_AHB_AMSEL_R
                               EQU              0x40059528
   38 00000000 4005952C 
                       GPIO_PORTB_AHB_PCTL_R
                               EQU              0x4005952C
   39 00000000 00000002 
                       GPIO_PORTB
                               EQU              2_000000000000010
   40 00000000         
   41 00000000         ; ~~~~~~~~~~~~~~~~ PORT C ~~~~~~~~~~~~~~~~~~
   42 00000000 4005A3FC 
                       GPIO_PORTC_AHB_DATA_R
                               EQU              0x4005A3FC
   43 00000000 4005A400 
                       GPIO_PORTC_AHB_DIR_R
                               EQU              0x4005A400
   44 00000000 4005A420 
                       GPIO_PORTC_AHB_AFSEL_R
                               EQU              0x4005A420
   45 00000000 4005A510 
                       GPIO_PORTC_AHB_PUR_R
                               EQU              0x4005A510
   46 00000000 4005A51C 
                       GPIO_PORTC_AHB_DEN_R
                               EQU              0x4005A51C
   47 00000000 4005A520 
                       GPIO_PORTC_AHB_LOCK_R
                               EQU              0x4005A520
   48 00000000 4005A524 
                       GPIO_PORTC_AHB_CR_R
                               EQU              0x4005A524
   49 00000000 4005A528 
                       GPIO_PORTC_AHB_AMSEL_R
                               EQU              0x4005A528
   50 00000000 4005A52C 
                       GPIO_PORTC_AHB_PCTL_R
                               EQU              0x4005A52C
   51 00000000 00000004 
                       GPIO_PORTC



ARM Macro Assembler    Page 3 


                               EQU              2_000000000000100
   52 00000000         
   53 00000000         ; ~~~~~~~~~~~~~~~~ PORT D ~~~~~~~~~~~~~~~~~~
   54 00000000 4005B3FC 
                       GPIO_PORTD_AHB_DATA_R
                               EQU              0x4005B3FC
   55 00000000 4005B400 
                       GPIO_PORTD_AHB_DIR_R
                               EQU              0x4005B400
   56 00000000 4005B420 
                       GPIO_PORTD_AHB_AFSEL_R
                               EQU              0x4005B420
   57 00000000 4005B510 
                       GPIO_PORTD_AHB_PUR_R
                               EQU              0x4005B510
   58 00000000 4005B51C 
                       GPIO_PORTD_AHB_DEN_R
                               EQU              0x4005B51C
   59 00000000 4005B520 
                       GPIO_PORTD_AHB_LOCK_R
                               EQU              0x4005B520
   60 00000000 4005B524 
                       GPIO_PORTD_AHB_CR_R
                               EQU              0x4005B524
   61 00000000 4005B528 
                       GPIO_PORTD_AHB_AMSEL_R
                               EQU              0x4005B528
   62 00000000 4005B52C 
                       GPIO_PORTD_AHB_PCTL_R
                               EQU              0x4005B52C
   63 00000000 00000008 
                       GPIO_PORTD
                               EQU              2_000000000001000
   64 00000000         
   65 00000000         ; ~~~~~~~~~~~~~~~~ PORT E ~~~~~~~~~~~~~~~~~~
   66 00000000 4005C3FC 
                       GPIO_PORTE_AHB_DATA_R
                               EQU              0x4005C3FC
   67 00000000 4005C400 
                       GPIO_PORTE_AHB_DIR_R
                               EQU              0x4005C400
   68 00000000 4005C420 
                       GPIO_PORTE_AHB_AFSEL_R
                               EQU              0x4005C420
   69 00000000 4005C510 
                       GPIO_PORTE_AHB_PUR_R
                               EQU              0x4005C510
   70 00000000 4005C51C 
                       GPIO_PORTE_AHB_DEN_R
                               EQU              0x4005C51C
   71 00000000 4005C520 
                       GPIO_PORTE_AHB_LOCK_R
                               EQU              0x4005C520
   72 00000000 4005C524 
                       GPIO_PORTE_AHB_CR_R
                               EQU              0x4005C524
   73 00000000 4005C528 
                       GPIO_PORTE_AHB_AMSEL_R
                               EQU              0x4005C528



ARM Macro Assembler    Page 4 


   74 00000000 4005C52C 
                       GPIO_PORTE_AHB_PCTL_R
                               EQU              0x4005C52C
   75 00000000 00000010 
                       GPIO_PORTE
                               EQU              2_000000000010000
   76 00000000         
   77 00000000         ; ~~~~~~~~~~~~~~~~ PORT F ~~~~~~~~~~~~~~~~~~
   78 00000000 4005D3FC 
                       GPIO_PORTF_AHB_DATA_R
                               EQU              0x4005D3FC
   79 00000000 4005D400 
                       GPIO_PORTF_AHB_DIR_R
                               EQU              0x4005D400
   80 00000000 4005D420 
                       GPIO_PORTF_AHB_AFSEL_R
                               EQU              0x4005D420
   81 00000000 4005D510 
                       GPIO_PORTF_AHB_PUR_R
                               EQU              0x4005D510
   82 00000000 4005D51C 
                       GPIO_PORTF_AHB_DEN_R
                               EQU              0x4005D51C
   83 00000000 4005D520 
                       GPIO_PORTF_AHB_LOCK_R
                               EQU              0x4005D520
   84 00000000 4005D524 
                       GPIO_PORTF_AHB_CR_R
                               EQU              0x4005D524
   85 00000000 4005D528 
                       GPIO_PORTF_AHB_AMSEL_R
                               EQU              0x4005D528
   86 00000000 4005D52C 
                       GPIO_PORTF_AHB_PCTL_R
                               EQU              0x4005D52C
   87 00000000 00000020 
                       GPIO_PORTF
                               EQU              2_000000000100000
   88 00000000         
   89 00000000         ; ~~~~~~~~~~~~~~~~ PORT G ~~~~~~~~~~~~~~~~~~
   90 00000000 4005E3FC 
                       GPIO_PORTG_AHB_DATA_R
                               EQU              0x4005E3FC
   91 00000000 4005E400 
                       GPIO_PORTG_AHB_DIR_R
                               EQU              0x4005E400
   92 00000000 4005E420 
                       GPIO_PORTG_AHB_AFSEL_R
                               EQU              0x4005E420
   93 00000000 4005E510 
                       GPIO_PORTG_AHB_PUR_R
                               EQU              0x4005E510
   94 00000000 4005E51C 
                       GPIO_PORTG_AHB_DEN_R
                               EQU              0x4005E51C
   95 00000000 4005E520 
                       GPIO_PORTG_AHB_LOCK_R
                               EQU              0x4005E520
   96 00000000 4005E524 



ARM Macro Assembler    Page 5 


                       GPIO_PORTG_AHB_CR_R
                               EQU              0x4005E524
   97 00000000 4005E528 
                       GPIO_PORTG_AHB_AMSEL_R
                               EQU              0x4005E528
   98 00000000 4005E52C 
                       GPIO_PORTG_AHB_PCTL_R
                               EQU              0x4005E52C
   99 00000000 00000040 
                       GPIO_PORTG
                               EQU              2_000000001000000
  100 00000000         
  101 00000000         ; ~~~~~~~~~~~~~~~~ PORT H ~~~~~~~~~~~~~~~~~~
  102 00000000 4005F3FC 
                       GPIO_PORTH_AHB_DATA_R
                               EQU              0x4005F3FC
  103 00000000 4005F400 
                       GPIO_PORTH_AHB_DIR_R
                               EQU              0x4005F400
  104 00000000 4005F420 
                       GPIO_PORTH_AHB_AFSEL_R
                               EQU              0x4005F420
  105 00000000 4005F510 
                       GPIO_PORTH_AHB_PUR_R
                               EQU              0x4005F510
  106 00000000 4005F51C 
                       GPIO_PORTH_AHB_DEN_R
                               EQU              0x4005F51C
  107 00000000 4005F520 
                       GPIO_PORTH_AHB_LOCK_R
                               EQU              0x4005F520
  108 00000000 4005F524 
                       GPIO_PORTH_AHB_CR_R
                               EQU              0x4005F524
  109 00000000 4005F528 
                       GPIO_PORTH_AHB_AMSEL_R
                               EQU              0x4005F528
  110 00000000 4005F52C 
                       GPIO_PORTH_AHB_PCTL_R
                               EQU              0x4005F52C
  111 00000000 00000080 
                       GPIO_PORTH
                               EQU              2_000000010000000
  112 00000000         
  113 00000000         ; ~~~~~~~~~~~~~~~~ PORT J ~~~~~~~~~~~~~~~~~~
  114 00000000 400603FC 
                       GPIO_PORTJ_AHB_DATA_R
                               EQU              0x400603FC
  115 00000000 40060400 
                       GPIO_PORTJ_AHB_DIR_R
                               EQU              0x40060400
  116 00000000 40060420 
                       GPIO_PORTJ_AHB_AFSEL_R
                               EQU              0x40060420
  117 00000000 40060510 
                       GPIO_PORTJ_AHB_PUR_R
                               EQU              0x40060510
  118 00000000 4006051C 
                       GPIO_PORTJ_AHB_DEN_R



ARM Macro Assembler    Page 6 


                               EQU              0x4006051C
  119 00000000 40060520 
                       GPIO_PORTJ_AHB_LOCK_R
                               EQU              0x40060520
  120 00000000 40060524 
                       GPIO_PORTJ_AHB_CR_R
                               EQU              0x40060524
  121 00000000 40060528 
                       GPIO_PORTJ_AHB_AMSEL_R
                               EQU              0x40060528
  122 00000000 4006052C 
                       GPIO_PORTJ_AHB_PCTL_R
                               EQU              0x4006052C
  123 00000000 00000100 
                       GPIO_PORTJ
                               EQU              2_000000100000000
  124 00000000         
  125 00000000         ; ~~~~~~~~~~~~~~~~ PORT K ~~~~~~~~~~~~~~~~~~
  126 00000000 400613FC 
                       GPIO_PORTK_DATA_R
                               EQU              0x400613FC
  127 00000000 40061400 
                       GPIO_PORTK_DIR_R
                               EQU              0x40061400
  128 00000000 40061420 
                       GPIO_PORTK_AFSEL_R
                               EQU              0x40061420
  129 00000000 40061510 
                       GPIO_PORTK_PUR_R
                               EQU              0x40061510
  130 00000000 4006151C 
                       GPIO_PORTK_DEN_R
                               EQU              0x4006151C
  131 00000000 40061520 
                       GPIO_PORTK_LOCK_R
                               EQU              0x40061520
  132 00000000 40061524 
                       GPIO_PORTK_CR_R
                               EQU              0x40061524
  133 00000000 40061528 
                       GPIO_PORTK_AMSEL_R
                               EQU              0x40061528
  134 00000000 4006152C 
                       GPIO_PORTK_PCTL_R
                               EQU              0x4006152C
  135 00000000 00000200 
                       GPIO_PORTK
                               EQU              2_000001000000000
  136 00000000         
  137 00000000         ; ~~~~~~~~~~~~~~~~ PORT L ~~~~~~~~~~~~~~~~~~
  138 00000000 400623FC 
                       GPIO_PORTL_DATA_R
                               EQU              0x400623FC
  139 00000000 40062400 
                       GPIO_PORTL_DIR_R
                               EQU              0x40062400
  140 00000000 40062420 
                       GPIO_PORTL_AFSEL_R
                               EQU              0x40062420



ARM Macro Assembler    Page 7 


  141 00000000 40062510 
                       GPIO_PORTL_PUR_R
                               EQU              0x40062510
  142 00000000 40062514 
                       GPIO_PORTL_PDR_R
                               EQU              0x40062514
  143 00000000 4006251C 
                       GPIO_PORTL_DEN_R
                               EQU              0x4006251C
  144 00000000 40062520 
                       GPIO_PORTL_LOCK_R
                               EQU              0x40062520
  145 00000000 40062524 
                       GPIO_PORTL_CR_R
                               EQU              0x40062524
  146 00000000 40062528 
                       GPIO_PORTL_AMSEL_R
                               EQU              0x40062528
  147 00000000 4006252C 
                       GPIO_PORTL_PCTL_R
                               EQU              0x4006252C
  148 00000000 00000400 
                       GPIO_PORTL
                               EQU              2_000010000000000
  149 00000000         
  150 00000000         ; ~~~~~~~~~~~~~~~~ PORT M ~~~~~~~~~~~~~~~~~~
  151 00000000 400633FC 
                       GPIO_PORTM_DATA_R
                               EQU              0x400633FC
  152 00000000 40063400 
                       GPIO_PORTM_DIR_R
                               EQU              0x40063400
  153 00000000 40063420 
                       GPIO_PORTM_AFSEL_R
                               EQU              0x40063420
  154 00000000 40063510 
                       GPIO_PORTM_PUR_R
                               EQU              0x40063510
  155 00000000 4006351C 
                       GPIO_PORTM_DEN_R
                               EQU              0x4006351C
  156 00000000 40063520 
                       GPIO_PORTM_LOCK_R
                               EQU              0x40063520
  157 00000000 40063524 
                       GPIO_PORTM_CR_R
                               EQU              0x40063524
  158 00000000 40063528 
                       GPIO_PORTM_AMSEL_R
                               EQU              0x40063528
  159 00000000 4006352C 
                       GPIO_PORTM_PCTL_R
                               EQU              0x4006352C
  160 00000000 00000800 
                       GPIO_PORTM
                               EQU              2_000100000000000
  161 00000000         
  162 00000000         ; ~~~~~~~~~~~~~~~~ PORT N ~~~~~~~~~~~~~~~~~~
  163 00000000 400643FC 



ARM Macro Assembler    Page 8 


                       GPIO_PORTN_DATA_R
                               EQU              0x400643FC
  164 00000000 40064400 
                       GPIO_PORTN_DIR_R
                               EQU              0x40064400
  165 00000000 40064420 
                       GPIO_PORTN_AFSEL_R
                               EQU              0x40064420
  166 00000000 40064510 
                       GPIO_PORTN_PUR_R
                               EQU              0x40064510
  167 00000000 4006451C 
                       GPIO_PORTN_DEN_R
                               EQU              0x4006451C
  168 00000000 40064520 
                       GPIO_PORTN_LOCK_R
                               EQU              0x40064520
  169 00000000 40064524 
                       GPIO_PORTN_CR_R
                               EQU              0x40064524
  170 00000000 40064528 
                       GPIO_PORTN_AMSEL_R
                               EQU              0x40064528
  171 00000000 4006452C 
                       GPIO_PORTN_PCTL_R
                               EQU              0x4006452C
  172 00000000 00001000 
                       GPIO_PORTN
                               EQU              2_001000000000000
  173 00000000         
  174 00000000         ; ~~~~~~~~~~~~~~~~ PORT P ~~~~~~~~~~~~~~~~~~
  175 00000000 400653FC 
                       GPIO_PORTP_DATA_R
                               EQU              0x400653FC
  176 00000000 40065400 
                       GPIO_PORTP_DIR_R
                               EQU              0x40065400
  177 00000000 40065420 
                       GPIO_PORTP_AFSEL_R
                               EQU              0x40065420
  178 00000000 40065510 
                       GPIO_PORTP_PUR_R
                               EQU              0x40065510
  179 00000000 4006551C 
                       GPIO_PORTP_DEN_R
                               EQU              0x4006551C
  180 00000000 40065520 
                       GPIO_PORTP_LOCK_R
                               EQU              0x40065520
  181 00000000 40065524 
                       GPIO_PORTP_CR_R
                               EQU              0x40065524
  182 00000000 40065528 
                       GPIO_PORTP_AMSEL_R
                               EQU              0x40065528
  183 00000000 4006552C 
                       GPIO_PORTP_PCTL_R
                               EQU              0x4006552C
  184 00000000 00002000 



ARM Macro Assembler    Page 9 


                       GPIO_PORTP
                               EQU              2_010000000000000
  185 00000000         
  186 00000000         ; ~~~~~~~~~~~~~~~~ PORT Q ~~~~~~~~~~~~~~~~~~
  187 00000000 400663FC 
                       GPIO_PORTQ_DATA_R
                               EQU              0x400663FC
  188 00000000 40066400 
                       GPIO_PORTQ_DIR_R
                               EQU              0x40066400
  189 00000000 40066420 
                       GPIO_PORTQ_AFSEL_R
                               EQU              0x40066420
  190 00000000 40066510 
                       GPIO_PORTQ_PUR_R
                               EQU              0x40066510
  191 00000000 4006651C 
                       GPIO_PORTQ_DEN_R
                               EQU              0x4006651C
  192 00000000 40066520 
                       GPIO_PORTQ_LOCK_R
                               EQU              0x40066520
  193 00000000 40066524 
                       GPIO_PORTQ_CR_R
                               EQU              0x40066524
  194 00000000 40066528 
                       GPIO_PORTQ_AMSEL_R
                               EQU              0x40066528
  195 00000000 4006652C 
                       GPIO_PORTQ_PCTL_R
                               EQU              0x4006652C
  196 00000000 00004000 
                       GPIO_PORTQ
                               EQU              2_100000000000000
  197 00000000         
  198 00000000         ; ===========================================
  199 00000000         ;~~~~~~~~~~~~ OUTRAS CONSTANTES ~~~~~~~~~~~~~
  200 00000000         
  201 00000000         
  202 00000000         
  203 00000000         ; ------------------------------------------------------
                       -------------------------
  204 00000000         ; Area de Codigo - Tudo abaixo da diretiva a seguir sera
                        armazenado na memoria de 
  205 00000000         ;                  codigo
  206 00000000                 AREA             |.text|, CODE, READONLY, ALIGN=
2
  207 00000000         
  208 00000000         ; Se alguma funcao do arquivo for chamada em outro arqui
                       vo 
  209 00000000                 EXPORT           GPIO_Init
  210 00000000                 EXPORT           LCD_Init
  211 00000000         
  212 00000000                 IMPORT           SysTick_Wait1us
  213 00000000         ;-------------------------------------------------------
                       -------------------------
  214 00000000         ; Funcao GPIO_Init
  215 00000000         ; Ports e Pinos utilizados:
  216 00000000         ;   Port J: PJ1     -> Botao RST Global -> PJ0 -> Botao 



ARM Macro Assembler    Page 10 


                       alterar mode
  217 00000000         ;   Port K: PK0-PK7 -> Dados do LCD
  218 00000000         ;   Port L: PL0-PL3 -> Teclado Matricial
  219 00000000         ;   Port M: PM0-PM2 -> Controle do LCD -> PM4-PM7 -> Tec
                       lado Matricial
  220 00000000         ;   Port do Motor -> TODO
  221 00000000         GPIO_Init
  222 00000000         ;=====================
  223 00000000         ; 1. Ativar o clock para a porta setando o bit correspon
                       dente no registrador RCGCGPIO,
  224 00000000         ; apos isso verificar no PRGPIO se a porta esta pronta p
                       ara uso.
  225 00000000         ; enable clock to GPIOF at clock gating register
  226 00000000 4863            LDR              R0, =SYSCTL_RCGCGPIO_R ;Carrega
                                                             o endereco do regi
                                                            strador RCGCGPIO
  227 00000002 F44F 6100       MOV              R1, #GPIO_PORTM ;Seta o bit da 
                                                            porta generica 
  228 00000006 F441 7100       ORR              R1, #GPIO_PORTK ;Seta o bit da 
                                                            porta generica, faz
                                                            endo com OR
  229 0000000A F441 7180       ORR              R1, #GPIO_PORTJ ;Seta o bit da 
                                                            porta generica, faz
                                                            endo com OR
  230 0000000E F441 6180       ORR              R1, #GPIO_PORTL ;Seta o bit da 
                                                            porta generica, faz
                                                            endo com OR
  231 00000012 F041 0180       ORR              R1, #GPIO_PORTH ;Seta o bit da 
                                                            porta generica, faz
                                                            endo com OR
  232 00000016 6001            STR              R1, [R0]    ;Move para a memori
                                                            a os bits das porta
                                                            s no endereco do RC
                                                            GCGPIO
  233 00000018         
  234 00000018 485E            LDR              R0, =SYSCTL_PRGPIO_R ;Carrega o
                                                             endereco do PRGPIO
                                                             para esperar os GP
                                                            IO ficarem prontos
  235 0000001A         EsperaGPIO
  236 0000001A 6801            LDR              R1, [R0]    ;Le da memoria o co
                                                            nteudo do endereco 
                                                            do registrador
  237 0000001C F44F 6200       MOV              R2, #GPIO_PORTM ;Seta os bits c
                                                            orrespondentes das 
                                                            portas para fazer a
                                                             comparacao
  238 00000020 F442 7200       ORR              R2, #GPIO_PORTK ;Seta o bit da 
                                                            porta generica, faz
                                                            endo com OR
  239 00000024 F442 7280       ORR              R2, #GPIO_PORTJ ;Seta o bit da 
                                                            porta generica, faz
                                                            endo com OR
  240 00000028 F442 6280       ORR              R2, #GPIO_PORTL ;Seta o bit da 
                                                            porta generica, faz
                                                            endo com OR
  241 0000002C F042 0280       ORR              R2, #GPIO_PORTH ;Seta o bit da 
                                                            porta generica, faz
                                                            endo com OR



ARM Macro Assembler    Page 11 


  242 00000030 4211            TST              R1, R2      ;ANDS de R1 com R2
  243 00000032 D0F2            BEQ              EsperaGPIO  ;Se o flag Z=1, vol
                                                            ta para o laco. Sen
                                                            ao continua executa
                                                            ndo
  244 00000034         
  245 00000034         ; 2. Limpar o AMSEL para desabilitar a analogica
  246 00000034 F04F 0100       MOV              R1, #0x00   ;Colocar 0 no regis
                                                            trador para desabil
                                                            itar a funcao analo
                                                            gica
  247 00000038 4857            LDR              R0, =GPIO_PORTM_AMSEL_R ;Carreg
                                                            a o R0 com o endere
                                                            co do AMSEL para a 
                                                            porta generica
  248 0000003A 6001            STR              R1, [R0]    ;Guarda no registra
                                                            dor AMSEL da porta 
                                                            generica da memoria
                                                            
  249 0000003C 4857            LDR              R0, =GPIO_PORTK_AMSEL_R ;Carreg
                                                            a o R0 com o endere
                                                            co do AMSEL para a 
                                                            porta generica
  250 0000003E 6001            STR              R1, [R0]    ;Guarda no registra
                                                            dor AMSEL da porta 
                                                            generica da memoria
                                                            
  251 00000040 4857            LDR              R0, =GPIO_PORTJ_AHB_AMSEL_R ;Ca
                                                            rrega o R0 com o en
                                                            dereco do AMSEL par
                                                            a a porta generica
  252 00000042 6001            STR              R1, [R0]    ;Guarda no registra
                                                            dor AMSEL da porta 
                                                            generica da memoria
                                                            
  253 00000044 4857            LDR              R0, =GPIO_PORTL_AMSEL_R ;Carreg
                                                            a o R0 com o endere
                                                            co do AMSEL para a 
                                                            porta generica
  254 00000046 6001            STR              R1, [R0]    ;Guarda no registra
                                                            dor AMSEL da porta 
                                                            generica da memoria
                                                            
  255 00000048 4857            LDR              R0, =GPIO_PORTH_AHB_AMSEL_R ;Ca
                                                            rrega o R0 com o en
                                                            dereco do AMSEL par
                                                            a a porta generica
  256 0000004A 6001            STR              R1, [R0]    ;Guarda no registra
                                                            dor AMSEL da porta 
                                                            generica da memoria
                                                            
  257 0000004C         
  258 0000004C         ; 3. Limpar PCTL para selecionar o GPIO
  259 0000004C F04F 0100       MOV              R1, #0x00   ;Colocar 0 no regis
                                                            trador para selecio
                                                            nar o modo GPIO
  260 00000050 4856            LDR              R0, =GPIO_PORTM_PCTL_R ;Carrega
                                                             o R0 com o enderec
                                                            o do PCTL para a po



ARM Macro Assembler    Page 12 


                                                            rta generica
  261 00000052 6001            STR              R1, [R0]    ;Guarda no registra
                                                            dor PCTL da porta g
                                                            enerica da memoria
  262 00000054 4856            LDR              R0, =GPIO_PORTK_PCTL_R ;Carrega
                                                             o R0 com o enderec
                                                            o do PCTL para a po
                                                            rta generica
  263 00000056 6001            STR              R1, [R0]    ;Guarda no registra
                                                            dor PCTL da porta g
                                                            enerica da memoria
  264 00000058 4856            LDR              R0, =GPIO_PORTJ_AHB_PCTL_R ;Car
                                                            rega o R0 com o end
                                                            ereco do PCTL para 
                                                            a porta generica
  265 0000005A 6001            STR              R1, [R0]    ;Guarda no registra
                                                            dor PCTL da porta g
                                                            enerica da memoria
  266 0000005C 4856            LDR              R0, =GPIO_PORTL_PCTL_R ;Carrega
                                                             o R0 com o enderec
                                                            o do PCTL para a po
                                                            rta generica
  267 0000005E 6001            STR              R1, [R0]    ;Guarda no registra
                                                            dor PCTL da porta g
                                                            enerica da memoria
  268 00000060 4856            LDR              R0, =GPIO_PORTH_AHB_PCTL_R ;Car
                                                            rega o R0 com o end
                                                            ereco do PCTL para 
                                                            a porta generica
  269 00000062 6001            STR              R1, [R0]    ;Guarda no registra
                                                            dor PCTL da porta g
                                                            enerica da memoria
  270 00000064         
  271 00000064         ; 4. DIR para 0 se for entrada, 1 se for saida
  272 00000064 4856            LDR              R0, =GPIO_PORTK_DIR_R ;Carrega 
                                                            o R0 com o endereco
                                                             do DIR para a port
                                                            a generica
  273 00000066 F04F 01FF       MOV              R1, #2_11111111 ;PK0-PK7 para D
                                                            ados do LCD
  274 0000006A 6001            STR              R1, [R0]    ;Guarda no registra
                                                            dor
  275 0000006C         
  276 0000006C 4855            LDR              R0, =GPIO_PORTM_DIR_R ;Carrega 
                                                            o R0 com o endereco
                                                             do DIR para a port
                                                            a generica
  277 0000006E F04F 01F7       MOV              R1, #2_11110111 ;PM0-PM2 para s
                                                            aida de controle do
                                                             LCD e PM4-PM7 para
                                                             entrada do teclado
                                                            
  278 00000072 6001            STR              R1, [R0]    ;Guarda no registra
                                                            dor PCTL da porta g
                                                            enerica da memoria
  279 00000074         
  280 00000074 4854            LDR              R0, =GPIO_PORTL_DIR_R ;Carrega 
                                                            o R0 com o endereco
                                                             do DIR para a port



ARM Macro Assembler    Page 13 


                                                            a generica
  281 00000076 F04F 0100       MOV              R1, #2_00000000 ;PL0-PL3 para e
                                                            ntrada do teclado
  282 0000007A 6001            STR              R1, [R0]    ;Guarda no registra
                                                            dor
  283 0000007C         
  284 0000007C 4853            LDR              R0, =GPIO_PORTJ_AHB_DIR_R ;Carr
                                                            ega o R0 com o ende
                                                            reco do DIR para a 
                                                            porta generica
  285 0000007E F04F 0100       MOV              R1, #2_00000000 ;PJ0 e PJ1 para
                                                             entrada USR_SW1, U
                                                            SR_SW2
  286 00000082 6001            STR              R1, [R0]    ;Guarda no registra
                                                            dor PCTL da porta g
                                                            enerica da memoria
  287 00000084         
  288 00000084 4852            LDR              R0, =GPIO_PORTH_AHB_DIR_R ;Carr
                                                            ega o R0 com o ende
                                                            reco do DIR para a 
                                                            porta generica
  289 00000086 F04F 010F       MOV              R1, #2_00001111 ;PH0-PH3 para s
                                                            aída do motor
  290 0000008A 6001            STR              R1, [R0]    ;Guarda no registra
                                                            dor PCTL da porta g
                                                            enerica da memoria
  291 0000008C         
  292 0000008C         ; 5. Limpar os bits AFSEL para 0 para selecionar GPIO 
  293 0000008C         ;    Sem funcao alternativa
  294 0000008C F04F 0100       MOV              R1, #0x00   ;Colocar o valor 0 
                                                            para nao setar func
                                                            ao alternativa
  295 00000090 4850            LDR              R0, =GPIO_PORTK_AFSEL_R ;Carreg
                                                            a o endereco do AFS
                                                            EL da porta generic
                                                            a
  296 00000092 6001            STR              R1, [R0]    ;Escreve na porta
  297 00000094 4850            LDR              R0, =GPIO_PORTM_AFSEL_R ;Carreg
                                                            a o endereco do AFS
                                                            EL da porta generic
                                                            a
  298 00000096 6001            STR              R1, [R0]    ;Escreve na porta
  299 00000098 4850            LDR              R0, =GPIO_PORTJ_AHB_AFSEL_R ;Ca
                                                            rrega o endereco do
                                                             AFSEL da porta gen
                                                            erica
  300 0000009A 6001            STR              R1, [R0]    ;Escreve na porta
  301 0000009C 4850            LDR              R0, =GPIO_PORTL_AFSEL_R ;Carreg
                                                            a o endereco do AFS
                                                            EL da porta generic
                                                            a
  302 0000009E 6001            STR              R1, [R0]    ;Escreve na porta
  303 000000A0 4850            LDR              R0, =GPIO_PORTH_AHB_AFSEL_R ;Ca
                                                            rrega o endereco do
                                                             AFSEL da porta gen
                                                            erica
  304 000000A2 6001            STR              R1, [R0]    ;Escreve na porta
  305 000000A4         
  306 000000A4         ; 6. Setar os bits de DEN para habilitar I/O digital



ARM Macro Assembler    Page 14 


  307 000000A4 4850            LDR              R0, =GPIO_PORTK_DEN_R ;Carrega 
                                                            o endereco do DEN
  308 000000A6 F04F 01FF       MOV              R1, #2_11111111 ;Ativa os pinos
                                                             PK0-PK7 como I/O D
                                                            igital
  309 000000AA 6001            STR              R1, [R0]    ;Escreve no registr
                                                            ador da memoria fun
                                                            cionalidade digital
                                                             
  310 000000AC         
  311 000000AC 484F            LDR              R0, =GPIO_PORTM_DEN_R ;Carrega 
                                                            o endereco do DEN
  312 000000AE F04F 01F7       MOV              R1, #2_11110111 ;Ativa os pinos
                                                             PM0-PM2 como I/O D
                                                            igital e PM4-PM7 co
                                                            mo I/O Digital  
  313 000000B2 6001            STR              R1, [R0]    ;Escreve no registr
                                                            ador da memoria fun
                                                            cionalidade digital
                                                            
  314 000000B4         
  315 000000B4 484E            LDR              R0, =GPIO_PORTL_DEN_R ;Carrega 
                                                            o endereco do DEN
  316 000000B6 F04F 010F       MOV              R1, #2_00001111 ;Ativa os pinos
                                                             PL0-PL3 como I/O D
                                                            igital
  317 000000BA 6001            STR              R1, [R0]    ;Escreve no registr
                                                            ador da memoria fun
                                                            cionalidade digital
                                                            
  318 000000BC         
  319 000000BC 484D            LDR              R0, =GPIO_PORTJ_AHB_DEN_R ; Car
                                                            rega o endereco do 
                                                            DEN para a porta J
  320 000000BE F04F 0103       MOV              R1, #2_00000011 ; Ativa a PJ0 e
                                                             PJ1 para ser digit
                                                            al
  321 000000C2 6001            STR              R1, [R0]    ; Seta o bit digita
                                                            l para PJ0 e PJ1
  322 000000C4         
  323 000000C4 484C            LDR              R0, =GPIO_PORTH_AHB_DEN_R ; Car
                                                            rega o endereco do 
                                                            DEN para a porta J
  324 000000C6 F04F 010F       MOV              R1, #2_00001111 ; Ativa a PH0-P
                                                            H3 para ser digital
                                                            
  325 000000CA 6001            STR              R1, [R0]    ; Seta o bit digita
                                                            l para PH0-PH3
  326 000000CC         
  327 000000CC         ; 7. Para habilitar resistor de pull-down/pull-up intern
                       o, setar PDR para 1
  328 000000CC 484B            LDR              R0, =GPIO_PORTL_PDR_R ;Carrega 
                                                            o endereco do PDR p
                                                            ara a porta generic
                                                            a
  329 000000CE F04F 010F       MOV              R1, #2_00001111 ;Habilitar func
                                                            ionalidade digital 
                                                            de resistor de pull
                                                            -down nos bits 0 e 



ARM Macro Assembler    Page 15 


                                                            1
  330 000000D2 6001            STR              R1, [R0]    ;Escreve no registr
                                                            ador da memoria do 
                                                            resistor de pull-do
                                                            wn
  331 000000D4         
  332 000000D4 484A            LDR              R0, =GPIO_PORTJ_AHB_PUR_R ; Car
                                                            rega o endereco do 
                                                            PUR para a porta J
  333 000000D6 F04F 0103       MOV              R1, #2_00000011 ; Seta o bit do
                                                             PJ0 e PJ1 para uti
                                                            lizar o PUR
  334 000000DA 6001            STR              R1, [R0]    ; Salva o bit setad
                                                            o no PUR da porta J
                                                             
  335 000000DC         
  336 000000DC 4848            LDR              R0, =GPIO_PORTJ_AHB_PUR_R ; Car
                                                            rega o endereco do 
                                                            PUR para a porta J
  337 000000DE F04F 010F       MOV              R1, #2_00001111 ; Seta o bit de
                                                             PH0-PH3 para utili
                                                            zar o PDR
  338 000000E2 6001            STR              R1, [R0]    ; Salva o bit setad
                                                            o no PDR da porta H
                                                            
  339 000000E4         
  340 000000E4         ;retorno            
  341 000000E4 4770            BX               LR
  342 000000E6         
  343 000000E6         ; ------------------------------------------------------
                       -------------------------
  344 000000E6         ; Funcao LCD_Init
  345 000000E6         LCD_Init
  346 000000E6         ; 
  347 000000E6 B500            PUSH             {LR}
  348 000000E8 4846            LDR              R0, =GPIO_PORTK_DATA_R
  349 000000EA F04F 0138       MOV              R1, #0x38
  350 000000EE 6001            STR              R1, [R0]
  351 000000F0         
  352 000000F0 4845            LDR              R0, =GPIO_PORTM_DATA_R
  353 000000F2 F04F 0104       MOV              R1, #0x04
  354 000000F6 6001            STR              R1, [R0]
  355 000000F8         
  356 000000F8 F04F 000F       LDR              R0, =15
  357 000000FC F7FF FFFE       BL               SysTick_Wait1us
  358 00000100         
  359 00000100 4841            LDR              R0, =GPIO_PORTM_DATA_R
  360 00000102 F04F 0100       MOV              R1, #0x00
  361 00000106 6001            STR              R1, [R0]
  362 00000108         
  363 00000108 F04F 002D       LDR              R0, =45
  364 0000010C F7FF FFFE       BL               SysTick_Wait1us
  365 00000110         
  366 00000110         ; 
  367 00000110 483C            LDR              R0, =GPIO_PORTK_DATA_R
  368 00000112 F04F 0106       MOV              R1, #0x06
  369 00000116 6001            STR              R1, [R0]
  370 00000118         
  371 00000118 483B            LDR              R0, =GPIO_PORTM_DATA_R



ARM Macro Assembler    Page 16 


  372 0000011A F04F 0104       MOV              R1, #0x04
  373 0000011E 6001            STR              R1, [R0]
  374 00000120         
  375 00000120 F04F 000F       LDR              R0, =15
  376 00000124 F7FF FFFE       BL               SysTick_Wait1us
  377 00000128         
  378 00000128 4837            LDR              R0, =GPIO_PORTM_DATA_R
  379 0000012A F04F 0100       MOV              R1, #0x00
  380 0000012E 6001            STR              R1, [R0]
  381 00000130         
  382 00000130 F04F 002D       LDR              R0, =45
  383 00000134 F7FF FFFE       BL               SysTick_Wait1us
  384 00000138         
  385 00000138         ; 
  386 00000138 4832            LDR              R0, =GPIO_PORTK_DATA_R
  387 0000013A F04F 010E       MOV              R1, #0x0E
  388 0000013E 6001            STR              R1, [R0]
  389 00000140         
  390 00000140 4831            LDR              R0, =GPIO_PORTM_DATA_R
  391 00000142 F04F 0104       MOV              R1, #0x04
  392 00000146 6001            STR              R1, [R0]
  393 00000148         
  394 00000148 F04F 000F       LDR              R0, =15
  395 0000014C F7FF FFFE       BL               SysTick_Wait1us
  396 00000150         
  397 00000150 482D            LDR              R0, =GPIO_PORTM_DATA_R
  398 00000152 F04F 0100       MOV              R1, #0x00
  399 00000156 6001            STR              R1, [R0]
  400 00000158         
  401 00000158 F04F 002D       LDR              R0, =45
  402 0000015C F7FF FFFE       BL               SysTick_Wait1us
  403 00000160         
  404 00000160         ; 
  405 00000160 4828            LDR              R0, =GPIO_PORTK_DATA_R
  406 00000162 F04F 0101       MOV              R1, #0x01
  407 00000166 6001            STR              R1, [R0]
  408 00000168         
  409 00000168 4827            LDR              R0, =GPIO_PORTM_DATA_R
  410 0000016A F04F 0104       MOV              R1, #0x04
  411 0000016E 6001            STR              R1, [R0]
  412 00000170         
  413 00000170 F04F 000F       LDR              R0, =15
  414 00000174 F7FF FFFE       BL               SysTick_Wait1us
  415 00000178         
  416 00000178 4823            LDR              R0, =GPIO_PORTM_DATA_R
  417 0000017A F04F 0100       MOV              R1, #0x00
  418 0000017E 6001            STR              R1, [R0]
  419 00000180         
  420 00000180 F04F 0005       LDR              R0, =5
  421 00000184 F7FF FFFE       BL               SysTick_Wait1us
  422 00000188         
  423 00000188 F85D EB04       POP              {LR}
  424 0000018C 4770            BX               LR          ;Retorno
  425 0000018E         
  426 0000018E         ;-------------------------------------------------------
                       --------------------------------------
  427 0000018E 00 00           ALIGN                        ; garante que o fim
                                                             da secaoo esta ali
                                                            nhada 



ARM Macro Assembler    Page 17 


  428 00000190                 END                          ; fim do arquivo
              400FE608 
              400FEA08 
              40063528 
              40061528 
              40060528 
              40062528 
              4005F528 
              4006352C 
              4006152C 
              4006052C 
              4006252C 
              4005F52C 
              40061400 
              40063400 
              40062400 
              40060400 
              4005F400 
              40061420 
              40063420 
              40060420 
              40062420 
              4005F420 
              4006151C 
              4006351C 
              4006251C 
              4006051C 
              4005F51C 
              40062514 
              40060510 
              400613FC 
              400633FC 
Command Line: --debug --xref --diag_suppress=9931,A1950W --cpu=Cortex-M4.fp.sp 
--depend=.\objects\gpio.d -o.\objects\gpio.o -IC:\Users\jhony\AppData\Local\Arm
\Packs\Keil\TM4C_DFP\1.1.0\Device\Include\TM4C129 --predefine="__EVAL SETA 1" -
-predefine="__UVISION_VERSION SETA 541" --predefine="TM4C1294NCPDT SETA 1" --li
st=.\listings\gpio.lst gpio.s



ARM Macro Assembler    Page 1 Alphabetic symbol ordering
Relocatable symbols

.text 00000000

Symbol: .text
   Definitions
      At line 206 in file gpio.s
   Uses
      None
Comment: .text unused
EsperaGPIO 0000001A

Symbol: EsperaGPIO
   Definitions
      At line 235 in file gpio.s
   Uses
      At line 243 in file gpio.s
Comment: EsperaGPIO used once
GPIO_Init 00000000

Symbol: GPIO_Init
   Definitions
      At line 221 in file gpio.s
   Uses
      At line 209 in file gpio.s
Comment: GPIO_Init used once
LCD_Init 000000E6

Symbol: LCD_Init
   Definitions
      At line 345 in file gpio.s
   Uses
      At line 210 in file gpio.s
Comment: LCD_Init used once
4 symbols



ARM Macro Assembler    Page 1 Alphabetic symbol ordering
Absolute symbols

GPIO_PORTA 00000001

Symbol: GPIO_PORTA
   Definitions
      At line 27 in file gpio.s
   Uses
      None
Comment: GPIO_PORTA unused
GPIO_PORTA_AHB_AFSEL_R 40058420

Symbol: GPIO_PORTA_AHB_AFSEL_R
   Definitions
      At line 23 in file gpio.s
   Uses
      None
Comment: GPIO_PORTA_AHB_AFSEL_R unused
GPIO_PORTA_AHB_AMSEL_R 40058528

Symbol: GPIO_PORTA_AHB_AMSEL_R
   Definitions
      At line 20 in file gpio.s
   Uses
      None
Comment: GPIO_PORTA_AHB_AMSEL_R unused
GPIO_PORTA_AHB_CR_R 40058524

Symbol: GPIO_PORTA_AHB_CR_R
   Definitions
      At line 19 in file gpio.s
   Uses
      None
Comment: GPIO_PORTA_AHB_CR_R unused
GPIO_PORTA_AHB_DATA_R 400583FC

Symbol: GPIO_PORTA_AHB_DATA_R
   Definitions
      At line 26 in file gpio.s
   Uses
      None
Comment: GPIO_PORTA_AHB_DATA_R unused
GPIO_PORTA_AHB_DEN_R 4005851C

Symbol: GPIO_PORTA_AHB_DEN_R
   Definitions
      At line 24 in file gpio.s
   Uses
      None
Comment: GPIO_PORTA_AHB_DEN_R unused
GPIO_PORTA_AHB_DIR_R 40058400

Symbol: GPIO_PORTA_AHB_DIR_R
   Definitions
      At line 22 in file gpio.s
   Uses
      None
Comment: GPIO_PORTA_AHB_DIR_R unused
GPIO_PORTA_AHB_LOCK_R 40058520

Symbol: GPIO_PORTA_AHB_LOCK_R



ARM Macro Assembler    Page 2 Alphabetic symbol ordering
Absolute symbols

   Definitions
      At line 18 in file gpio.s
   Uses
      None
Comment: GPIO_PORTA_AHB_LOCK_R unused
GPIO_PORTA_AHB_PCTL_R 4005852C

Symbol: GPIO_PORTA_AHB_PCTL_R
   Definitions
      At line 21 in file gpio.s
   Uses
      None
Comment: GPIO_PORTA_AHB_PCTL_R unused
GPIO_PORTA_AHB_PUR_R 40058510

Symbol: GPIO_PORTA_AHB_PUR_R
   Definitions
      At line 25 in file gpio.s
   Uses
      None
Comment: GPIO_PORTA_AHB_PUR_R unused
GPIO_PORTB 00000002

Symbol: GPIO_PORTB
   Definitions
      At line 39 in file gpio.s
   Uses
      None
Comment: GPIO_PORTB unused
GPIO_PORTB_AHB_AFSEL_R 40059420

Symbol: GPIO_PORTB_AHB_AFSEL_R
   Definitions
      At line 32 in file gpio.s
   Uses
      None
Comment: GPIO_PORTB_AHB_AFSEL_R unused
GPIO_PORTB_AHB_AMSEL_R 40059528

Symbol: GPIO_PORTB_AHB_AMSEL_R
   Definitions
      At line 37 in file gpio.s
   Uses
      None
Comment: GPIO_PORTB_AHB_AMSEL_R unused
GPIO_PORTB_AHB_CR_R 40059524

Symbol: GPIO_PORTB_AHB_CR_R
   Definitions
      At line 36 in file gpio.s
   Uses
      None
Comment: GPIO_PORTB_AHB_CR_R unused
GPIO_PORTB_AHB_DATA_R 400593FC

Symbol: GPIO_PORTB_AHB_DATA_R
   Definitions
      At line 30 in file gpio.s
   Uses



ARM Macro Assembler    Page 3 Alphabetic symbol ordering
Absolute symbols

      None
Comment: GPIO_PORTB_AHB_DATA_R unused
GPIO_PORTB_AHB_DEN_R 4005951C

Symbol: GPIO_PORTB_AHB_DEN_R
   Definitions
      At line 34 in file gpio.s
   Uses
      None
Comment: GPIO_PORTB_AHB_DEN_R unused
GPIO_PORTB_AHB_DIR_R 40059400

Symbol: GPIO_PORTB_AHB_DIR_R
   Definitions
      At line 31 in file gpio.s
   Uses
      None
Comment: GPIO_PORTB_AHB_DIR_R unused
GPIO_PORTB_AHB_LOCK_R 40059520

Symbol: GPIO_PORTB_AHB_LOCK_R
   Definitions
      At line 35 in file gpio.s
   Uses
      None
Comment: GPIO_PORTB_AHB_LOCK_R unused
GPIO_PORTB_AHB_PCTL_R 4005952C

Symbol: GPIO_PORTB_AHB_PCTL_R
   Definitions
      At line 38 in file gpio.s
   Uses
      None
Comment: GPIO_PORTB_AHB_PCTL_R unused
GPIO_PORTB_AHB_PUR_R 40059510

Symbol: GPIO_PORTB_AHB_PUR_R
   Definitions
      At line 33 in file gpio.s
   Uses
      None
Comment: GPIO_PORTB_AHB_PUR_R unused
GPIO_PORTC 00000004

Symbol: GPIO_PORTC
   Definitions
      At line 51 in file gpio.s
   Uses
      None
Comment: GPIO_PORTC unused
GPIO_PORTC_AHB_AFSEL_R 4005A420

Symbol: GPIO_PORTC_AHB_AFSEL_R
   Definitions
      At line 44 in file gpio.s
   Uses
      None
Comment: GPIO_PORTC_AHB_AFSEL_R unused
GPIO_PORTC_AHB_AMSEL_R 4005A528



ARM Macro Assembler    Page 4 Alphabetic symbol ordering
Absolute symbols


Symbol: GPIO_PORTC_AHB_AMSEL_R
   Definitions
      At line 49 in file gpio.s
   Uses
      None
Comment: GPIO_PORTC_AHB_AMSEL_R unused
GPIO_PORTC_AHB_CR_R 4005A524

Symbol: GPIO_PORTC_AHB_CR_R
   Definitions
      At line 48 in file gpio.s
   Uses
      None
Comment: GPIO_PORTC_AHB_CR_R unused
GPIO_PORTC_AHB_DATA_R 4005A3FC

Symbol: GPIO_PORTC_AHB_DATA_R
   Definitions
      At line 42 in file gpio.s
   Uses
      None
Comment: GPIO_PORTC_AHB_DATA_R unused
GPIO_PORTC_AHB_DEN_R 4005A51C

Symbol: GPIO_PORTC_AHB_DEN_R
   Definitions
      At line 46 in file gpio.s
   Uses
      None
Comment: GPIO_PORTC_AHB_DEN_R unused
GPIO_PORTC_AHB_DIR_R 4005A400

Symbol: GPIO_PORTC_AHB_DIR_R
   Definitions
      At line 43 in file gpio.s
   Uses
      None
Comment: GPIO_PORTC_AHB_DIR_R unused
GPIO_PORTC_AHB_LOCK_R 4005A520

Symbol: GPIO_PORTC_AHB_LOCK_R
   Definitions
      At line 47 in file gpio.s
   Uses
      None
Comment: GPIO_PORTC_AHB_LOCK_R unused
GPIO_PORTC_AHB_PCTL_R 4005A52C

Symbol: GPIO_PORTC_AHB_PCTL_R
   Definitions
      At line 50 in file gpio.s
   Uses
      None
Comment: GPIO_PORTC_AHB_PCTL_R unused
GPIO_PORTC_AHB_PUR_R 4005A510

Symbol: GPIO_PORTC_AHB_PUR_R
   Definitions



ARM Macro Assembler    Page 5 Alphabetic symbol ordering
Absolute symbols

      At line 45 in file gpio.s
   Uses
      None
Comment: GPIO_PORTC_AHB_PUR_R unused
GPIO_PORTD 00000008

Symbol: GPIO_PORTD
   Definitions
      At line 63 in file gpio.s
   Uses
      None
Comment: GPIO_PORTD unused
GPIO_PORTD_AHB_AFSEL_R 4005B420

Symbol: GPIO_PORTD_AHB_AFSEL_R
   Definitions
      At line 56 in file gpio.s
   Uses
      None
Comment: GPIO_PORTD_AHB_AFSEL_R unused
GPIO_PORTD_AHB_AMSEL_R 4005B528

Symbol: GPIO_PORTD_AHB_AMSEL_R
   Definitions
      At line 61 in file gpio.s
   Uses
      None
Comment: GPIO_PORTD_AHB_AMSEL_R unused
GPIO_PORTD_AHB_CR_R 4005B524

Symbol: GPIO_PORTD_AHB_CR_R
   Definitions
      At line 60 in file gpio.s
   Uses
      None
Comment: GPIO_PORTD_AHB_CR_R unused
GPIO_PORTD_AHB_DATA_R 4005B3FC

Symbol: GPIO_PORTD_AHB_DATA_R
   Definitions
      At line 54 in file gpio.s
   Uses
      None
Comment: GPIO_PORTD_AHB_DATA_R unused
GPIO_PORTD_AHB_DEN_R 4005B51C

Symbol: GPIO_PORTD_AHB_DEN_R
   Definitions
      At line 58 in file gpio.s
   Uses
      None
Comment: GPIO_PORTD_AHB_DEN_R unused
GPIO_PORTD_AHB_DIR_R 4005B400

Symbol: GPIO_PORTD_AHB_DIR_R
   Definitions
      At line 55 in file gpio.s
   Uses
      None



ARM Macro Assembler    Page 6 Alphabetic symbol ordering
Absolute symbols

Comment: GPIO_PORTD_AHB_DIR_R unused
GPIO_PORTD_AHB_LOCK_R 4005B520

Symbol: GPIO_PORTD_AHB_LOCK_R
   Definitions
      At line 59 in file gpio.s
   Uses
      None
Comment: GPIO_PORTD_AHB_LOCK_R unused
GPIO_PORTD_AHB_PCTL_R 4005B52C

Symbol: GPIO_PORTD_AHB_PCTL_R
   Definitions
      At line 62 in file gpio.s
   Uses
      None
Comment: GPIO_PORTD_AHB_PCTL_R unused
GPIO_PORTD_AHB_PUR_R 4005B510

Symbol: GPIO_PORTD_AHB_PUR_R
   Definitions
      At line 57 in file gpio.s
   Uses
      None
Comment: GPIO_PORTD_AHB_PUR_R unused
GPIO_PORTE 00000010

Symbol: GPIO_PORTE
   Definitions
      At line 75 in file gpio.s
   Uses
      None
Comment: GPIO_PORTE unused
GPIO_PORTE_AHB_AFSEL_R 4005C420

Symbol: GPIO_PORTE_AHB_AFSEL_R
   Definitions
      At line 68 in file gpio.s
   Uses
      None
Comment: GPIO_PORTE_AHB_AFSEL_R unused
GPIO_PORTE_AHB_AMSEL_R 4005C528

Symbol: GPIO_PORTE_AHB_AMSEL_R
   Definitions
      At line 73 in file gpio.s
   Uses
      None
Comment: GPIO_PORTE_AHB_AMSEL_R unused
GPIO_PORTE_AHB_CR_R 4005C524

Symbol: GPIO_PORTE_AHB_CR_R
   Definitions
      At line 72 in file gpio.s
   Uses
      None
Comment: GPIO_PORTE_AHB_CR_R unused
GPIO_PORTE_AHB_DATA_R 4005C3FC




ARM Macro Assembler    Page 7 Alphabetic symbol ordering
Absolute symbols

Symbol: GPIO_PORTE_AHB_DATA_R
   Definitions
      At line 66 in file gpio.s
   Uses
      None
Comment: GPIO_PORTE_AHB_DATA_R unused
GPIO_PORTE_AHB_DEN_R 4005C51C

Symbol: GPIO_PORTE_AHB_DEN_R
   Definitions
      At line 70 in file gpio.s
   Uses
      None
Comment: GPIO_PORTE_AHB_DEN_R unused
GPIO_PORTE_AHB_DIR_R 4005C400

Symbol: GPIO_PORTE_AHB_DIR_R
   Definitions
      At line 67 in file gpio.s
   Uses
      None
Comment: GPIO_PORTE_AHB_DIR_R unused
GPIO_PORTE_AHB_LOCK_R 4005C520

Symbol: GPIO_PORTE_AHB_LOCK_R
   Definitions
      At line 71 in file gpio.s
   Uses
      None
Comment: GPIO_PORTE_AHB_LOCK_R unused
GPIO_PORTE_AHB_PCTL_R 4005C52C

Symbol: GPIO_PORTE_AHB_PCTL_R
   Definitions
      At line 74 in file gpio.s
   Uses
      None
Comment: GPIO_PORTE_AHB_PCTL_R unused
GPIO_PORTE_AHB_PUR_R 4005C510

Symbol: GPIO_PORTE_AHB_PUR_R
   Definitions
      At line 69 in file gpio.s
   Uses
      None
Comment: GPIO_PORTE_AHB_PUR_R unused
GPIO_PORTF 00000020

Symbol: GPIO_PORTF
   Definitions
      At line 87 in file gpio.s
   Uses
      None
Comment: GPIO_PORTF unused
GPIO_PORTF_AHB_AFSEL_R 4005D420

Symbol: GPIO_PORTF_AHB_AFSEL_R
   Definitions
      At line 80 in file gpio.s



ARM Macro Assembler    Page 8 Alphabetic symbol ordering
Absolute symbols

   Uses
      None
Comment: GPIO_PORTF_AHB_AFSEL_R unused
GPIO_PORTF_AHB_AMSEL_R 4005D528

Symbol: GPIO_PORTF_AHB_AMSEL_R
   Definitions
      At line 85 in file gpio.s
   Uses
      None
Comment: GPIO_PORTF_AHB_AMSEL_R unused
GPIO_PORTF_AHB_CR_R 4005D524

Symbol: GPIO_PORTF_AHB_CR_R
   Definitions
      At line 84 in file gpio.s
   Uses
      None
Comment: GPIO_PORTF_AHB_CR_R unused
GPIO_PORTF_AHB_DATA_R 4005D3FC

Symbol: GPIO_PORTF_AHB_DATA_R
   Definitions
      At line 78 in file gpio.s
   Uses
      None
Comment: GPIO_PORTF_AHB_DATA_R unused
GPIO_PORTF_AHB_DEN_R 4005D51C

Symbol: GPIO_PORTF_AHB_DEN_R
   Definitions
      At line 82 in file gpio.s
   Uses
      None
Comment: GPIO_PORTF_AHB_DEN_R unused
GPIO_PORTF_AHB_DIR_R 4005D400

Symbol: GPIO_PORTF_AHB_DIR_R
   Definitions
      At line 79 in file gpio.s
   Uses
      None
Comment: GPIO_PORTF_AHB_DIR_R unused
GPIO_PORTF_AHB_LOCK_R 4005D520

Symbol: GPIO_PORTF_AHB_LOCK_R
   Definitions
      At line 83 in file gpio.s
   Uses
      None
Comment: GPIO_PORTF_AHB_LOCK_R unused
GPIO_PORTF_AHB_PCTL_R 4005D52C

Symbol: GPIO_PORTF_AHB_PCTL_R
   Definitions
      At line 86 in file gpio.s
   Uses
      None
Comment: GPIO_PORTF_AHB_PCTL_R unused



ARM Macro Assembler    Page 9 Alphabetic symbol ordering
Absolute symbols

GPIO_PORTF_AHB_PUR_R 4005D510

Symbol: GPIO_PORTF_AHB_PUR_R
   Definitions
      At line 81 in file gpio.s
   Uses
      None
Comment: GPIO_PORTF_AHB_PUR_R unused
GPIO_PORTG 00000040

Symbol: GPIO_PORTG
   Definitions
      At line 99 in file gpio.s
   Uses
      None
Comment: GPIO_PORTG unused
GPIO_PORTG_AHB_AFSEL_R 4005E420

Symbol: GPIO_PORTG_AHB_AFSEL_R
   Definitions
      At line 92 in file gpio.s
   Uses
      None
Comment: GPIO_PORTG_AHB_AFSEL_R unused
GPIO_PORTG_AHB_AMSEL_R 4005E528

Symbol: GPIO_PORTG_AHB_AMSEL_R
   Definitions
      At line 97 in file gpio.s
   Uses
      None
Comment: GPIO_PORTG_AHB_AMSEL_R unused
GPIO_PORTG_AHB_CR_R 4005E524

Symbol: GPIO_PORTG_AHB_CR_R
   Definitions
      At line 96 in file gpio.s
   Uses
      None
Comment: GPIO_PORTG_AHB_CR_R unused
GPIO_PORTG_AHB_DATA_R 4005E3FC

Symbol: GPIO_PORTG_AHB_DATA_R
   Definitions
      At line 90 in file gpio.s
   Uses
      None
Comment: GPIO_PORTG_AHB_DATA_R unused
GPIO_PORTG_AHB_DEN_R 4005E51C

Symbol: GPIO_PORTG_AHB_DEN_R
   Definitions
      At line 94 in file gpio.s
   Uses
      None
Comment: GPIO_PORTG_AHB_DEN_R unused
GPIO_PORTG_AHB_DIR_R 4005E400

Symbol: GPIO_PORTG_AHB_DIR_R



ARM Macro Assembler    Page 10 Alphabetic symbol ordering
Absolute symbols

   Definitions
      At line 91 in file gpio.s
   Uses
      None
Comment: GPIO_PORTG_AHB_DIR_R unused
GPIO_PORTG_AHB_LOCK_R 4005E520

Symbol: GPIO_PORTG_AHB_LOCK_R
   Definitions
      At line 95 in file gpio.s
   Uses
      None
Comment: GPIO_PORTG_AHB_LOCK_R unused
GPIO_PORTG_AHB_PCTL_R 4005E52C

Symbol: GPIO_PORTG_AHB_PCTL_R
   Definitions
      At line 98 in file gpio.s
   Uses
      None
Comment: GPIO_PORTG_AHB_PCTL_R unused
GPIO_PORTG_AHB_PUR_R 4005E510

Symbol: GPIO_PORTG_AHB_PUR_R
   Definitions
      At line 93 in file gpio.s
   Uses
      None
Comment: GPIO_PORTG_AHB_PUR_R unused
GPIO_PORTH 00000080

Symbol: GPIO_PORTH
   Definitions
      At line 111 in file gpio.s
   Uses
      At line 231 in file gpio.s
      At line 241 in file gpio.s

GPIO_PORTH_AHB_AFSEL_R 4005F420

Symbol: GPIO_PORTH_AHB_AFSEL_R
   Definitions
      At line 104 in file gpio.s
   Uses
      At line 303 in file gpio.s
Comment: GPIO_PORTH_AHB_AFSEL_R used once
GPIO_PORTH_AHB_AMSEL_R 4005F528

Symbol: GPIO_PORTH_AHB_AMSEL_R
   Definitions
      At line 109 in file gpio.s
   Uses
      At line 255 in file gpio.s
Comment: GPIO_PORTH_AHB_AMSEL_R used once
GPIO_PORTH_AHB_CR_R 4005F524

Symbol: GPIO_PORTH_AHB_CR_R
   Definitions
      At line 108 in file gpio.s



ARM Macro Assembler    Page 11 Alphabetic symbol ordering
Absolute symbols

   Uses
      None
Comment: GPIO_PORTH_AHB_CR_R unused
GPIO_PORTH_AHB_DATA_R 4005F3FC

Symbol: GPIO_PORTH_AHB_DATA_R
   Definitions
      At line 102 in file gpio.s
   Uses
      None
Comment: GPIO_PORTH_AHB_DATA_R unused
GPIO_PORTH_AHB_DEN_R 4005F51C

Symbol: GPIO_PORTH_AHB_DEN_R
   Definitions
      At line 106 in file gpio.s
   Uses
      At line 323 in file gpio.s
Comment: GPIO_PORTH_AHB_DEN_R used once
GPIO_PORTH_AHB_DIR_R 4005F400

Symbol: GPIO_PORTH_AHB_DIR_R
   Definitions
      At line 103 in file gpio.s
   Uses
      At line 288 in file gpio.s
Comment: GPIO_PORTH_AHB_DIR_R used once
GPIO_PORTH_AHB_LOCK_R 4005F520

Symbol: GPIO_PORTH_AHB_LOCK_R
   Definitions
      At line 107 in file gpio.s
   Uses
      None
Comment: GPIO_PORTH_AHB_LOCK_R unused
GPIO_PORTH_AHB_PCTL_R 4005F52C

Symbol: GPIO_PORTH_AHB_PCTL_R
   Definitions
      At line 110 in file gpio.s
   Uses
      At line 268 in file gpio.s
Comment: GPIO_PORTH_AHB_PCTL_R used once
GPIO_PORTH_AHB_PUR_R 4005F510

Symbol: GPIO_PORTH_AHB_PUR_R
   Definitions
      At line 105 in file gpio.s
   Uses
      None
Comment: GPIO_PORTH_AHB_PUR_R unused
GPIO_PORTJ 00000100

Symbol: GPIO_PORTJ
   Definitions
      At line 123 in file gpio.s
   Uses
      At line 229 in file gpio.s
      At line 239 in file gpio.s



ARM Macro Assembler    Page 12 Alphabetic symbol ordering
Absolute symbols


GPIO_PORTJ_AHB_AFSEL_R 40060420

Symbol: GPIO_PORTJ_AHB_AFSEL_R
   Definitions
      At line 116 in file gpio.s
   Uses
      At line 299 in file gpio.s
Comment: GPIO_PORTJ_AHB_AFSEL_R used once
GPIO_PORTJ_AHB_AMSEL_R 40060528

Symbol: GPIO_PORTJ_AHB_AMSEL_R
   Definitions
      At line 121 in file gpio.s
   Uses
      At line 251 in file gpio.s
Comment: GPIO_PORTJ_AHB_AMSEL_R used once
GPIO_PORTJ_AHB_CR_R 40060524

Symbol: GPIO_PORTJ_AHB_CR_R
   Definitions
      At line 120 in file gpio.s
   Uses
      None
Comment: GPIO_PORTJ_AHB_CR_R unused
GPIO_PORTJ_AHB_DATA_R 400603FC

Symbol: GPIO_PORTJ_AHB_DATA_R
   Definitions
      At line 114 in file gpio.s
   Uses
      None
Comment: GPIO_PORTJ_AHB_DATA_R unused
GPIO_PORTJ_AHB_DEN_R 4006051C

Symbol: GPIO_PORTJ_AHB_DEN_R
   Definitions
      At line 118 in file gpio.s
   Uses
      At line 319 in file gpio.s
Comment: GPIO_PORTJ_AHB_DEN_R used once
GPIO_PORTJ_AHB_DIR_R 40060400

Symbol: GPIO_PORTJ_AHB_DIR_R
   Definitions
      At line 115 in file gpio.s
   Uses
      At line 284 in file gpio.s
Comment: GPIO_PORTJ_AHB_DIR_R used once
GPIO_PORTJ_AHB_LOCK_R 40060520

Symbol: GPIO_PORTJ_AHB_LOCK_R
   Definitions
      At line 119 in file gpio.s
   Uses
      None
Comment: GPIO_PORTJ_AHB_LOCK_R unused
GPIO_PORTJ_AHB_PCTL_R 4006052C




ARM Macro Assembler    Page 13 Alphabetic symbol ordering
Absolute symbols

Symbol: GPIO_PORTJ_AHB_PCTL_R
   Definitions
      At line 122 in file gpio.s
   Uses
      At line 264 in file gpio.s
Comment: GPIO_PORTJ_AHB_PCTL_R used once
GPIO_PORTJ_AHB_PUR_R 40060510

Symbol: GPIO_PORTJ_AHB_PUR_R
   Definitions
      At line 117 in file gpio.s
   Uses
      At line 332 in file gpio.s
      At line 336 in file gpio.s

GPIO_PORTK 00000200

Symbol: GPIO_PORTK
   Definitions
      At line 135 in file gpio.s
   Uses
      At line 228 in file gpio.s
      At line 238 in file gpio.s

GPIO_PORTK_AFSEL_R 40061420

Symbol: GPIO_PORTK_AFSEL_R
   Definitions
      At line 128 in file gpio.s
   Uses
      At line 295 in file gpio.s
Comment: GPIO_PORTK_AFSEL_R used once
GPIO_PORTK_AMSEL_R 40061528

Symbol: GPIO_PORTK_AMSEL_R
   Definitions
      At line 133 in file gpio.s
   Uses
      At line 249 in file gpio.s
Comment: GPIO_PORTK_AMSEL_R used once
GPIO_PORTK_CR_R 40061524

Symbol: GPIO_PORTK_CR_R
   Definitions
      At line 132 in file gpio.s
   Uses
      None
Comment: GPIO_PORTK_CR_R unused
GPIO_PORTK_DATA_R 400613FC

Symbol: GPIO_PORTK_DATA_R
   Definitions
      At line 126 in file gpio.s
   Uses
      At line 348 in file gpio.s
      At line 367 in file gpio.s
      At line 386 in file gpio.s
      At line 405 in file gpio.s




ARM Macro Assembler    Page 14 Alphabetic symbol ordering
Absolute symbols

GPIO_PORTK_DEN_R 4006151C

Symbol: GPIO_PORTK_DEN_R
   Definitions
      At line 130 in file gpio.s
   Uses
      At line 307 in file gpio.s
Comment: GPIO_PORTK_DEN_R used once
GPIO_PORTK_DIR_R 40061400

Symbol: GPIO_PORTK_DIR_R
   Definitions
      At line 127 in file gpio.s
   Uses
      At line 272 in file gpio.s
Comment: GPIO_PORTK_DIR_R used once
GPIO_PORTK_LOCK_R 40061520

Symbol: GPIO_PORTK_LOCK_R
   Definitions
      At line 131 in file gpio.s
   Uses
      None
Comment: GPIO_PORTK_LOCK_R unused
GPIO_PORTK_PCTL_R 4006152C

Symbol: GPIO_PORTK_PCTL_R
   Definitions
      At line 134 in file gpio.s
   Uses
      At line 262 in file gpio.s
Comment: GPIO_PORTK_PCTL_R used once
GPIO_PORTK_PUR_R 40061510

Symbol: GPIO_PORTK_PUR_R
   Definitions
      At line 129 in file gpio.s
   Uses
      None
Comment: GPIO_PORTK_PUR_R unused
GPIO_PORTL 00000400

Symbol: GPIO_PORTL
   Definitions
      At line 148 in file gpio.s
   Uses
      At line 230 in file gpio.s
      At line 240 in file gpio.s

GPIO_PORTL_AFSEL_R 40062420

Symbol: GPIO_PORTL_AFSEL_R
   Definitions
      At line 140 in file gpio.s
   Uses
      At line 301 in file gpio.s
Comment: GPIO_PORTL_AFSEL_R used once
GPIO_PORTL_AMSEL_R 40062528




ARM Macro Assembler    Page 15 Alphabetic symbol ordering
Absolute symbols

Symbol: GPIO_PORTL_AMSEL_R
   Definitions
      At line 146 in file gpio.s
   Uses
      At line 253 in file gpio.s
Comment: GPIO_PORTL_AMSEL_R used once
GPIO_PORTL_CR_R 40062524

Symbol: GPIO_PORTL_CR_R
   Definitions
      At line 145 in file gpio.s
   Uses
      None
Comment: GPIO_PORTL_CR_R unused
GPIO_PORTL_DATA_R 400623FC

Symbol: GPIO_PORTL_DATA_R
   Definitions
      At line 138 in file gpio.s
   Uses
      None
Comment: GPIO_PORTL_DATA_R unused
GPIO_PORTL_DEN_R 4006251C

Symbol: GPIO_PORTL_DEN_R
   Definitions
      At line 143 in file gpio.s
   Uses
      At line 315 in file gpio.s
Comment: GPIO_PORTL_DEN_R used once
GPIO_PORTL_DIR_R 40062400

Symbol: GPIO_PORTL_DIR_R
   Definitions
      At line 139 in file gpio.s
   Uses
      At line 280 in file gpio.s
Comment: GPIO_PORTL_DIR_R used once
GPIO_PORTL_LOCK_R 40062520

Symbol: GPIO_PORTL_LOCK_R
   Definitions
      At line 144 in file gpio.s
   Uses
      None
Comment: GPIO_PORTL_LOCK_R unused
GPIO_PORTL_PCTL_R 4006252C

Symbol: GPIO_PORTL_PCTL_R
   Definitions
      At line 147 in file gpio.s
   Uses
      At line 266 in file gpio.s
Comment: GPIO_PORTL_PCTL_R used once
GPIO_PORTL_PDR_R 40062514

Symbol: GPIO_PORTL_PDR_R
   Definitions
      At line 142 in file gpio.s



ARM Macro Assembler    Page 16 Alphabetic symbol ordering
Absolute symbols

   Uses
      At line 328 in file gpio.s
Comment: GPIO_PORTL_PDR_R used once
GPIO_PORTL_PUR_R 40062510

Symbol: GPIO_PORTL_PUR_R
   Definitions
      At line 141 in file gpio.s
   Uses
      None
Comment: GPIO_PORTL_PUR_R unused
GPIO_PORTM 00000800

Symbol: GPIO_PORTM
   Definitions
      At line 160 in file gpio.s
   Uses
      At line 227 in file gpio.s
      At line 237 in file gpio.s

GPIO_PORTM_AFSEL_R 40063420

Symbol: GPIO_PORTM_AFSEL_R
   Definitions
      At line 153 in file gpio.s
   Uses
      At line 297 in file gpio.s
Comment: GPIO_PORTM_AFSEL_R used once
GPIO_PORTM_AMSEL_R 40063528

Symbol: GPIO_PORTM_AMSEL_R
   Definitions
      At line 158 in file gpio.s
   Uses
      At line 247 in file gpio.s
Comment: GPIO_PORTM_AMSEL_R used once
GPIO_PORTM_CR_R 40063524

Symbol: GPIO_PORTM_CR_R
   Definitions
      At line 157 in file gpio.s
   Uses
      None
Comment: GPIO_PORTM_CR_R unused
GPIO_PORTM_DATA_R 400633FC

Symbol: GPIO_PORTM_DATA_R
   Definitions
      At line 151 in file gpio.s
   Uses
      At line 352 in file gpio.s
      At line 359 in file gpio.s
      At line 371 in file gpio.s
      At line 378 in file gpio.s
      At line 390 in file gpio.s
      At line 397 in file gpio.s
      At line 409 in file gpio.s
      At line 416 in file gpio.s




ARM Macro Assembler    Page 17 Alphabetic symbol ordering
Absolute symbols

GPIO_PORTM_DEN_R 4006351C

Symbol: GPIO_PORTM_DEN_R
   Definitions
      At line 155 in file gpio.s
   Uses
      At line 311 in file gpio.s
Comment: GPIO_PORTM_DEN_R used once
GPIO_PORTM_DIR_R 40063400

Symbol: GPIO_PORTM_DIR_R
   Definitions
      At line 152 in file gpio.s
   Uses
      At line 276 in file gpio.s
Comment: GPIO_PORTM_DIR_R used once
GPIO_PORTM_LOCK_R 40063520

Symbol: GPIO_PORTM_LOCK_R
   Definitions
      At line 156 in file gpio.s
   Uses
      None
Comment: GPIO_PORTM_LOCK_R unused
GPIO_PORTM_PCTL_R 4006352C

Symbol: GPIO_PORTM_PCTL_R
   Definitions
      At line 159 in file gpio.s
   Uses
      At line 260 in file gpio.s
Comment: GPIO_PORTM_PCTL_R used once
GPIO_PORTM_PUR_R 40063510

Symbol: GPIO_PORTM_PUR_R
   Definitions
      At line 154 in file gpio.s
   Uses
      None
Comment: GPIO_PORTM_PUR_R unused
GPIO_PORTN 00001000

Symbol: GPIO_PORTN
   Definitions
      At line 172 in file gpio.s
   Uses
      None
Comment: GPIO_PORTN unused
GPIO_PORTN_AFSEL_R 40064420

Symbol: GPIO_PORTN_AFSEL_R
   Definitions
      At line 165 in file gpio.s
   Uses
      None
Comment: GPIO_PORTN_AFSEL_R unused
GPIO_PORTN_AMSEL_R 40064528

Symbol: GPIO_PORTN_AMSEL_R



ARM Macro Assembler    Page 18 Alphabetic symbol ordering
Absolute symbols

   Definitions
      At line 170 in file gpio.s
   Uses
      None
Comment: GPIO_PORTN_AMSEL_R unused
GPIO_PORTN_CR_R 40064524

Symbol: GPIO_PORTN_CR_R
   Definitions
      At line 169 in file gpio.s
   Uses
      None
Comment: GPIO_PORTN_CR_R unused
GPIO_PORTN_DATA_R 400643FC

Symbol: GPIO_PORTN_DATA_R
   Definitions
      At line 163 in file gpio.s
   Uses
      None
Comment: GPIO_PORTN_DATA_R unused
GPIO_PORTN_DEN_R 4006451C

Symbol: GPIO_PORTN_DEN_R
   Definitions
      At line 167 in file gpio.s
   Uses
      None
Comment: GPIO_PORTN_DEN_R unused
GPIO_PORTN_DIR_R 40064400

Symbol: GPIO_PORTN_DIR_R
   Definitions
      At line 164 in file gpio.s
   Uses
      None
Comment: GPIO_PORTN_DIR_R unused
GPIO_PORTN_LOCK_R 40064520

Symbol: GPIO_PORTN_LOCK_R
   Definitions
      At line 168 in file gpio.s
   Uses
      None
Comment: GPIO_PORTN_LOCK_R unused
GPIO_PORTN_PCTL_R 4006452C

Symbol: GPIO_PORTN_PCTL_R
   Definitions
      At line 171 in file gpio.s
   Uses
      None
Comment: GPIO_PORTN_PCTL_R unused
GPIO_PORTN_PUR_R 40064510

Symbol: GPIO_PORTN_PUR_R
   Definitions
      At line 166 in file gpio.s
   Uses



ARM Macro Assembler    Page 19 Alphabetic symbol ordering
Absolute symbols

      None
Comment: GPIO_PORTN_PUR_R unused
GPIO_PORTP 00002000

Symbol: GPIO_PORTP
   Definitions
      At line 184 in file gpio.s
   Uses
      None
Comment: GPIO_PORTP unused
GPIO_PORTP_AFSEL_R 40065420

Symbol: GPIO_PORTP_AFSEL_R
   Definitions
      At line 177 in file gpio.s
   Uses
      None
Comment: GPIO_PORTP_AFSEL_R unused
GPIO_PORTP_AMSEL_R 40065528

Symbol: GPIO_PORTP_AMSEL_R
   Definitions
      At line 182 in file gpio.s
   Uses
      None
Comment: GPIO_PORTP_AMSEL_R unused
GPIO_PORTP_CR_R 40065524

Symbol: GPIO_PORTP_CR_R
   Definitions
      At line 181 in file gpio.s
   Uses
      None
Comment: GPIO_PORTP_CR_R unused
GPIO_PORTP_DATA_R 400653FC

Symbol: GPIO_PORTP_DATA_R
   Definitions
      At line 175 in file gpio.s
   Uses
      None
Comment: GPIO_PORTP_DATA_R unused
GPIO_PORTP_DEN_R 4006551C

Symbol: GPIO_PORTP_DEN_R
   Definitions
      At line 179 in file gpio.s
   Uses
      None
Comment: GPIO_PORTP_DEN_R unused
GPIO_PORTP_DIR_R 40065400

Symbol: GPIO_PORTP_DIR_R
   Definitions
      At line 176 in file gpio.s
   Uses
      None
Comment: GPIO_PORTP_DIR_R unused
GPIO_PORTP_LOCK_R 40065520



ARM Macro Assembler    Page 20 Alphabetic symbol ordering
Absolute symbols


Symbol: GPIO_PORTP_LOCK_R
   Definitions
      At line 180 in file gpio.s
   Uses
      None
Comment: GPIO_PORTP_LOCK_R unused
GPIO_PORTP_PCTL_R 4006552C

Symbol: GPIO_PORTP_PCTL_R
   Definitions
      At line 183 in file gpio.s
   Uses
      None
Comment: GPIO_PORTP_PCTL_R unused
GPIO_PORTP_PUR_R 40065510

Symbol: GPIO_PORTP_PUR_R
   Definitions
      At line 178 in file gpio.s
   Uses
      None
Comment: GPIO_PORTP_PUR_R unused
GPIO_PORTQ 00004000

Symbol: GPIO_PORTQ
   Definitions
      At line 196 in file gpio.s
   Uses
      None
Comment: GPIO_PORTQ unused
GPIO_PORTQ_AFSEL_R 40066420

Symbol: GPIO_PORTQ_AFSEL_R
   Definitions
      At line 189 in file gpio.s
   Uses
      None
Comment: GPIO_PORTQ_AFSEL_R unused
GPIO_PORTQ_AMSEL_R 40066528

Symbol: GPIO_PORTQ_AMSEL_R
   Definitions
      At line 194 in file gpio.s
   Uses
      None
Comment: GPIO_PORTQ_AMSEL_R unused
GPIO_PORTQ_CR_R 40066524

Symbol: GPIO_PORTQ_CR_R
   Definitions
      At line 193 in file gpio.s
   Uses
      None
Comment: GPIO_PORTQ_CR_R unused
GPIO_PORTQ_DATA_R 400663FC

Symbol: GPIO_PORTQ_DATA_R
   Definitions



ARM Macro Assembler    Page 21 Alphabetic symbol ordering
Absolute symbols

      At line 187 in file gpio.s
   Uses
      None
Comment: GPIO_PORTQ_DATA_R unused
GPIO_PORTQ_DEN_R 4006651C

Symbol: GPIO_PORTQ_DEN_R
   Definitions
      At line 191 in file gpio.s
   Uses
      None
Comment: GPIO_PORTQ_DEN_R unused
GPIO_PORTQ_DIR_R 40066400

Symbol: GPIO_PORTQ_DIR_R
   Definitions
      At line 188 in file gpio.s
   Uses
      None
Comment: GPIO_PORTQ_DIR_R unused
GPIO_PORTQ_LOCK_R 40066520

Symbol: GPIO_PORTQ_LOCK_R
   Definitions
      At line 192 in file gpio.s
   Uses
      None
Comment: GPIO_PORTQ_LOCK_R unused
GPIO_PORTQ_PCTL_R 4006652C

Symbol: GPIO_PORTQ_PCTL_R
   Definitions
      At line 195 in file gpio.s
   Uses
      None
Comment: GPIO_PORTQ_PCTL_R unused
GPIO_PORTQ_PUR_R 40066510

Symbol: GPIO_PORTQ_PUR_R
   Definitions
      At line 190 in file gpio.s
   Uses
      None
Comment: GPIO_PORTQ_PUR_R unused
SYSCTL_PRGPIO_R 400FEA08

Symbol: SYSCTL_PRGPIO_R
   Definitions
      At line 14 in file gpio.s
   Uses
      At line 234 in file gpio.s
Comment: SYSCTL_PRGPIO_R used once
SYSCTL_RCGCGPIO_R 400FE608

Symbol: SYSCTL_RCGCGPIO_R
   Definitions
      At line 13 in file gpio.s
   Uses
      At line 226 in file gpio.s



ARM Macro Assembler    Page 22 Alphabetic symbol ordering
Absolute symbols

Comment: SYSCTL_RCGCGPIO_R used once
153 symbols



ARM Macro Assembler    Page 1 Alphabetic symbol ordering
External symbols

SysTick_Wait1us 00000000

Symbol: SysTick_Wait1us
   Definitions
      At line 212 in file gpio.s
   Uses
      At line 357 in file gpio.s
      At line 364 in file gpio.s
      At line 376 in file gpio.s
      At line 383 in file gpio.s
      At line 395 in file gpio.s
      At line 402 in file gpio.s
      At line 414 in file gpio.s
      At line 421 in file gpio.s

1 symbol
494 symbols in table
