


ARM Macro Assembler    Page 1 


    1 00000000         ; timer.s
    2 00000000         ; Desenvolvido para a placa EK-TM4C1294XL
    3 00000000         ; Jhony Minetto Araujo, Ricardo Marthus Gremmelmaier, Ro
                       drigo Wolsky Poli
    4 00000000         ; Ver 1 2/12/2024
    5 00000000         
    6 00000000         
    7 00000000         ; ------------------------------------------------------
                       -------------------------
    8 00000000                 THUMB                        ; Instrucoes do tip
                                                            o Thumb-2
    9 00000000         ; ------------------------------------------------------
                       -------------------------
   10 00000000         ; Declaracoes EQU - Defines
   11 00000000         ; ========================
   12 00000000 20030000 
                       ANGLE   EQU              0x20030000
   13 00000000 20030004 
                       TURN    EQU              0x20030004
   14 00000000 20030008 
                       MODE    EQU              0x20030008
   15 00000000 2003000C 
                       APOLARITY
                               EQU              0x2003000C
   16 00000000 20030010 
                       TPOLARITY
                               EQU              0x20030010
   17 00000000         ; ================== DEFINICOES DOS PORTS ==============
                       =====
   18 00000000         
   19 00000000         ; ~~~~~~~~~~~~~~~~ PORT A ~~~~~~~~~~~~~~~~~~
   20 00000000 40058410 
                       GPIO_PORTA_AHB_IM_R
                               EQU              0x40058410
   21 00000000 40058404 
                       GPIO_PORTA_AHB_IS_R
                               EQU              0x40058404
   22 00000000 40058408 
                       GPIO_PORTA_AHB_IBE_R
                               EQU              0x40058408
   23 00000000 4005840C 
                       GPIO_PORTA_AHB_IEV_R
                               EQU              0x4005840C
   24 00000000 4005841C 
                       GPIO_PORTA_AHB_ICR_R
                               EQU              0x4005841C
   25 00000000 400583FC 
                       GPIO_PORTA_AHB_DATA_R
                               EQU              0x400583FC
   26 00000000 00000001 
                       GPIO_PORTA
                               EQU              2_000000000000001
   27 00000000         
   28 00000000         ; ~~~~~~~~~~~~~~~~ PORT B ~~~~~~~~~~~~~~~~~~
   29 00000000 40059410 
                       GPIO_PORTB_AHB_IM_R
                               EQU              0x40059410
   30 00000000 40059404 
                       GPIO_PORTB_AHB_IS_R



ARM Macro Assembler    Page 2 


                               EQU              0x40059404
   31 00000000 40059408 
                       GPIO_PORTB_AHB_IBE_R
                               EQU              0x40059408
   32 00000000 4005940C 
                       GPIO_PORTB_AHB_IEV_R
                               EQU              0x4005940C
   33 00000000 4005941C 
                       GPIO_PORTB_AHB_ICR_R
                               EQU              0x4005941C
   34 00000000 400593FC 
                       GPIO_PORTB_AHB_DATA_R
                               EQU              0x400593FC
   35 00000000 00000002 
                       GPIO_PORTB
                               EQU              2_000000000000010
   36 00000000         
   37 00000000         ; ~~~~~~~~~~~~~~~~ PORT C ~~~~~~~~~~~~~~~~~~
   38 00000000 4005A404 
                       GPIO_PORTC_AHB_IS_R
                               EQU              0x4005A404
   39 00000000 4005A408 
                       GPIO_PORTC_AHB_IBE_R
                               EQU              0x4005A408
   40 00000000 4005A40C 
                       GPIO_PORTC_AHB_IEV_R
                               EQU              0x4005A40C
   41 00000000 4005A410 
                       GPIO_PORTC_AHB_IM_R
                               EQU              0x4005A410
   42 00000000 4005A41C 
                       GPIO_PORTC_AHB_ICR_R
                               EQU              0x4005A41C
   43 00000000 4005A3FC 
                       GPIO_PORTC_AHB_DATA_R
                               EQU              0x4005A3FC
   44 00000000 00000004 
                       GPIO_PORTC
                               EQU              2_000000000000100
   45 00000000         
   46 00000000         ; ~~~~~~~~~~~~~~~~ PORT D ~~~~~~~~~~~~~~~~~~
   47 00000000 4005B410 
                       GPIO_PORTD_AHB_IM_R
                               EQU              0x4005B410
   48 00000000 4005B404 
                       GPIO_PORTD_AHB_IS_R
                               EQU              0x4005B404
   49 00000000 4005B408 
                       GPIO_PORTD_AHB_IBE_R
                               EQU              0x4005B408
   50 00000000 4005B40C 
                       GPIO_PORTD_AHB_IEV_R
                               EQU              0x4005B40C
   51 00000000 4005B41C 
                       GPIO_PORTD_AHB_ICR_R
                               EQU              0x4005B41C
   52 00000000 4005B3FC 
                       GPIO_PORTD_AHB_DATA_R
                               EQU              0x4005B3FC



ARM Macro Assembler    Page 3 


   53 00000000 00000008 
                       GPIO_PORTD
                               EQU              2_000000000001000
   54 00000000         
   55 00000000         ; ~~~~~~~~~~~~~~~~ PORT E ~~~~~~~~~~~~~~~~~~   
   56 00000000 4005C410 
                       GPIO_PORTE_AHB_IM_R
                               EQU              0x4005C410
   57 00000000 4005C404 
                       GPIO_PORTE_AHB_IS_R
                               EQU              0x4005C404
   58 00000000 4005C408 
                       GPIO_PORTE_AHB_IBE_R
                               EQU              0x4005C408
   59 00000000 4005C40C 
                       GPIO_PORTE_AHB_IEV_R
                               EQU              0x4005C40C
   60 00000000 4005C41C 
                       GPIO_PORTE_AHB_ICR_R
                               EQU              0x4005C41C
   61 00000000 4005C3FC 
                       GPIO_PORTE_AHB_DATA_R
                               EQU              0x4005C3FC
   62 00000000 00000010 
                       GPIO_PORTE
                               EQU              2_000000000010000
   63 00000000         
   64 00000000         ; ~~~~~~~~~~~~~~~~ PORT F ~~~~~~~~~~~~~~~~~~
   65 00000000 4005D410 
                       GPIO_PORTF_AHB_IM_R
                               EQU              0x4005D410
   66 00000000 4005D404 
                       GPIO_PORTF_AHB_IS_R
                               EQU              0x4005D404
   67 00000000 4005D408 
                       GPIO_PORTF_AHB_IBE_R
                               EQU              0x4005D408
   68 00000000 4005D40C 
                       GPIO_PORTF_AHB_IEV_R
                               EQU              0x4005D40C
   69 00000000 4005D41C 
                       GPIO_PORTF_AHB_ICR_R
                               EQU              0x4005D41C
   70 00000000 4005D3FC 
                       GPIO_PORTF_AHB_DATA_R
                               EQU              0x4005D3FC
   71 00000000 00000020 
                       GPIO_PORTF
                               EQU              2_000000000100000
   72 00000000         
   73 00000000         ; ~~~~~~~~~~~~~~~~ PORT G ~~~~~~~~~~~~~~~~~~
   74 00000000 4005E410 
                       GPIO_PORTG_AHB_IM_R
                               EQU              0x4005E410
   75 00000000 4005E404 
                       GPIO_PORTG_AHB_IS_R
                               EQU              0x4005E404
   76 00000000 4005E408 
                       GPIO_PORTG_AHB_IBE_R



ARM Macro Assembler    Page 4 


                               EQU              0x4005E408
   77 00000000 4005E40C 
                       GPIO_PORTG_AHB_IEV_R
                               EQU              0x4005E40C
   78 00000000 4005E41C 
                       GPIO_PORTG_AHB_ICR_R
                               EQU              0x4005E41C
   79 00000000 4005E3FC 
                       GPIO_PORTG_AHB_DATA_R
                               EQU              0x4005E3FC
   80 00000000 00000040 
                       GPIO_PORTG
                               EQU              2_000000001000000
   81 00000000         
   82 00000000         ; ~~~~~~~~~~~~~~~~ PORT H ~~~~~~~~~~~~~~~~~~
   83 00000000 4005F410 
                       GPIO_PORTH_AHB_IM_R
                               EQU              0x4005F410
   84 00000000 4005F404 
                       GPIO_PORTH_AHB_IS_R
                               EQU              0x4005F404
   85 00000000 4005F408 
                       GPIO_PORTH_AHB_IBE_R
                               EQU              0x4005F408
   86 00000000 4005F40C 
                       GPIO_PORTH_AHB_IEV_R
                               EQU              0x4005F40C
   87 00000000 4005F41C 
                       GPIO_PORTH_AHB_ICR_R
                               EQU              0x4005F41C
   88 00000000 4005F3FC 
                       GPIO_PORTH_AHB_DATA_R
                               EQU              0x4005F3FC
   89 00000000 00000080 
                       GPIO_PORTH
                               EQU              2_000000010000000
   90 00000000         
   91 00000000         ; ~~~~~~~~~~~~~~~~ PORT J ~~~~~~~~~~~~~~~~~~
   92 00000000 40060410 
                       GPIO_PORTJ_AHB_IM_R
                               EQU              0x40060410
   93 00000000 40060404 
                       GPIO_PORTJ_AHB_IS_R
                               EQU              0x40060404
   94 00000000 40060408 
                       GPIO_PORTJ_AHB_IBE_R
                               EQU              0x40060408
   95 00000000 4006040C 
                       GPIO_PORTJ_AHB_IEV_R
                               EQU              0x4006040C
   96 00000000 4006041C 
                       GPIO_PORTJ_AHB_ICR_R
                               EQU              0x4006041C
   97 00000000 400603FC 
                       GPIO_PORTJ_AHB_DATA_R
                               EQU              0x400603FC
   98 00000000 00000100 
                       GPIO_PORTJ
                               EQU              2_000000100000000



ARM Macro Assembler    Page 5 


   99 00000000         
  100 00000000         ; ~~~~~~~~~~~~~~~~ PORT K ~~~~~~~~~~~~~~~~~~
  101 00000000 40061410 
                       GPIO_PORTK_IM_R
                               EQU              0x40061410
  102 00000000 40061404 
                       GPIO_PORTK_IS_R
                               EQU              0x40061404
  103 00000000 40061408 
                       GPIO_PORTK_IBE_R
                               EQU              0x40061408
  104 00000000 4006140C 
                       GPIO_PORTK_IEV_R
                               EQU              0x4006140C
  105 00000000 4006141C 
                       GPIO_PORTK_ICR_R
                               EQU              0x4006141C
  106 00000000 400613FC 
                       GPIO_PORTK_DATA_R
                               EQU              0x400613FC
  107 00000000 00000200 
                       GPIO_PORTK
                               EQU              2_000001000000000
  108 00000000         
  109 00000000         ; ~~~~~~~~~~~~~~~~ PORT L ~~~~~~~~~~~~~~~~~~
  110 00000000 40062410 
                       GPIO_PORTL_IM_R
                               EQU              0x40062410
  111 00000000 40062404 
                       GPIO_PORTL_IS_R
                               EQU              0x40062404
  112 00000000 40062408 
                       GPIO_PORTL_IBE_R
                               EQU              0x40062408
  113 00000000 4006240C 
                       GPIO_PORTL_IEV_R
                               EQU              0x4006240C
  114 00000000 4006241C 
                       GPIO_PORTL_ICR_R
                               EQU              0x4006241C
  115 00000000 400623FC 
                       GPIO_PORTL_DATA_R
                               EQU              0x400623FC
  116 00000000 00000400 
                       GPIO_PORTL
                               EQU              2_000010000000000
  117 00000000         
  118 00000000         ; ~~~~~~~~~~~~~~~~ PORT M ~~~~~~~~~~~~~~~~~~
  119 00000000 40063410 
                       GPIO_PORTM_IM_R
                               EQU              0x40063410
  120 00000000 40063404 
                       GPIO_PORTM_IS_R
                               EQU              0x40063404
  121 00000000 40063408 
                       GPIO_PORTM_IBE_R
                               EQU              0x40063408
  122 00000000 4006340C 
                       GPIO_PORTM_IEV_R



ARM Macro Assembler    Page 6 


                               EQU              0x4006340C
  123 00000000 4006341C 
                       GPIO_PORTM_ICR_R
                               EQU              0x4006341C
  124 00000000 400633FC 
                       GPIO_PORTM_DATA_R
                               EQU              0x400633FC
  125 00000000 00000800 
                       GPIO_PORTM
                               EQU              2_000100000000000
  126 00000000         
  127 00000000         ; ~~~~~~~~~~~~~~~~ PORT N ~~~~~~~~~~~~~~~~~~
  128 00000000 40064410 
                       GPIO_PORTN_IM_R
                               EQU              0x40064410
  129 00000000 40064404 
                       GPIO_PORTN_IS_R
                               EQU              0x40064404
  130 00000000 40064408 
                       GPIO_PORTN_IBE_R
                               EQU              0x40064408
  131 00000000 4006440C 
                       GPIO_PORTN_IEV_R
                               EQU              0x4006440C
  132 00000000 4006441C 
                       GPIO_PORTN_ICR_R
                               EQU              0x4006441C
  133 00000000 400643FC 
                       GPIO_PORTN_DATA_R
                               EQU              0x400643FC
  134 00000000 00001000 
                       GPIO_PORTN
                               EQU              2_001000000000000
  135 00000000         
  136 00000000         ; ~~~~~~~~~~~~~~~~ PORT P ~~~~~~~~~~~~~~~~~~
  137 00000000 40065410 
                       GPIO_PORTP_IM_R
                               EQU              0x40065410
  138 00000000 40065404 
                       GPIO_PORTP_IS_R
                               EQU              0x40065404
  139 00000000 40065408 
                       GPIO_PORTP_IBE_R
                               EQU              0x40065408
  140 00000000 4006540C 
                       GPIO_PORTP_IEV_R
                               EQU              0x4006540C
  141 00000000 4006541C 
                       GPIO_PORTP_ICR_R
                               EQU              0x4006541C
  142 00000000 400653FC 
                       GPIO_PORTP_DATA_R
                               EQU              0x400653FC
  143 00000000 00002000 
                       GPIO_PORTP
                               EQU              2_010000000000000
  144 00000000         
  145 00000000         ; ~~~~~~~~~~~~~~~~ PORT Q ~~~~~~~~~~~~~~~~~~
  146 00000000 40066410 



ARM Macro Assembler    Page 7 


                       GPIO_PORTQ_IM_R
                               EQU              0x40066410
  147 00000000 40066404 
                       GPIO_PORTQ_IS_R
                               EQU              0x40066404
  148 00000000 40066408 
                       GPIO_PORTQ_IBE_R
                               EQU              0x40066408
  149 00000000 4006640C 
                       GPIO_PORTQ_IEV_R
                               EQU              0x4006640C
  150 00000000 4006641C 
                       GPIO_PORTQ_ICR_R
                               EQU              0x4006641C
  151 00000000 400663FC 
                       GPIO_PORTQ_DATA_R
                               EQU              0x400663FC
  152 00000000 00004000 
                       GPIO_PORTQ
                               EQU              2_100000000000000
  153 00000000         
  154 00000000         
  155 00000000         ; ================== DEFINICOES DO NVIC ================
                       ===
  156 00000000         
  157 00000000         ; ~~~~~~~~~~~~~~~~ ENABLE ~~~~~~~~~~~~~~~~~~
  158 00000000 E000E100 
                       NVIC_EN0_R
                               EQU              0xE000E100
  159 00000000 E000E104 
                       NVIC_EN1_R
                               EQU              0xE000E104
  160 00000000 E000E108 
                       NVIC_EN2_R
                               EQU              0xE000E108
  161 00000000 E000E10C 
                       NVIC_EN3_R
                               EQU              0xE000E10C
  162 00000000         
  163 00000000         ; ~~~~~~~~~~~~~~~~ DISABLE ~~~~~~~~~~~~~~~~~~
  164 00000000 E000E180 
                       NVIC_DIS0_R
                               EQU              0xE000E180
  165 00000000 E000E184 
                       NVIC_DIS1_R
                               EQU              0xE000E184
  166 00000000 E000E188 
                       NVIC_DIS2_R
                               EQU              0xE000E188
  167 00000000 E000E18C 
                       NVIC_DIS3_R
                               EQU              0xE000E18C
  168 00000000         
  169 00000000         ; ~~~~~~~~~~~~~~~~ PRIORITY ~~~~~~~~~~~~~~~~~~
  170 00000000 E000E400 
                       NVIC_PRI0_R
                               EQU              0xE000E400
  171 00000000 E000E404 
                       NVIC_PRI1_R



ARM Macro Assembler    Page 8 


                               EQU              0xE000E404
  172 00000000 E000E408 
                       NVIC_PRI2_R
                               EQU              0xE000E408
  173 00000000 E000E40C 
                       NVIC_PRI3_R
                               EQU              0xE000E40C
  174 00000000 E000E410 
                       NVIC_PRI4_R
                               EQU              0xE000E410
  175 00000000 E000E414 
                       NVIC_PRI5_R
                               EQU              0xE000E414
  176 00000000 E000E418 
                       NVIC_PRI6_R
                               EQU              0xE000E418
  177 00000000 E000E41C 
                       NVIC_PRI7_R
                               EQU              0xE000E41C
  178 00000000 E000E420 
                       NVIC_PRI8_R
                               EQU              0xE000E420
  179 00000000 E000E424 
                       NVIC_PRI9_R
                               EQU              0xE000E424
  180 00000000 E000E428 
                       NVIC_PRI10_R
                               EQU              0xE000E428
  181 00000000 E000E42C 
                       NVIC_PRI11_R
                               EQU              0xE000E42C
  182 00000000 E000E430 
                       NVIC_PRI12_R
                               EQU              0xE000E430
  183 00000000 E000E434 
                       NVIC_PRI13_R
                               EQU              0xE000E434
  184 00000000 E000E438 
                       NVIC_PRI14_R
                               EQU              0xE000E438
  185 00000000 E000E43C 
                       NVIC_PRI15_R
                               EQU              0xE000E43C
  186 00000000 E000E440 
                       NVIC_PRI16_R
                               EQU              0xE000E440
  187 00000000 E000E444 
                       NVIC_PRI17_R
                               EQU              0xE000E444
  188 00000000 E000E448 
                       NVIC_PRI18_R
                               EQU              0xE000E448
  189 00000000 E000E44C 
                       NVIC_PRI19_R
                               EQU              0xE000E44C
  190 00000000 E000E450 
                       NVIC_PRI20_R
                               EQU              0xE000E450
  191 00000000 E000E454 



ARM Macro Assembler    Page 9 


                       NVIC_PRI21_R
                               EQU              0xE000E454
  192 00000000 E000E458 
                       NVIC_PRI22_R
                               EQU              0xE000E458
  193 00000000 E000E45C 
                       NVIC_PRI23_R
                               EQU              0xE000E45C
  194 00000000 E000E460 
                       NVIC_PRI24_R
                               EQU              0xE000E460
  195 00000000 E000E464 
                       NVIC_PRI25_R
                               EQU              0xE000E464
  196 00000000 E000E468 
                       NVIC_PRI26_R
                               EQU              0xE000E468
  197 00000000 E000E46C 
                       NVIC_PRI27_R
                               EQU              0xE000E46C
  198 00000000 E000E470 
                       NVIC_PRI28_R
                               EQU              0xE000E470
  199 00000000         ; ------------------------------------------------------
                       -------------------------
  200 00000000         ; Area de Codigo - Tudo abaixo da diretiva a seguir sera
                        armazenado na memoria de 
  201 00000000         ;                  codigo
  202 00000000                 AREA             |.text|, CODE, READONLY, ALIGN=
2
  203 00000000         
  204 00000000         ; Se alguma funcao do arquivo for chamada em outro arqui
                       vo 
  205 00000000                 EXPORT           Interrupt_Init
  206 00000000                 EXPORT           GPIOPortJ_Handler
  207 00000000         
  208 00000000                 IMPORT           SysTick_Wait1ms
  209 00000000                 IMPORT           create_reset_row
  210 00000000                 IMPORT           LCD_Reset
  211 00000000         ;-------------------------------------------------------
                       -------------------------
  212 00000000         ;=========================================
  213 00000000         ; Funcao Interrupt_Init
  214 00000000         ; Parametro de entrada: Nao tem
  215 00000000         ; Parametro de saida: Nao tem
  216 00000000         Interrupt_Init
  217 00000000         
  218 00000000         ; 1. Desabilitar a interrupcao no registradore IM
  219 00000000 F04F 0100       MOV              R1, #0x00   ;Desabilitar as int
                                                            errupcoes
  220 00000004 4820            LDR              R0, =GPIO_PORTJ_AHB_IM_R ;Carre
                                                            ga o endereco do IM
                                                             para a porta gener
                                                            ica
  221 00000006 6001            STR              R1, [R0]    ;Escreve no registr
                                                            ador
  222 00000008         
  223 00000008         ; 2. Configurar o tipo de interrupcao (borda = 0 , nivel
                        = 1) no IS



ARM Macro Assembler    Page 10 


  224 00000008         
  225 00000008 F04F 0100       MOV              R1, #2_00   ;Por borda
  226 0000000C 481F            LDR              R0, =GPIO_PORTJ_AHB_IS_R ;Carre
                                                            ga o endereco IS pa
                                                            ra a porta generica
                                                            
  227 0000000E 6001            STR              R1, [R0]    ;Seta o valor no re
                                                            gistrador
  228 00000010         
  229 00000010         ; 3. Configurar tipo de borda (unica = 0, dupla = 1) no 
                       IBE
  230 00000010         
  231 00000010 F04F 0100       MOV              R1, #2_00   ;Por borda unica
  232 00000014 481E            LDR              R0, =GPIO_PORTJ_AHB_IBE_R ;Carr
                                                            ega o endereco IBE 
                                                            para a porta generi
                                                            ca
  233 00000016 6001            STR              R1, [R0]    ;Seta o valor no re
                                                            gistrador
  234 00000018         
  235 00000018         ; 4. Configurar modo da borda (descida = 0, subida = 1) 
                       no IEV                          
  236 00000018         
  237 00000018 F04F 0100       MOV              R1, #2_00   ;Por borda de desci
                                                            da
  238 0000001C 481D            LDR              R0, =GPIO_PORTJ_AHB_IEV_R ;Carr
                                                            ega o endereco IEV 
                                                            para a porta generi
                                                            ca
  239 0000001E 6001            STR              R1, [R0]    ;Seta o valor no re
                                                            gistrador
  240 00000020         
  241 00000020         ; 5. Realizar o ack para garantir que a interrupcao ira 
                       ocorrer no ICR
  242 00000020         
  243 00000020 F04F 0101       MOV              R1, #2_01   ;Seta o bit de ackn
                                                            owledge
  244 00000024 481C            LDR              R0, =GPIO_PORTJ_AHB_ICR_R ;Pega
                                                             o endereco do ICR
  245 00000026 6001            STR              R1, [R0]    ;Seta o valor no re
                                                            gistrador
  246 00000028         
  247 00000028         ; 6. Habilitar a interrupcao no registrador IM
  248 00000028         
  249 00000028 F04F 0101       MOV              R1, #2_01   ;Habilitar as inter
                                                            rupcoes
  250 0000002C 4816            LDR              R0, =GPIO_PORTJ_AHB_IM_R ;Carre
                                                            ga o endereco do IM
                                                             para a porta gener
                                                            ica
  251 0000002E 6001            STR              R1, [R0]    ;Escreve no registr
                                                            ador
  252 00000030         
  253 00000030         ; 7. Habilitar fonte de interrupcao no NVIC (Portj = int
                       errupcao 51 - Tabela 3-8, pagina 146)
  254 00000030         ; Achar qual o ENX, pag 154
  255 00000030         
  256 00000030 F04F 0101       MOV              R1, #1      ;Seta 1
  257 00000034 EA4F 41C1       LSL              R1, #19     ;Desloca 19 bits, j



ARM Macro Assembler    Page 11 


                                                            a que 51-32=19 (int
                                                            ervalo entre inicio
                                                             do EN que contem o
                                                             51)
  258 00000038 4818            LDR              R0, =NVIC_EN1_R ;Carrega o ende
                                                            reco do EN1
  259 0000003A 6001            STR              R1, [R0]    ;Seta no registrado
                                                            r
  260 0000003C         
  261 0000003C         ; 8. Setar prioridade no NVIC, achar qual PRIX, pag 159
  262 0000003C         
  263 0000003C F04F 0102       MOV              R1, #2      ;Prioridade 2
  264 00000040 EA4F 7141       LSL              R1, #29     ;Deslocar 29 bits p
                                                            ara ir pro ultimo b
                                                            yte do PRI12
  265 00000044 4816            LDR              R0, =NVIC_PRI12_R ;Carrega o en
                                                            dereco do PRI12
  266 00000046 6001            STR              R1, [R0]    ;Seta no registrado
                                                            r
  267 00000048         
  268 00000048 4770            BX               LR
  269 0000004A         ;=========================================
  270 0000004A         ; ******************************************************
                       
  271 0000004A         
  272 0000004A         ;Funcao GPIOPortJ_Handler ISR, tratamento de interrupcao
                       
  273 0000004A         ;Parametro de entrada: nao tem
  274 0000004A         ;Parametro de saida: nao tem
  275 0000004A         GPIOPortJ_Handler
  276 0000004A B500            PUSH             {LR}
  277 0000004C 4812            LDR              R0, =GPIO_PORTJ_AHB_ICR_R ;Carr
                                                            ega o endereco do I
                                                            CR para o ack
  278 0000004E F04F 0101       MOV              R1, #2_00000001 ;Seta o bit 0 p
                                                            ara ack
  279 00000052 6001            STR              R1, [R0]    ;Salva no registrad
                                                            or
  280 00000054         
  281 00000054 4813            LDR              R0, =GPIO_PORTJ_AHB_DATA_R
  282 00000056 6801            LDR              R1, [R0]
  283 00000058         
  284 00000058 F04F 0214       MOV              R2, #20
  285 0000005C F7FF FFFE       BL               SysTick_Wait1ms
  286 00000060         
  287 00000060 4810            LDR              R0, =GPIO_PORTJ_AHB_DATA_R
  288 00000062 6802            LDR              R2, [R0]
  289 00000064         
  290 00000064 4291            CMP              R1, R2      ; Ignora variaï¿½ï¿
                                                            ½es de freq. > 50Hz
                                                            
  291 00000066 D10B            BNE              debounce_skip
  292 00000068         
  293 00000068 F04F 0100       MOV              R1, #0      ;Reset do angulo, d
                                                            as voltas e das pol
                                                            aridades
  294 0000006C 480E            LDR              R0, =ANGLE
  295 0000006E 6001            STR              R1, [R0]
  296 00000070 480E            LDR              R0, =TURN



ARM Macro Assembler    Page 12 


  297 00000072 6001            STR              R1, [R0]
  298 00000074 480E            LDR              R0, =APOLARITY
  299 00000076 6001            STR              R1, [R0]
  300 00000078 480E            LDR              R0, =TPOLARITY
  301 0000007A 6001            STR              R1, [R0]
  302 0000007C         
  303 0000007C F7FF FFFE       BL               create_reset_row
  304 00000080         
  305 00000080         debounce_skip
  306 00000080 F85D EB04       POP              {LR}
  307 00000084 4770            BX               LR
  308 00000086         
  309 00000086         ;=========================================
  310 00000086         ; ******************************************************
                       
  311 00000086         
  312 00000086 00 00           ALIGN                        ;Garante que o fim 
                                                            da secao esta alinh
                                                            ada 
  313 00000088                 END                          ;Fim do arquivo
              40060410 
              40060404 
              40060408 
              4006040C 
              4006041C 
              E000E104 
              E000E430 
              400603FC 
              20030000 
              20030004 
              2003000C 
              20030010 
Command Line: --debug --xref --diag_suppress=9931 --cpu=Cortex-M4.fp.sp --apcs=
interwork --depend=.\objects\interrupt.d -o.\objects\interrupt.o -IC:\Users\Ric
ar\AppData\Local\Arm\Packs\Keil\TM4C_DFP\1.1.0\Device\Include\TM4C129 --predefi
ne="__EVAL SETA 1" --predefine="__UVISION_VERSION SETA 536" --predefine="TM4C12
94NCPDT SETA 1" --list=.\listings\interrupt.lst interrupt.s



ARM Macro Assembler    Page 1 Alphabetic symbol ordering
Relocatable symbols

.text 00000000

Symbol: .text
   Definitions
      At line 202 in file interrupt.s
   Uses
      None
Comment: .text unused
GPIOPortJ_Handler 0000004A

Symbol: GPIOPortJ_Handler
   Definitions
      At line 275 in file interrupt.s
   Uses
      At line 206 in file interrupt.s
Comment: GPIOPortJ_Handler used once
Interrupt_Init 00000000

Symbol: Interrupt_Init
   Definitions
      At line 216 in file interrupt.s
   Uses
      At line 205 in file interrupt.s
Comment: Interrupt_Init used once
debounce_skip 00000080

Symbol: debounce_skip
   Definitions
      At line 305 in file interrupt.s
   Uses
      At line 291 in file interrupt.s
Comment: debounce_skip used once
4 symbols



ARM Macro Assembler    Page 1 Alphabetic symbol ordering
Absolute symbols

ANGLE 20030000

Symbol: ANGLE
   Definitions
      At line 12 in file interrupt.s
   Uses
      At line 294 in file interrupt.s
Comment: ANGLE used once
APOLARITY 2003000C

Symbol: APOLARITY
   Definitions
      At line 15 in file interrupt.s
   Uses
      At line 298 in file interrupt.s
Comment: APOLARITY used once
GPIO_PORTA 00000001

Symbol: GPIO_PORTA
   Definitions
      At line 26 in file interrupt.s
   Uses
      None
Comment: GPIO_PORTA unused
GPIO_PORTA_AHB_DATA_R 400583FC

Symbol: GPIO_PORTA_AHB_DATA_R
   Definitions
      At line 25 in file interrupt.s
   Uses
      None
Comment: GPIO_PORTA_AHB_DATA_R unused
GPIO_PORTA_AHB_IBE_R 40058408

Symbol: GPIO_PORTA_AHB_IBE_R
   Definitions
      At line 22 in file interrupt.s
   Uses
      None
Comment: GPIO_PORTA_AHB_IBE_R unused
GPIO_PORTA_AHB_ICR_R 4005841C

Symbol: GPIO_PORTA_AHB_ICR_R
   Definitions
      At line 24 in file interrupt.s
   Uses
      None
Comment: GPIO_PORTA_AHB_ICR_R unused
GPIO_PORTA_AHB_IEV_R 4005840C

Symbol: GPIO_PORTA_AHB_IEV_R
   Definitions
      At line 23 in file interrupt.s
   Uses
      None
Comment: GPIO_PORTA_AHB_IEV_R unused
GPIO_PORTA_AHB_IM_R 40058410

Symbol: GPIO_PORTA_AHB_IM_R



ARM Macro Assembler    Page 2 Alphabetic symbol ordering
Absolute symbols

   Definitions
      At line 20 in file interrupt.s
   Uses
      None
Comment: GPIO_PORTA_AHB_IM_R unused
GPIO_PORTA_AHB_IS_R 40058404

Symbol: GPIO_PORTA_AHB_IS_R
   Definitions
      At line 21 in file interrupt.s
   Uses
      None
Comment: GPIO_PORTA_AHB_IS_R unused
GPIO_PORTB 00000002

Symbol: GPIO_PORTB
   Definitions
      At line 35 in file interrupt.s
   Uses
      None
Comment: GPIO_PORTB unused
GPIO_PORTB_AHB_DATA_R 400593FC

Symbol: GPIO_PORTB_AHB_DATA_R
   Definitions
      At line 34 in file interrupt.s
   Uses
      None
Comment: GPIO_PORTB_AHB_DATA_R unused
GPIO_PORTB_AHB_IBE_R 40059408

Symbol: GPIO_PORTB_AHB_IBE_R
   Definitions
      At line 31 in file interrupt.s
   Uses
      None
Comment: GPIO_PORTB_AHB_IBE_R unused
GPIO_PORTB_AHB_ICR_R 4005941C

Symbol: GPIO_PORTB_AHB_ICR_R
   Definitions
      At line 33 in file interrupt.s
   Uses
      None
Comment: GPIO_PORTB_AHB_ICR_R unused
GPIO_PORTB_AHB_IEV_R 4005940C

Symbol: GPIO_PORTB_AHB_IEV_R
   Definitions
      At line 32 in file interrupt.s
   Uses
      None
Comment: GPIO_PORTB_AHB_IEV_R unused
GPIO_PORTB_AHB_IM_R 40059410

Symbol: GPIO_PORTB_AHB_IM_R
   Definitions
      At line 29 in file interrupt.s
   Uses



ARM Macro Assembler    Page 3 Alphabetic symbol ordering
Absolute symbols

      None
Comment: GPIO_PORTB_AHB_IM_R unused
GPIO_PORTB_AHB_IS_R 40059404

Symbol: GPIO_PORTB_AHB_IS_R
   Definitions
      At line 30 in file interrupt.s
   Uses
      None
Comment: GPIO_PORTB_AHB_IS_R unused
GPIO_PORTC 00000004

Symbol: GPIO_PORTC
   Definitions
      At line 44 in file interrupt.s
   Uses
      None
Comment: GPIO_PORTC unused
GPIO_PORTC_AHB_DATA_R 4005A3FC

Symbol: GPIO_PORTC_AHB_DATA_R
   Definitions
      At line 43 in file interrupt.s
   Uses
      None
Comment: GPIO_PORTC_AHB_DATA_R unused
GPIO_PORTC_AHB_IBE_R 4005A408

Symbol: GPIO_PORTC_AHB_IBE_R
   Definitions
      At line 39 in file interrupt.s
   Uses
      None
Comment: GPIO_PORTC_AHB_IBE_R unused
GPIO_PORTC_AHB_ICR_R 4005A41C

Symbol: GPIO_PORTC_AHB_ICR_R
   Definitions
      At line 42 in file interrupt.s
   Uses
      None
Comment: GPIO_PORTC_AHB_ICR_R unused
GPIO_PORTC_AHB_IEV_R 4005A40C

Symbol: GPIO_PORTC_AHB_IEV_R
   Definitions
      At line 40 in file interrupt.s
   Uses
      None
Comment: GPIO_PORTC_AHB_IEV_R unused
GPIO_PORTC_AHB_IM_R 4005A410

Symbol: GPIO_PORTC_AHB_IM_R
   Definitions
      At line 41 in file interrupt.s
   Uses
      None
Comment: GPIO_PORTC_AHB_IM_R unused
GPIO_PORTC_AHB_IS_R 4005A404



ARM Macro Assembler    Page 4 Alphabetic symbol ordering
Absolute symbols


Symbol: GPIO_PORTC_AHB_IS_R
   Definitions
      At line 38 in file interrupt.s
   Uses
      None
Comment: GPIO_PORTC_AHB_IS_R unused
GPIO_PORTD 00000008

Symbol: GPIO_PORTD
   Definitions
      At line 53 in file interrupt.s
   Uses
      None
Comment: GPIO_PORTD unused
GPIO_PORTD_AHB_DATA_R 4005B3FC

Symbol: GPIO_PORTD_AHB_DATA_R
   Definitions
      At line 52 in file interrupt.s
   Uses
      None
Comment: GPIO_PORTD_AHB_DATA_R unused
GPIO_PORTD_AHB_IBE_R 4005B408

Symbol: GPIO_PORTD_AHB_IBE_R
   Definitions
      At line 49 in file interrupt.s
   Uses
      None
Comment: GPIO_PORTD_AHB_IBE_R unused
GPIO_PORTD_AHB_ICR_R 4005B41C

Symbol: GPIO_PORTD_AHB_ICR_R
   Definitions
      At line 51 in file interrupt.s
   Uses
      None
Comment: GPIO_PORTD_AHB_ICR_R unused
GPIO_PORTD_AHB_IEV_R 4005B40C

Symbol: GPIO_PORTD_AHB_IEV_R
   Definitions
      At line 50 in file interrupt.s
   Uses
      None
Comment: GPIO_PORTD_AHB_IEV_R unused
GPIO_PORTD_AHB_IM_R 4005B410

Symbol: GPIO_PORTD_AHB_IM_R
   Definitions
      At line 47 in file interrupt.s
   Uses
      None
Comment: GPIO_PORTD_AHB_IM_R unused
GPIO_PORTD_AHB_IS_R 4005B404

Symbol: GPIO_PORTD_AHB_IS_R
   Definitions



ARM Macro Assembler    Page 5 Alphabetic symbol ordering
Absolute symbols

      At line 48 in file interrupt.s
   Uses
      None
Comment: GPIO_PORTD_AHB_IS_R unused
GPIO_PORTE 00000010

Symbol: GPIO_PORTE
   Definitions
      At line 62 in file interrupt.s
   Uses
      None
Comment: GPIO_PORTE unused
GPIO_PORTE_AHB_DATA_R 4005C3FC

Symbol: GPIO_PORTE_AHB_DATA_R
   Definitions
      At line 61 in file interrupt.s
   Uses
      None
Comment: GPIO_PORTE_AHB_DATA_R unused
GPIO_PORTE_AHB_IBE_R 4005C408

Symbol: GPIO_PORTE_AHB_IBE_R
   Definitions
      At line 58 in file interrupt.s
   Uses
      None
Comment: GPIO_PORTE_AHB_IBE_R unused
GPIO_PORTE_AHB_ICR_R 4005C41C

Symbol: GPIO_PORTE_AHB_ICR_R
   Definitions
      At line 60 in file interrupt.s
   Uses
      None
Comment: GPIO_PORTE_AHB_ICR_R unused
GPIO_PORTE_AHB_IEV_R 4005C40C

Symbol: GPIO_PORTE_AHB_IEV_R
   Definitions
      At line 59 in file interrupt.s
   Uses
      None
Comment: GPIO_PORTE_AHB_IEV_R unused
GPIO_PORTE_AHB_IM_R 4005C410

Symbol: GPIO_PORTE_AHB_IM_R
   Definitions
      At line 56 in file interrupt.s
   Uses
      None
Comment: GPIO_PORTE_AHB_IM_R unused
GPIO_PORTE_AHB_IS_R 4005C404

Symbol: GPIO_PORTE_AHB_IS_R
   Definitions
      At line 57 in file interrupt.s
   Uses
      None



ARM Macro Assembler    Page 6 Alphabetic symbol ordering
Absolute symbols

Comment: GPIO_PORTE_AHB_IS_R unused
GPIO_PORTF 00000020

Symbol: GPIO_PORTF
   Definitions
      At line 71 in file interrupt.s
   Uses
      None
Comment: GPIO_PORTF unused
GPIO_PORTF_AHB_DATA_R 4005D3FC

Symbol: GPIO_PORTF_AHB_DATA_R
   Definitions
      At line 70 in file interrupt.s
   Uses
      None
Comment: GPIO_PORTF_AHB_DATA_R unused
GPIO_PORTF_AHB_IBE_R 4005D408

Symbol: GPIO_PORTF_AHB_IBE_R
   Definitions
      At line 67 in file interrupt.s
   Uses
      None
Comment: GPIO_PORTF_AHB_IBE_R unused
GPIO_PORTF_AHB_ICR_R 4005D41C

Symbol: GPIO_PORTF_AHB_ICR_R
   Definitions
      At line 69 in file interrupt.s
   Uses
      None
Comment: GPIO_PORTF_AHB_ICR_R unused
GPIO_PORTF_AHB_IEV_R 4005D40C

Symbol: GPIO_PORTF_AHB_IEV_R
   Definitions
      At line 68 in file interrupt.s
   Uses
      None
Comment: GPIO_PORTF_AHB_IEV_R unused
GPIO_PORTF_AHB_IM_R 4005D410

Symbol: GPIO_PORTF_AHB_IM_R
   Definitions
      At line 65 in file interrupt.s
   Uses
      None
Comment: GPIO_PORTF_AHB_IM_R unused
GPIO_PORTF_AHB_IS_R 4005D404

Symbol: GPIO_PORTF_AHB_IS_R
   Definitions
      At line 66 in file interrupt.s
   Uses
      None
Comment: GPIO_PORTF_AHB_IS_R unused
GPIO_PORTG 00000040




ARM Macro Assembler    Page 7 Alphabetic symbol ordering
Absolute symbols

Symbol: GPIO_PORTG
   Definitions
      At line 80 in file interrupt.s
   Uses
      None
Comment: GPIO_PORTG unused
GPIO_PORTG_AHB_DATA_R 4005E3FC

Symbol: GPIO_PORTG_AHB_DATA_R
   Definitions
      At line 79 in file interrupt.s
   Uses
      None
Comment: GPIO_PORTG_AHB_DATA_R unused
GPIO_PORTG_AHB_IBE_R 4005E408

Symbol: GPIO_PORTG_AHB_IBE_R
   Definitions
      At line 76 in file interrupt.s
   Uses
      None
Comment: GPIO_PORTG_AHB_IBE_R unused
GPIO_PORTG_AHB_ICR_R 4005E41C

Symbol: GPIO_PORTG_AHB_ICR_R
   Definitions
      At line 78 in file interrupt.s
   Uses
      None
Comment: GPIO_PORTG_AHB_ICR_R unused
GPIO_PORTG_AHB_IEV_R 4005E40C

Symbol: GPIO_PORTG_AHB_IEV_R
   Definitions
      At line 77 in file interrupt.s
   Uses
      None
Comment: GPIO_PORTG_AHB_IEV_R unused
GPIO_PORTG_AHB_IM_R 4005E410

Symbol: GPIO_PORTG_AHB_IM_R
   Definitions
      At line 74 in file interrupt.s
   Uses
      None
Comment: GPIO_PORTG_AHB_IM_R unused
GPIO_PORTG_AHB_IS_R 4005E404

Symbol: GPIO_PORTG_AHB_IS_R
   Definitions
      At line 75 in file interrupt.s
   Uses
      None
Comment: GPIO_PORTG_AHB_IS_R unused
GPIO_PORTH 00000080

Symbol: GPIO_PORTH
   Definitions
      At line 89 in file interrupt.s



ARM Macro Assembler    Page 8 Alphabetic symbol ordering
Absolute symbols

   Uses
      None
Comment: GPIO_PORTH unused
GPIO_PORTH_AHB_DATA_R 4005F3FC

Symbol: GPIO_PORTH_AHB_DATA_R
   Definitions
      At line 88 in file interrupt.s
   Uses
      None
Comment: GPIO_PORTH_AHB_DATA_R unused
GPIO_PORTH_AHB_IBE_R 4005F408

Symbol: GPIO_PORTH_AHB_IBE_R
   Definitions
      At line 85 in file interrupt.s
   Uses
      None
Comment: GPIO_PORTH_AHB_IBE_R unused
GPIO_PORTH_AHB_ICR_R 4005F41C

Symbol: GPIO_PORTH_AHB_ICR_R
   Definitions
      At line 87 in file interrupt.s
   Uses
      None
Comment: GPIO_PORTH_AHB_ICR_R unused
GPIO_PORTH_AHB_IEV_R 4005F40C

Symbol: GPIO_PORTH_AHB_IEV_R
   Definitions
      At line 86 in file interrupt.s
   Uses
      None
Comment: GPIO_PORTH_AHB_IEV_R unused
GPIO_PORTH_AHB_IM_R 4005F410

Symbol: GPIO_PORTH_AHB_IM_R
   Definitions
      At line 83 in file interrupt.s
   Uses
      None
Comment: GPIO_PORTH_AHB_IM_R unused
GPIO_PORTH_AHB_IS_R 4005F404

Symbol: GPIO_PORTH_AHB_IS_R
   Definitions
      At line 84 in file interrupt.s
   Uses
      None
Comment: GPIO_PORTH_AHB_IS_R unused
GPIO_PORTJ 00000100

Symbol: GPIO_PORTJ
   Definitions
      At line 98 in file interrupt.s
   Uses
      None
Comment: GPIO_PORTJ unused



ARM Macro Assembler    Page 9 Alphabetic symbol ordering
Absolute symbols

GPIO_PORTJ_AHB_DATA_R 400603FC

Symbol: GPIO_PORTJ_AHB_DATA_R
   Definitions
      At line 97 in file interrupt.s
   Uses
      At line 281 in file interrupt.s
      At line 287 in file interrupt.s

GPIO_PORTJ_AHB_IBE_R 40060408

Symbol: GPIO_PORTJ_AHB_IBE_R
   Definitions
      At line 94 in file interrupt.s
   Uses
      At line 232 in file interrupt.s
Comment: GPIO_PORTJ_AHB_IBE_R used once
GPIO_PORTJ_AHB_ICR_R 4006041C

Symbol: GPIO_PORTJ_AHB_ICR_R
   Definitions
      At line 96 in file interrupt.s
   Uses
      At line 244 in file interrupt.s
      At line 277 in file interrupt.s

GPIO_PORTJ_AHB_IEV_R 4006040C

Symbol: GPIO_PORTJ_AHB_IEV_R
   Definitions
      At line 95 in file interrupt.s
   Uses
      At line 238 in file interrupt.s
Comment: GPIO_PORTJ_AHB_IEV_R used once
GPIO_PORTJ_AHB_IM_R 40060410

Symbol: GPIO_PORTJ_AHB_IM_R
   Definitions
      At line 92 in file interrupt.s
   Uses
      At line 220 in file interrupt.s
      At line 250 in file interrupt.s

GPIO_PORTJ_AHB_IS_R 40060404

Symbol: GPIO_PORTJ_AHB_IS_R
   Definitions
      At line 93 in file interrupt.s
   Uses
      At line 226 in file interrupt.s
Comment: GPIO_PORTJ_AHB_IS_R used once
GPIO_PORTK 00000200

Symbol: GPIO_PORTK
   Definitions
      At line 107 in file interrupt.s
   Uses
      None
Comment: GPIO_PORTK unused



ARM Macro Assembler    Page 10 Alphabetic symbol ordering
Absolute symbols

GPIO_PORTK_DATA_R 400613FC

Symbol: GPIO_PORTK_DATA_R
   Definitions
      At line 106 in file interrupt.s
   Uses
      None
Comment: GPIO_PORTK_DATA_R unused
GPIO_PORTK_IBE_R 40061408

Symbol: GPIO_PORTK_IBE_R
   Definitions
      At line 103 in file interrupt.s
   Uses
      None
Comment: GPIO_PORTK_IBE_R unused
GPIO_PORTK_ICR_R 4006141C

Symbol: GPIO_PORTK_ICR_R
   Definitions
      At line 105 in file interrupt.s
   Uses
      None
Comment: GPIO_PORTK_ICR_R unused
GPIO_PORTK_IEV_R 4006140C

Symbol: GPIO_PORTK_IEV_R
   Definitions
      At line 104 in file interrupt.s
   Uses
      None
Comment: GPIO_PORTK_IEV_R unused
GPIO_PORTK_IM_R 40061410

Symbol: GPIO_PORTK_IM_R
   Definitions
      At line 101 in file interrupt.s
   Uses
      None
Comment: GPIO_PORTK_IM_R unused
GPIO_PORTK_IS_R 40061404

Symbol: GPIO_PORTK_IS_R
   Definitions
      At line 102 in file interrupt.s
   Uses
      None
Comment: GPIO_PORTK_IS_R unused
GPIO_PORTL 00000400

Symbol: GPIO_PORTL
   Definitions
      At line 116 in file interrupt.s
   Uses
      None
Comment: GPIO_PORTL unused
GPIO_PORTL_DATA_R 400623FC

Symbol: GPIO_PORTL_DATA_R



ARM Macro Assembler    Page 11 Alphabetic symbol ordering
Absolute symbols

   Definitions
      At line 115 in file interrupt.s
   Uses
      None
Comment: GPIO_PORTL_DATA_R unused
GPIO_PORTL_IBE_R 40062408

Symbol: GPIO_PORTL_IBE_R
   Definitions
      At line 112 in file interrupt.s
   Uses
      None
Comment: GPIO_PORTL_IBE_R unused
GPIO_PORTL_ICR_R 4006241C

Symbol: GPIO_PORTL_ICR_R
   Definitions
      At line 114 in file interrupt.s
   Uses
      None
Comment: GPIO_PORTL_ICR_R unused
GPIO_PORTL_IEV_R 4006240C

Symbol: GPIO_PORTL_IEV_R
   Definitions
      At line 113 in file interrupt.s
   Uses
      None
Comment: GPIO_PORTL_IEV_R unused
GPIO_PORTL_IM_R 40062410

Symbol: GPIO_PORTL_IM_R
   Definitions
      At line 110 in file interrupt.s
   Uses
      None
Comment: GPIO_PORTL_IM_R unused
GPIO_PORTL_IS_R 40062404

Symbol: GPIO_PORTL_IS_R
   Definitions
      At line 111 in file interrupt.s
   Uses
      None
Comment: GPIO_PORTL_IS_R unused
GPIO_PORTM 00000800

Symbol: GPIO_PORTM
   Definitions
      At line 125 in file interrupt.s
   Uses
      None
Comment: GPIO_PORTM unused
GPIO_PORTM_DATA_R 400633FC

Symbol: GPIO_PORTM_DATA_R
   Definitions
      At line 124 in file interrupt.s
   Uses



ARM Macro Assembler    Page 12 Alphabetic symbol ordering
Absolute symbols

      None
Comment: GPIO_PORTM_DATA_R unused
GPIO_PORTM_IBE_R 40063408

Symbol: GPIO_PORTM_IBE_R
   Definitions
      At line 121 in file interrupt.s
   Uses
      None
Comment: GPIO_PORTM_IBE_R unused
GPIO_PORTM_ICR_R 4006341C

Symbol: GPIO_PORTM_ICR_R
   Definitions
      At line 123 in file interrupt.s
   Uses
      None
Comment: GPIO_PORTM_ICR_R unused
GPIO_PORTM_IEV_R 4006340C

Symbol: GPIO_PORTM_IEV_R
   Definitions
      At line 122 in file interrupt.s
   Uses
      None
Comment: GPIO_PORTM_IEV_R unused
GPIO_PORTM_IM_R 40063410

Symbol: GPIO_PORTM_IM_R
   Definitions
      At line 119 in file interrupt.s
   Uses
      None
Comment: GPIO_PORTM_IM_R unused
GPIO_PORTM_IS_R 40063404

Symbol: GPIO_PORTM_IS_R
   Definitions
      At line 120 in file interrupt.s
   Uses
      None
Comment: GPIO_PORTM_IS_R unused
GPIO_PORTN 00001000

Symbol: GPIO_PORTN
   Definitions
      At line 134 in file interrupt.s
   Uses
      None
Comment: GPIO_PORTN unused
GPIO_PORTN_DATA_R 400643FC

Symbol: GPIO_PORTN_DATA_R
   Definitions
      At line 133 in file interrupt.s
   Uses
      None
Comment: GPIO_PORTN_DATA_R unused
GPIO_PORTN_IBE_R 40064408



ARM Macro Assembler    Page 13 Alphabetic symbol ordering
Absolute symbols


Symbol: GPIO_PORTN_IBE_R
   Definitions
      At line 130 in file interrupt.s
   Uses
      None
Comment: GPIO_PORTN_IBE_R unused
GPIO_PORTN_ICR_R 4006441C

Symbol: GPIO_PORTN_ICR_R
   Definitions
      At line 132 in file interrupt.s
   Uses
      None
Comment: GPIO_PORTN_ICR_R unused
GPIO_PORTN_IEV_R 4006440C

Symbol: GPIO_PORTN_IEV_R
   Definitions
      At line 131 in file interrupt.s
   Uses
      None
Comment: GPIO_PORTN_IEV_R unused
GPIO_PORTN_IM_R 40064410

Symbol: GPIO_PORTN_IM_R
   Definitions
      At line 128 in file interrupt.s
   Uses
      None
Comment: GPIO_PORTN_IM_R unused
GPIO_PORTN_IS_R 40064404

Symbol: GPIO_PORTN_IS_R
   Definitions
      At line 129 in file interrupt.s
   Uses
      None
Comment: GPIO_PORTN_IS_R unused
GPIO_PORTP 00002000

Symbol: GPIO_PORTP
   Definitions
      At line 143 in file interrupt.s
   Uses
      None
Comment: GPIO_PORTP unused
GPIO_PORTP_DATA_R 400653FC

Symbol: GPIO_PORTP_DATA_R
   Definitions
      At line 142 in file interrupt.s
   Uses
      None
Comment: GPIO_PORTP_DATA_R unused
GPIO_PORTP_IBE_R 40065408

Symbol: GPIO_PORTP_IBE_R
   Definitions



ARM Macro Assembler    Page 14 Alphabetic symbol ordering
Absolute symbols

      At line 139 in file interrupt.s
   Uses
      None
Comment: GPIO_PORTP_IBE_R unused
GPIO_PORTP_ICR_R 4006541C

Symbol: GPIO_PORTP_ICR_R
   Definitions
      At line 141 in file interrupt.s
   Uses
      None
Comment: GPIO_PORTP_ICR_R unused
GPIO_PORTP_IEV_R 4006540C

Symbol: GPIO_PORTP_IEV_R
   Definitions
      At line 140 in file interrupt.s
   Uses
      None
Comment: GPIO_PORTP_IEV_R unused
GPIO_PORTP_IM_R 40065410

Symbol: GPIO_PORTP_IM_R
   Definitions
      At line 137 in file interrupt.s
   Uses
      None
Comment: GPIO_PORTP_IM_R unused
GPIO_PORTP_IS_R 40065404

Symbol: GPIO_PORTP_IS_R
   Definitions
      At line 138 in file interrupt.s
   Uses
      None
Comment: GPIO_PORTP_IS_R unused
GPIO_PORTQ 00004000

Symbol: GPIO_PORTQ
   Definitions
      At line 152 in file interrupt.s
   Uses
      None
Comment: GPIO_PORTQ unused
GPIO_PORTQ_DATA_R 400663FC

Symbol: GPIO_PORTQ_DATA_R
   Definitions
      At line 151 in file interrupt.s
   Uses
      None
Comment: GPIO_PORTQ_DATA_R unused
GPIO_PORTQ_IBE_R 40066408

Symbol: GPIO_PORTQ_IBE_R
   Definitions
      At line 148 in file interrupt.s
   Uses
      None



ARM Macro Assembler    Page 15 Alphabetic symbol ordering
Absolute symbols

Comment: GPIO_PORTQ_IBE_R unused
GPIO_PORTQ_ICR_R 4006641C

Symbol: GPIO_PORTQ_ICR_R
   Definitions
      At line 150 in file interrupt.s
   Uses
      None
Comment: GPIO_PORTQ_ICR_R unused
GPIO_PORTQ_IEV_R 4006640C

Symbol: GPIO_PORTQ_IEV_R
   Definitions
      At line 149 in file interrupt.s
   Uses
      None
Comment: GPIO_PORTQ_IEV_R unused
GPIO_PORTQ_IM_R 40066410

Symbol: GPIO_PORTQ_IM_R
   Definitions
      At line 146 in file interrupt.s
   Uses
      None
Comment: GPIO_PORTQ_IM_R unused
GPIO_PORTQ_IS_R 40066404

Symbol: GPIO_PORTQ_IS_R
   Definitions
      At line 147 in file interrupt.s
   Uses
      None
Comment: GPIO_PORTQ_IS_R unused
MODE 20030008

Symbol: MODE
   Definitions
      At line 14 in file interrupt.s
   Uses
      None
Comment: MODE unused
NVIC_DIS0_R E000E180

Symbol: NVIC_DIS0_R
   Definitions
      At line 164 in file interrupt.s
   Uses
      None
Comment: NVIC_DIS0_R unused
NVIC_DIS1_R E000E184

Symbol: NVIC_DIS1_R
   Definitions
      At line 165 in file interrupt.s
   Uses
      None
Comment: NVIC_DIS1_R unused
NVIC_DIS2_R E000E188




ARM Macro Assembler    Page 16 Alphabetic symbol ordering
Absolute symbols

Symbol: NVIC_DIS2_R
   Definitions
      At line 166 in file interrupt.s
   Uses
      None
Comment: NVIC_DIS2_R unused
NVIC_DIS3_R E000E18C

Symbol: NVIC_DIS3_R
   Definitions
      At line 167 in file interrupt.s
   Uses
      None
Comment: NVIC_DIS3_R unused
NVIC_EN0_R E000E100

Symbol: NVIC_EN0_R
   Definitions
      At line 158 in file interrupt.s
   Uses
      None
Comment: NVIC_EN0_R unused
NVIC_EN1_R E000E104

Symbol: NVIC_EN1_R
   Definitions
      At line 159 in file interrupt.s
   Uses
      At line 258 in file interrupt.s
Comment: NVIC_EN1_R used once
NVIC_EN2_R E000E108

Symbol: NVIC_EN2_R
   Definitions
      At line 160 in file interrupt.s
   Uses
      None
Comment: NVIC_EN2_R unused
NVIC_EN3_R E000E10C

Symbol: NVIC_EN3_R
   Definitions
      At line 161 in file interrupt.s
   Uses
      None
Comment: NVIC_EN3_R unused
NVIC_PRI0_R E000E400

Symbol: NVIC_PRI0_R
   Definitions
      At line 170 in file interrupt.s
   Uses
      None
Comment: NVIC_PRI0_R unused
NVIC_PRI10_R E000E428

Symbol: NVIC_PRI10_R
   Definitions
      At line 180 in file interrupt.s



ARM Macro Assembler    Page 17 Alphabetic symbol ordering
Absolute symbols

   Uses
      None
Comment: NVIC_PRI10_R unused
NVIC_PRI11_R E000E42C

Symbol: NVIC_PRI11_R
   Definitions
      At line 181 in file interrupt.s
   Uses
      None
Comment: NVIC_PRI11_R unused
NVIC_PRI12_R E000E430

Symbol: NVIC_PRI12_R
   Definitions
      At line 182 in file interrupt.s
   Uses
      At line 265 in file interrupt.s
Comment: NVIC_PRI12_R used once
NVIC_PRI13_R E000E434

Symbol: NVIC_PRI13_R
   Definitions
      At line 183 in file interrupt.s
   Uses
      None
Comment: NVIC_PRI13_R unused
NVIC_PRI14_R E000E438

Symbol: NVIC_PRI14_R
   Definitions
      At line 184 in file interrupt.s
   Uses
      None
Comment: NVIC_PRI14_R unused
NVIC_PRI15_R E000E43C

Symbol: NVIC_PRI15_R
   Definitions
      At line 185 in file interrupt.s
   Uses
      None
Comment: NVIC_PRI15_R unused
NVIC_PRI16_R E000E440

Symbol: NVIC_PRI16_R
   Definitions
      At line 186 in file interrupt.s
   Uses
      None
Comment: NVIC_PRI16_R unused
NVIC_PRI17_R E000E444

Symbol: NVIC_PRI17_R
   Definitions
      At line 187 in file interrupt.s
   Uses
      None
Comment: NVIC_PRI17_R unused



ARM Macro Assembler    Page 18 Alphabetic symbol ordering
Absolute symbols

NVIC_PRI18_R E000E448

Symbol: NVIC_PRI18_R
   Definitions
      At line 188 in file interrupt.s
   Uses
      None
Comment: NVIC_PRI18_R unused
NVIC_PRI19_R E000E44C

Symbol: NVIC_PRI19_R
   Definitions
      At line 189 in file interrupt.s
   Uses
      None
Comment: NVIC_PRI19_R unused
NVIC_PRI1_R E000E404

Symbol: NVIC_PRI1_R
   Definitions
      At line 171 in file interrupt.s
   Uses
      None
Comment: NVIC_PRI1_R unused
NVIC_PRI20_R E000E450

Symbol: NVIC_PRI20_R
   Definitions
      At line 190 in file interrupt.s
   Uses
      None
Comment: NVIC_PRI20_R unused
NVIC_PRI21_R E000E454

Symbol: NVIC_PRI21_R
   Definitions
      At line 191 in file interrupt.s
   Uses
      None
Comment: NVIC_PRI21_R unused
NVIC_PRI22_R E000E458

Symbol: NVIC_PRI22_R
   Definitions
      At line 192 in file interrupt.s
   Uses
      None
Comment: NVIC_PRI22_R unused
NVIC_PRI23_R E000E45C

Symbol: NVIC_PRI23_R
   Definitions
      At line 193 in file interrupt.s
   Uses
      None
Comment: NVIC_PRI23_R unused
NVIC_PRI24_R E000E460

Symbol: NVIC_PRI24_R



ARM Macro Assembler    Page 19 Alphabetic symbol ordering
Absolute symbols

   Definitions
      At line 194 in file interrupt.s
   Uses
      None
Comment: NVIC_PRI24_R unused
NVIC_PRI25_R E000E464

Symbol: NVIC_PRI25_R
   Definitions
      At line 195 in file interrupt.s
   Uses
      None
Comment: NVIC_PRI25_R unused
NVIC_PRI26_R E000E468

Symbol: NVIC_PRI26_R
   Definitions
      At line 196 in file interrupt.s
   Uses
      None
Comment: NVIC_PRI26_R unused
NVIC_PRI27_R E000E46C

Symbol: NVIC_PRI27_R
   Definitions
      At line 197 in file interrupt.s
   Uses
      None
Comment: NVIC_PRI27_R unused
NVIC_PRI28_R E000E470

Symbol: NVIC_PRI28_R
   Definitions
      At line 198 in file interrupt.s
   Uses
      None
Comment: NVIC_PRI28_R unused
NVIC_PRI2_R E000E408

Symbol: NVIC_PRI2_R
   Definitions
      At line 172 in file interrupt.s
   Uses
      None
Comment: NVIC_PRI2_R unused
NVIC_PRI3_R E000E40C

Symbol: NVIC_PRI3_R
   Definitions
      At line 173 in file interrupt.s
   Uses
      None
Comment: NVIC_PRI3_R unused
NVIC_PRI4_R E000E410

Symbol: NVIC_PRI4_R
   Definitions
      At line 174 in file interrupt.s
   Uses



ARM Macro Assembler    Page 20 Alphabetic symbol ordering
Absolute symbols

      None
Comment: NVIC_PRI4_R unused
NVIC_PRI5_R E000E414

Symbol: NVIC_PRI5_R
   Definitions
      At line 175 in file interrupt.s
   Uses
      None
Comment: NVIC_PRI5_R unused
NVIC_PRI6_R E000E418

Symbol: NVIC_PRI6_R
   Definitions
      At line 176 in file interrupt.s
   Uses
      None
Comment: NVIC_PRI6_R unused
NVIC_PRI7_R E000E41C

Symbol: NVIC_PRI7_R
   Definitions
      At line 177 in file interrupt.s
   Uses
      None
Comment: NVIC_PRI7_R unused
NVIC_PRI8_R E000E420

Symbol: NVIC_PRI8_R
   Definitions
      At line 178 in file interrupt.s
   Uses
      None
Comment: NVIC_PRI8_R unused
NVIC_PRI9_R E000E424

Symbol: NVIC_PRI9_R
   Definitions
      At line 179 in file interrupt.s
   Uses
      None
Comment: NVIC_PRI9_R unused
TPOLARITY 20030010

Symbol: TPOLARITY
   Definitions
      At line 16 in file interrupt.s
   Uses
      At line 300 in file interrupt.s
Comment: TPOLARITY used once
TURN 20030004

Symbol: TURN
   Definitions
      At line 13 in file interrupt.s
   Uses
      At line 296 in file interrupt.s
Comment: TURN used once
147 symbols



ARM Macro Assembler    Page 1 Alphabetic symbol ordering
External symbols

LCD_Reset 00000000

Symbol: LCD_Reset
   Definitions
      At line 210 in file interrupt.s
   Uses
      None
Comment: LCD_Reset unused
SysTick_Wait1ms 00000000

Symbol: SysTick_Wait1ms
   Definitions
      At line 208 in file interrupt.s
   Uses
      At line 285 in file interrupt.s
Comment: SysTick_Wait1ms used once
create_reset_row 00000000

Symbol: create_reset_row
   Definitions
      At line 209 in file interrupt.s
   Uses
      At line 303 in file interrupt.s
Comment: create_reset_row used once
3 symbols
490 symbols in table
