


ARM Macro Assembler    Page 1 


    1 00000000         ;lcd.s
    2 00000000         ; Desenvolvido para a placa EK-TM4C1294XL
    3 00000000         ; Jhony Minetto Araujo, Ricardo Marthus Gremmelmaier, Ro
                       drigo Wolsky Poli
    4 00000000         ; Ver 1 02/12/2024
    5 00000000         ; Ver 2 29/01/2025
    6 00000000         
    7 00000000         
    8 00000000         ; ------------------------------------------------------
                       -------------------------
    9 00000000                 PRESERVE8        {TRUE}
   10 00000000                 THUMB                        ; Instrucoes do tip
                                                            o Thumb-2
   11 00000000         ; ------------------------------------------------------
                       -------------------------
   12 00000000         ; Declaracoes EQU - Defines
   13 00000000         ; ========================
   14 00000000 400613FC 
                       GPIO_PORTK_DATA_R
                               EQU              0x400613FC
   15 00000000 400633FC 
                       GPIO_PORTM_DATA_R
                               EQU              0x400633FC
   16 00000000         
   17 00000000         
   18 00000000         ; ================== DEFINICAO DA TABELA ===============
                       ====
   19 00000000         
   20 00000000 00000030 
                       char_0  EQU              2_00110000
   21 00000000 00000031 
                       char_1  EQU              2_00110001
   22 00000000 00000032 
                       char_2  EQU              2_00110010
   23 00000000 00000033 
                       char_3  EQU              2_00110011
   24 00000000 00000034 
                       char_4  EQU              2_00110100
   25 00000000 00000035 
                       char_5  EQU              2_00110101
   26 00000000 00000036 
                       char_6  EQU              2_00110110
   27 00000000 00000037 
                       char_7  EQU              2_00110111
   28 00000000 00000038 
                       char_8  EQU              2_00111000
   29 00000000 00000039 
                       char_9  EQU              2_00111001
   30 00000000 000000A5 
                       char_cdot
                               EQU              2_10100101
   31 00000000 0000002E 
                       char_dot
                               EQU              2_00101110
   32 00000000 000000DF 
                       char_angle
                               EQU              2_11011111
   33 00000000 0000002B 
                       char_plus



ARM Macro Assembler    Page 2 


                               EQU              2_00101011
   34 00000000 0000002D 
                       char_minus
                               EQU              2_00101101
   35 00000000 00000020 
                       char_space
                               EQU              2_00100000
   36 00000000 0000003A 
                       char_dois_pontos
                               EQU              2_00111010
   37 00000000 00000029 
                       char_parenteses_dir
                               EQU              2_00101001
   38 00000000 00000041 
                       char_A  EQU              2_01000001
   39 00000000 00000058 
                       char_D  EQU              2_01011000
   40 00000000 00000049 
                       char_I  EQU              2_01001001
   41 00000000 0000004D 
                       char_M  EQU              2_01001101
   42 00000000 00000050 
                       char_P  EQU              2_01010000
   43 00000000 00000052 
                       char_R  EQU              2_01010010
   44 00000000 00000056 
                       char_V  EQU              2_01010110
   45 00000000 00000061 
                       char_a  EQU              2_01100001
   46 00000000 00000062 
                       char_b  EQU              2_01100010
   47 00000000 00000063 
                       char_c  EQU              2_01100011
   48 00000000 00000064 
                       char_d  EQU              2_01100100
   49 00000000 00000065 
                       char_e  EQU              2_01100101
   50 00000000 00000067 
                       char_g  EQU              2_01100111
   51 00000000 00000069 
                       char_i  EQU              2_01101001
   52 00000000 0000006C 
                       char_l  EQU              2_01101100
   53 00000000 0000006D 
                       char_m  EQU              2_01101101
   54 00000000 0000006E 
                       char_n  EQU              2_01101110
   55 00000000 0000006F 
                       char_o  EQU              2_01101111
   56 00000000 00000072 
                       char_r  EQU              2_01110010
   57 00000000 00000073 
                       char_s  EQU              2_01110011
   58 00000000 00000074 
                       char_t  EQU              2_01110100
   59 00000000 00000075 
                       char_u  EQU              2_01110101
   60 00000000 00000078 
                       char_x  EQU              2_01111000



ARM Macro Assembler    Page 3 


   61 00000000         
   62 00000000         
   63 00000000 20020004 
                       CURR_KEY
                               EQU              0x20020004
   64 00000000 20030000 
                       ANGLE   EQU              0x20030000
   65 00000000 20030004 
                       TURN    EQU              0x20030004
   66 00000000 2003000C 
                       APOLARITY
                               EQU              0x2003000C
   67 00000000 20030010 
                       TPOLARITY
                               EQU              0x20030010
   68 00000000         
   69 00000000         ; ------------------------------------------------------
                       -------------------------
   70 00000000         ; Area de Codigo
   71 00000000                 AREA             |.text|, CODE, READONLY, ALIGN=
2
   72 00000000         
   73 00000000                 EXPORT           LCD_Display_Character
   74 00000000                 EXPORT           LCD_go_to_second_line
   75 00000000                 EXPORT           LCD_Reset
   76 00000000         
   77 00000000                 IMPORT           SysTick_Wait1ms
   78 00000000                 IMPORT           SysTick_Wait1us
   79 00000000         
   80 00000000                 IMPORT           LCD_Display_Number
   81 00000000         ; ------------------------------------------------------
                       -------------------------
   82 00000000         ; Funcao LCD_Display_Character
   83 00000000         ; Input: R0 -> Dado a ser mostrado no display
   84 00000000         
   85 00000000         LCD_Display_Character
   86 00000000 B500            PUSH             {LR}
   87 00000002         
   88 00000002 4935            LDR              R1, =GPIO_PORTK_DATA_R ; Dado a
                                                             ser mostrado
   89 00000004 6008            STR              R0, [R1]
   90 00000006         
   91 00000006 4935            LDR              R1, =GPIO_PORTM_DATA_R
   92 00000008 F04F 0005       MOV              R0, #2_101
   93 0000000C 6008            STR              R0, [R1]
   94 0000000E         
   95 0000000E F04F 0201       LDR              R2, =1
   96 00000012 F7FF FFFE       BL               SysTick_Wait1ms
   97 00000016         
   98 00000016 4931            LDR              R1, =GPIO_PORTM_DATA_R
   99 00000018 F04F 0000       MOV              R0, #0x00
  100 0000001C 6008            STR              R0, [R1]
  101 0000001E         
  102 0000001E F04F 0201       LDR              R2, =1
  103 00000022 F7FF FFFE       BL               SysTick_Wait1ms
  104 00000026         
  105 00000026 F85D EB04       POP              {LR}
  106 0000002A 4770            BX               LR
  107 0000002C         



ARM Macro Assembler    Page 4 


  108 0000002C         ; ------------------------------------------------------
                       -------------------------
  109 0000002C         ; Funcao LCD_go_to_second_line
  110 0000002C         ; Faz com que o cursor va para a segunda linha do displa
                       y
  111 0000002C         ; Parametro de entrada: nenhum
  112 0000002C         ; Parametro de saida: nenhum
  113 0000002C         
  114 0000002C         LCD_go_to_second_line
  115 0000002C B500            PUSH             {LR}
  116 0000002E         
  117 0000002E 482A            LDR              R0, =GPIO_PORTK_DATA_R 
                                                            ;Retorna para home
  118 00000030 F04F 0102       MOV              R1, #2_10
  119 00000034 6001            STR              R1, [R0]
  120 00000036         
  121 00000036 4829            LDR              R0, =GPIO_PORTM_DATA_R
  122 00000038 F04F 0104       MOV              R1, #2_100
  123 0000003C 6001            STR              R1, [R0]
  124 0000003E         
  125 0000003E F04F 0202       MOV              R2, #2
  126 00000042 F7FF FFFE       BL               SysTick_Wait1ms
  127 00000046         
  128 00000046 4825            LDR              R0, =GPIO_PORTM_DATA_R
  129 00000048 F04F 0100       MOV              R1, #0x00
  130 0000004C 6001            STR              R1, [R0]    ;Retornou para home
                                                            
  131 0000004E         
  132 0000004E F04F 0300       MOV              R3, #0
  133 00000052         cursor_shift_right                   ;Pula os 40 digitos
                                                            
  134 00000052 4821            LDR              R0, =GPIO_PORTK_DATA_R
  135 00000054 F04F 0114       MOV              R1, #2_10100
  136 00000058 6001            STR              R1, [R0]
  137 0000005A         
  138 0000005A 4820            LDR              R0, =GPIO_PORTM_DATA_R
  139 0000005C F04F 0104       MOV              R1, #2_100
  140 00000060 6001            STR              R1, [R0]
  141 00000062         
  142 00000062 F04F 0002       MOV              R0, #2
  143 00000066 F7FF FFFE       BL               SysTick_Wait1us
  144 0000006A         
  145 0000006A 481C            LDR              R0, =GPIO_PORTM_DATA_R
  146 0000006C F04F 0100       MOV              R1, #0x00
  147 00000070 6001            STR              R1, [R0]
  148 00000072         
  149 00000072 F103 0301       ADD              R3, #1
  150 00000076 2B28            CMP              R3, #40
  151 00000078 D1EB            BNE              cursor_shift_right
  152 0000007A         
  153 0000007A F85D EB04       POP              {LR}
  154 0000007E 4770            BX               LR
  155 00000080         
  156 00000080         ; ------------------------------------------------------
                       -------------------------
  157 00000080         ; Funcao LCD_Reset
  158 00000080         ; Reseta os valores de DDRAM do LCD
  159 00000080         ; Parametro de entrada: nenhum
  160 00000080         ; Parametro de saida: nenhum



ARM Macro Assembler    Page 5 


  161 00000080         LCD_Reset
  162 00000080 B500            PUSH             {LR}
  163 00000082         
  164 00000082 4815            LDR              R0, =GPIO_PORTK_DATA_R ;Clear n
                                                            o display     
  165 00000084 F04F 0101       MOV              R1, #2_1
  166 00000088 6001            STR              R1, [R0]
  167 0000008A         
  168 0000008A 4814            LDR              R0, =GPIO_PORTM_DATA_R
  169 0000008C F04F 0104       MOV              R1, #2_100
  170 00000090 6001            STR              R1, [R0]
  171 00000092         
  172 00000092 F04F 0201       MOV              R2, #1
  173 00000096 F7FF FFFE       BL               SysTick_Wait1ms
  174 0000009A         
  175 0000009A 4810            LDR              R0, =GPIO_PORTM_DATA_R
  176 0000009C F04F 0100       MOV              R1, #0x00
  177 000000A0 6001            STR              R1, [R0]
  178 000000A2         
  179 000000A2 F04F 0201       MOV              R2, #1
  180 000000A6 F7FF FFFE       BL               SysTick_Wait1ms
  181 000000AA         
  182 000000AA 480B            LDR              R0, =GPIO_PORTK_DATA_R 
                                                            ;Retorna para home
  183 000000AC F04F 0102       MOV              R1, #2_10
  184 000000B0 6001            STR              R1, [R0]
  185 000000B2         
  186 000000B2 480A            LDR              R0, =GPIO_PORTM_DATA_R
  187 000000B4 F04F 0104       MOV              R1, #2_100
  188 000000B8 6001            STR              R1, [R0]
  189 000000BA         
  190 000000BA F04F 0201       MOV              R2, #1
  191 000000BE F7FF FFFE       BL               SysTick_Wait1ms
  192 000000C2         
  193 000000C2 4806            LDR              R0, =GPIO_PORTM_DATA_R
  194 000000C4 F04F 0100       MOV              R1, #0x00
  195 000000C8 6001            STR              R1, [R0]    ;Retornou para home
                                                            
  196 000000CA         
  197 000000CA F04F 0201       MOV              R2, #1
  198 000000CE F7FF FFFE       BL               SysTick_Wait1ms
  199 000000D2         
  200 000000D2 F85D EB04       POP              {LR}
  201 000000D6 4770            BX               LR
  202 000000D8         ;-------------------------------------------------------
                       ------------------------
  203 000000D8         
  204 000000D8         
  205 000000D8                 ALIGN
  206 000000D8                 END
              400613FC 
              400633FC 
Command Line: --debug --xref --diag_suppress=9931,A1950W --cpu=Cortex-M4.fp.sp 
--depend=.\objects\lcd.d -o.\objects\lcd.o -IC:\Users\Ricar\AppData\Local\Arm\P
acks\Keil\TM4C_DFP\1.1.0\Device\Include\TM4C129 --predefine="__EVAL SETA 1" --p
redefine="__UVISION_VERSION SETA 541" --predefine="TM4C1294NCPDT SETA 1" --list
=.\listings\lcd.lst lcd.s



ARM Macro Assembler    Page 1 Alphabetic symbol ordering
Relocatable symbols

.text 00000000

Symbol: .text
   Definitions
      At line 71 in file lcd.s
   Uses
      None
Comment: .text unused
LCD_Display_Character 00000000

Symbol: LCD_Display_Character
   Definitions
      At line 85 in file lcd.s
   Uses
      At line 73 in file lcd.s
Comment: LCD_Display_Character used once
LCD_Reset 00000080

Symbol: LCD_Reset
   Definitions
      At line 161 in file lcd.s
   Uses
      At line 75 in file lcd.s
Comment: LCD_Reset used once
LCD_go_to_second_line 0000002C

Symbol: LCD_go_to_second_line
   Definitions
      At line 114 in file lcd.s
   Uses
      At line 74 in file lcd.s
Comment: LCD_go_to_second_line used once
cursor_shift_right 00000052

Symbol: cursor_shift_right
   Definitions
      At line 133 in file lcd.s
   Uses
      At line 151 in file lcd.s
Comment: cursor_shift_right used once
5 symbols



ARM Macro Assembler    Page 1 Alphabetic symbol ordering
Absolute symbols

ANGLE 20030000

Symbol: ANGLE
   Definitions
      At line 64 in file lcd.s
   Uses
      None
Comment: ANGLE unused
APOLARITY 2003000C

Symbol: APOLARITY
   Definitions
      At line 66 in file lcd.s
   Uses
      None
Comment: APOLARITY unused
CURR_KEY 20020004

Symbol: CURR_KEY
   Definitions
      At line 63 in file lcd.s
   Uses
      None
Comment: CURR_KEY unused
GPIO_PORTK_DATA_R 400613FC

Symbol: GPIO_PORTK_DATA_R
   Definitions
      At line 14 in file lcd.s
   Uses
      At line 88 in file lcd.s
      At line 117 in file lcd.s
      At line 134 in file lcd.s
      At line 164 in file lcd.s
      At line 182 in file lcd.s

GPIO_PORTM_DATA_R 400633FC

Symbol: GPIO_PORTM_DATA_R
   Definitions
      At line 15 in file lcd.s
   Uses
      At line 91 in file lcd.s
      At line 98 in file lcd.s
      At line 121 in file lcd.s
      At line 128 in file lcd.s
      At line 138 in file lcd.s
      At line 145 in file lcd.s
      At line 168 in file lcd.s
      At line 175 in file lcd.s
      At line 186 in file lcd.s
      At line 193 in file lcd.s

TPOLARITY 20030010

Symbol: TPOLARITY
   Definitions
      At line 67 in file lcd.s
   Uses



ARM Macro Assembler    Page 2 Alphabetic symbol ordering
Absolute symbols

      None
Comment: TPOLARITY unused
TURN 20030004

Symbol: TURN
   Definitions
      At line 65 in file lcd.s
   Uses
      None
Comment: TURN unused
char_0 00000030

Symbol: char_0
   Definitions
      At line 20 in file lcd.s
   Uses
      None
Comment: char_0 unused
char_1 00000031

Symbol: char_1
   Definitions
      At line 21 in file lcd.s
   Uses
      None
Comment: char_1 unused
char_2 00000032

Symbol: char_2
   Definitions
      At line 22 in file lcd.s
   Uses
      None
Comment: char_2 unused
char_3 00000033

Symbol: char_3
   Definitions
      At line 23 in file lcd.s
   Uses
      None
Comment: char_3 unused
char_4 00000034

Symbol: char_4
   Definitions
      At line 24 in file lcd.s
   Uses
      None
Comment: char_4 unused
char_5 00000035

Symbol: char_5
   Definitions
      At line 25 in file lcd.s
   Uses
      None
Comment: char_5 unused
char_6 00000036



ARM Macro Assembler    Page 3 Alphabetic symbol ordering
Absolute symbols


Symbol: char_6
   Definitions
      At line 26 in file lcd.s
   Uses
      None
Comment: char_6 unused
char_7 00000037

Symbol: char_7
   Definitions
      At line 27 in file lcd.s
   Uses
      None
Comment: char_7 unused
char_8 00000038

Symbol: char_8
   Definitions
      At line 28 in file lcd.s
   Uses
      None
Comment: char_8 unused
char_9 00000039

Symbol: char_9
   Definitions
      At line 29 in file lcd.s
   Uses
      None
Comment: char_9 unused
char_A 00000041

Symbol: char_A
   Definitions
      At line 38 in file lcd.s
   Uses
      None
Comment: char_A unused
char_D 00000058

Symbol: char_D
   Definitions
      At line 39 in file lcd.s
   Uses
      None
Comment: char_D unused
char_I 00000049

Symbol: char_I
   Definitions
      At line 40 in file lcd.s
   Uses
      None
Comment: char_I unused
char_M 0000004D

Symbol: char_M
   Definitions



ARM Macro Assembler    Page 4 Alphabetic symbol ordering
Absolute symbols

      At line 41 in file lcd.s
   Uses
      None
Comment: char_M unused
char_P 00000050

Symbol: char_P
   Definitions
      At line 42 in file lcd.s
   Uses
      None
Comment: char_P unused
char_R 00000052

Symbol: char_R
   Definitions
      At line 43 in file lcd.s
   Uses
      None
Comment: char_R unused
char_V 00000056

Symbol: char_V
   Definitions
      At line 44 in file lcd.s
   Uses
      None
Comment: char_V unused
char_a 00000061

Symbol: char_a
   Definitions
      At line 45 in file lcd.s
   Uses
      None
Comment: char_a unused
char_angle 000000DF

Symbol: char_angle
   Definitions
      At line 32 in file lcd.s
   Uses
      None
Comment: char_angle unused
char_b 00000062

Symbol: char_b
   Definitions
      At line 46 in file lcd.s
   Uses
      None
Comment: char_b unused
char_c 00000063

Symbol: char_c
   Definitions
      At line 47 in file lcd.s
   Uses
      None



ARM Macro Assembler    Page 5 Alphabetic symbol ordering
Absolute symbols

Comment: char_c unused
char_cdot 000000A5

Symbol: char_cdot
   Definitions
      At line 30 in file lcd.s
   Uses
      None
Comment: char_cdot unused
char_d 00000064

Symbol: char_d
   Definitions
      At line 48 in file lcd.s
   Uses
      None
Comment: char_d unused
char_dois_pontos 0000003A

Symbol: char_dois_pontos
   Definitions
      At line 36 in file lcd.s
   Uses
      None
Comment: char_dois_pontos unused
char_dot 0000002E

Symbol: char_dot
   Definitions
      At line 31 in file lcd.s
   Uses
      None
Comment: char_dot unused
char_e 00000065

Symbol: char_e
   Definitions
      At line 49 in file lcd.s
   Uses
      None
Comment: char_e unused
char_g 00000067

Symbol: char_g
   Definitions
      At line 50 in file lcd.s
   Uses
      None
Comment: char_g unused
char_i 00000069

Symbol: char_i
   Definitions
      At line 51 in file lcd.s
   Uses
      None
Comment: char_i unused
char_l 0000006C




ARM Macro Assembler    Page 6 Alphabetic symbol ordering
Absolute symbols

Symbol: char_l
   Definitions
      At line 52 in file lcd.s
   Uses
      None
Comment: char_l unused
char_m 0000006D

Symbol: char_m
   Definitions
      At line 53 in file lcd.s
   Uses
      None
Comment: char_m unused
char_minus 0000002D

Symbol: char_minus
   Definitions
      At line 34 in file lcd.s
   Uses
      None
Comment: char_minus unused
char_n 0000006E

Symbol: char_n
   Definitions
      At line 54 in file lcd.s
   Uses
      None
Comment: char_n unused
char_o 0000006F

Symbol: char_o
   Definitions
      At line 55 in file lcd.s
   Uses
      None
Comment: char_o unused
char_parenteses_dir 00000029

Symbol: char_parenteses_dir
   Definitions
      At line 37 in file lcd.s
   Uses
      None
Comment: char_parenteses_dir unused
char_plus 0000002B

Symbol: char_plus
   Definitions
      At line 33 in file lcd.s
   Uses
      None
Comment: char_plus unused
char_r 00000072

Symbol: char_r
   Definitions
      At line 56 in file lcd.s



ARM Macro Assembler    Page 7 Alphabetic symbol ordering
Absolute symbols

   Uses
      None
Comment: char_r unused
char_s 00000073

Symbol: char_s
   Definitions
      At line 57 in file lcd.s
   Uses
      None
Comment: char_s unused
char_space 00000020

Symbol: char_space
   Definitions
      At line 35 in file lcd.s
   Uses
      None
Comment: char_space unused
char_t 00000074

Symbol: char_t
   Definitions
      At line 58 in file lcd.s
   Uses
      None
Comment: char_t unused
char_u 00000075

Symbol: char_u
   Definitions
      At line 59 in file lcd.s
   Uses
      None
Comment: char_u unused
char_x 00000078

Symbol: char_x
   Definitions
      At line 60 in file lcd.s
   Uses
      None
Comment: char_x unused
48 symbols



ARM Macro Assembler    Page 1 Alphabetic symbol ordering
External symbols

LCD_Display_Number 00000000

Symbol: LCD_Display_Number
   Definitions
      At line 80 in file lcd.s
   Uses
      None
Comment: LCD_Display_Number unused
SysTick_Wait1ms 00000000

Symbol: SysTick_Wait1ms
   Definitions
      At line 77 in file lcd.s
   Uses
      At line 96 in file lcd.s
      At line 103 in file lcd.s
      At line 126 in file lcd.s
      At line 173 in file lcd.s
      At line 180 in file lcd.s
      At line 191 in file lcd.s
      At line 198 in file lcd.s

SysTick_Wait1us 00000000

Symbol: SysTick_Wait1us
   Definitions
      At line 78 in file lcd.s
   Uses
      At line 143 in file lcd.s
Comment: SysTick_Wait1us used once
3 symbols
392 symbols in table
