


ARM Macro Assembler    Page 1 


    1 00000000         ;teclado.s
    2 00000000         ; Desenvolvido para a placa EK-TM4C1294XL
    3 00000000         ; Jhony Minetto Araujo, Ricardo Marthus Gremmelmaier, Ro
                       drigo Wolsky Poli
    4 00000000         ; Ver 1 02/12/2024
    5 00000000         ; Ver 2 29/01/2025
    6 00000000         
    7 00000000         
    8 00000000         ; ------------------------------------------------------
                       -------------------------
    9 00000000                 THUMB                        ; Instrucoes do tip
                                                            o Thumb-2
   10 00000000         ; ------------------------------------------------------
                       -------------------------
   11 00000000         ; Declaracoes EQU - Defines
   12 00000000         ; ========================
   13 00000000 20000B00 
                       TECLADO_PRESS_ADDR
                               EQU              0x20000B00
   14 00000000         
   15 00000000         ; ~~~~~~~~~~~~~~~~ PORT L ~~~~~~~~~~~~~~~~~~
   16 00000000 400623FC 
                       GPIO_PORTL_DATA_R
                               EQU              0x400623FC
   17 00000000 40062400 
                       GPIO_PORTL_DIR_R
                               EQU              0x40062400
   18 00000000 40062420 
                       GPIO_PORTL_AFSEL_R
                               EQU              0x40062420
   19 00000000 40062510 
                       GPIO_PORTL_PUR_R
                               EQU              0x40062510
   20 00000000 40062514 
                       GPIO_PORTL_PDR_R
                               EQU              0x40062514
   21 00000000 4006251C 
                       GPIO_PORTL_DEN_R
                               EQU              0x4006251C
   22 00000000 40062520 
                       GPIO_PORTL_LOCK_R
                               EQU              0x40062520
   23 00000000 40062524 
                       GPIO_PORTL_CR_R
                               EQU              0x40062524
   24 00000000 40062528 
                       GPIO_PORTL_AMSEL_R
                               EQU              0x40062528
   25 00000000 4006252C 
                       GPIO_PORTL_PCTL_R
                               EQU              0x4006252C
   26 00000000 00000400 
                       GPIO_PORTL
                               EQU              2_000010000000000
   27 00000000         
   28 00000000         ; ~~~~~~~~~~~~~~~~ PORT M ~~~~~~~~~~~~~~~~~~
   29 00000000 400633FC 
                       GPIO_PORTM_DATA_R
                               EQU              0x400633FC



ARM Macro Assembler    Page 2 


   30 00000000 40063400 
                       GPIO_PORTM_DIR_R
                               EQU              0x40063400
   31 00000000 40063420 
                       GPIO_PORTM_AFSEL_R
                               EQU              0x40063420
   32 00000000 40063510 
                       GPIO_PORTM_PUR_R
                               EQU              0x40063510
   33 00000000 4006351C 
                       GPIO_PORTM_DEN_R
                               EQU              0x4006351C
   34 00000000 40063520 
                       GPIO_PORTM_LOCK_R
                               EQU              0x40063520
   35 00000000 40063524 
                       GPIO_PORTM_CR_R
                               EQU              0x40063524
   36 00000000 40063528 
                       GPIO_PORTM_AMSEL_R
                               EQU              0x40063528
   37 00000000 4006352C 
                       GPIO_PORTM_PCTL_R
                               EQU              0x4006352C
   38 00000000 00000800 
                       GPIO_PORTM
                               EQU              2_000100000000000
   39 00000000         
   40 00000000         ; ------------------------------------------------------
                       -------------------------
   41 00000000         ; Area de Codigo - Tudo abaixo da diretiva a seguir sera
                        armazenado na memoria de 
   42 00000000         ;                  codigo
   43 00000000                 AREA             |.text|, CODE, READONLY, ALIGN=
2
   44 00000000         
   45 00000000         ; Se alguma funcao do arquivo for chamada em outro arqui
                       vo 
   46 00000000                 EXPORT           TecladoM_Poll
   47 00000000         
   48 00000000         ; ------------------------------------------------------
                       -------------------------
   49 00000000         ; Funcao TecladoM_Poll
   50 00000000         ; Retorna o digito da 1a tecla pressionada. Pinos L0-L3 
                       sao entrada e M4-M7 sao saida.
   51 00000000         ; Saida: R1 -> Valor da tecla pressionada (0xF se nenhum
                       a for pressionada)
   52 00000000         TecladoM_Poll
   53 00000000 F04F 0280       MOV              R2, #2_10000000
   54 00000004         ;
   55 00000004         loop_columns
   56 00000004 F04F 0110       MOV              R1, #0x10   ; Seta a saida para
                                                             10 pois a tecla 10
                                                             nao existe
   57 00000008 2A08            CMP              R2, #2_00001000
   58 0000000A D94A            BLS              teclado_retorno
   59 0000000C         ;
   60 0000000C 4827            LDR              R0, =GPIO_PORTM_DATA_R ; Habili
                                                            ta o Pino de R2



ARM Macro Assembler    Page 3 


   61 0000000E 6002            STR              R2, [R0]
   62 00000010         
   63 00000010 4827            LDR              R0, =GPIO_PORTL_DATA_R 
                                                            ; Leitura dos dados
                                                            
   64 00000012 6801            LDR              R1, [R0]
   65 00000014         
   66 00000014         ; Verifica se alguma tecla foi apertada e retorna
   67 00000014 2908            CMP              R1, #2_1000 ; Verifica se o pin
                                                            o L3 esta ativo (te
                                                            clas *, 0, # e D)
   68 00000016 D008            BEQ              teclado_decode
   69 00000018         
   70 00000018 2904            CMP              R1, #2_0100 ; Verifica se o pin
                                                            o L2 esta ativo (te
                                                            clas 7, 8, 9 e C)
   71 0000001A D006            BEQ              teclado_decode
   72 0000001C         
   73 0000001C 2902            CMP              R1, #2_0010 ; Verifica se o pin
                                                            o L1 esta ativo (te
                                                            clas 4, 5, 6 e B)
   74 0000001E D004            BEQ              teclado_decode
   75 00000020         
   76 00000020 2901            CMP              R1, #2_0001 ; Verifica se o pin
                                                            o L0 esta ativo (te
                                                            clas 1, 2, 3 e A)
   77 00000022 D002            BEQ              teclado_decode
   78 00000024         
   79 00000024 EA4F 0252       LSR              R2, R2, #1
   80 00000028 E7EC            B                loop_columns
   81 0000002A         
   82 0000002A         teclado_decode
   83 0000002A         ; Decodifica a relacao coluna-linha para determinar qual
                        tecla foi pressionada
   84 0000002A 2A10            CMP              R2, #2_00010000
   85 0000002C D005            BEQ              decode_coluna_1
   86 0000002E         
   87 0000002E 2A20            CMP              R2, #2_00100000
   88 00000030 D010            BEQ              decode_coluna_2
   89 00000032         
   90 00000032 2A40            CMP              R2, #2_01000000
   91 00000034 D01B            BEQ              decode_coluna_3
   92 00000036         
   93 00000036 2A80            CMP              R2, #2_10000000
   94 00000038 D026            BEQ              decode_coluna_4
   95 0000003A         
   96 0000003A         decode_coluna_1
   97 0000003A 2908            CMP              R1, #2_1000 ; Tecla *
   98 0000003C BF08            IT               EQ
   99 0000003E 212A            MOVEQ            R1, #2_00101010
  100 00000040         
  101 00000040 2904            CMP              R1, #2_0100 ; Tecla 7
  102 00000042 BF08            IT               EQ
  103 00000044 2137            MOVEQ            R1, #0x37
  104 00000046         
  105 00000046 2902            CMP              R1, #2_0010 ; Tecla 4
  106 00000048 BF08            IT               EQ
  107 0000004A 2134            MOVEQ            R1, #0x34
  108 0000004C         



ARM Macro Assembler    Page 4 


  109 0000004C 2901            CMP              R1, #2_0001 ; Tecla 1
  110 0000004E BF08            IT               EQ
  111 00000050 2131            MOVEQ            R1, #0x31
  112 00000052         
  113 00000052 E026            B                teclado_retorno
  114 00000054         
  115 00000054         decode_coluna_2
  116 00000054 2908            CMP              R1, #2_1000 ; Tecla 0
  117 00000056 BF08            IT               EQ
  118 00000058 2130            MOVEQ            R1, #0x30
  119 0000005A         
  120 0000005A 2904            CMP              R1, #2_0100 ; Tecla 8
  121 0000005C BF08            IT               EQ
  122 0000005E 2138            MOVEQ            R1, #0x38
  123 00000060         
  124 00000060 2902            CMP              R1, #2_0010 ; Tecla 5
  125 00000062 BF08            IT               EQ
  126 00000064 2135            MOVEQ            R1, #0x35
  127 00000066         
  128 00000066 2901            CMP              R1, #2_0001 ; Tecla 2
  129 00000068 BF08            IT               EQ
  130 0000006A 2132            MOVEQ            R1, #0x32
  131 0000006C         
  132 0000006C E019            B                teclado_retorno
  133 0000006E         
  134 0000006E         decode_coluna_3
  135 0000006E 2908            CMP              R1, #2_1000 ; Tecla #
  136 00000070 BF08            IT               EQ
  137 00000072 2123            MOVEQ            R1, #2_00100011
  138 00000074         
  139 00000074 2904            CMP              R1, #2_0100 ; Tecla 9
  140 00000076 BF08            IT               EQ
  141 00000078 2139            MOVEQ            R1, #0x39
  142 0000007A         
  143 0000007A 2902            CMP              R1, #2_0010 ; Tecla 6
  144 0000007C BF08            IT               EQ
  145 0000007E 2136            MOVEQ            R1, #0x36
  146 00000080         
  147 00000080 2901            CMP              R1, #2_0001 ; Tecla 3
  148 00000082 BF08            IT               EQ
  149 00000084 2133            MOVEQ            R1, #0x33
  150 00000086         
  151 00000086 E00C            B                teclado_retorno
  152 00000088         
  153 00000088         decode_coluna_4
  154 00000088 2908            CMP              R1, #2_1000 ; Tecla D
  155 0000008A BF08            IT               EQ
  156 0000008C 2144            MOVEQ            R1, #2_01000100
  157 0000008E         
  158 0000008E 2904            CMP              R1, #2_0100 ; Tecla C
  159 00000090 BF08            IT               EQ
  160 00000092 2143            MOVEQ            R1, #2_01000011
  161 00000094         
  162 00000094 2902            CMP              R1, #2_0010 ; Tecla B
  163 00000096 BF08            IT               EQ
  164 00000098 2142            MOVEQ            R1, #2_01000010
  165 0000009A         
  166 0000009A 2901            CMP              R1, #2_0001 ; Tecla A
  167 0000009C BF08            IT               EQ



ARM Macro Assembler    Page 5 


  168 0000009E 2141            MOVEQ            R1, #2_01000001
  169 000000A0         
  170 000000A0 E7FF            B                teclado_retorno
  171 000000A2         
  172 000000A2         teclado_retorno
  173 000000A2 4804            LDR              R0, =TECLADO_PRESS_ADDR ; Sinal
                                                            a que um botão foi
                                                             clicado
  174 000000A4 F04F 0201       MOV              R2, #1
  175 000000A8 6002            STR              R2, [R0]
  176 000000AA         
  177 000000AA 4770            BX               LR          ; Retorno
  178 000000AC         
  179 000000AC                 ALIGN                        ;Garante que o fim 
                                                            da secao esta alinh
                                                            ada 
  180 000000AC                 END                          ;Fim do arquivo
              400633FC 
              400623FC 
              20000B00 
Command Line: --debug --xref --diag_suppress=9931 --cpu=Cortex-M4.fp.sp --apcs=
interwork --depend=.\objects\teclado.d -o.\objects\teclado.o -IC:\Users\Ricar\A
ppData\Local\Arm\Packs\Keil\TM4C_DFP\1.1.0\Device\Include\TM4C129 --predefine="
__EVAL SETA 1" --predefine="__UVISION_VERSION SETA 536" --predefine="TM4C1294NC
PDT SETA 1" --list=.\listings\teclado.lst teclado.s



ARM Macro Assembler    Page 1 Alphabetic symbol ordering
Relocatable symbols

.text 00000000

Symbol: .text
   Definitions
      At line 43 in file teclado.s
   Uses
      None
Comment: .text unused
TecladoM_Poll 00000000

Symbol: TecladoM_Poll
   Definitions
      At line 52 in file teclado.s
   Uses
      At line 46 in file teclado.s
Comment: TecladoM_Poll used once
decode_coluna_1 0000003A

Symbol: decode_coluna_1
   Definitions
      At line 96 in file teclado.s
   Uses
      At line 85 in file teclado.s
Comment: decode_coluna_1 used once
decode_coluna_2 00000054

Symbol: decode_coluna_2
   Definitions
      At line 115 in file teclado.s
   Uses
      At line 88 in file teclado.s
Comment: decode_coluna_2 used once
decode_coluna_3 0000006E

Symbol: decode_coluna_3
   Definitions
      At line 134 in file teclado.s
   Uses
      At line 91 in file teclado.s
Comment: decode_coluna_3 used once
decode_coluna_4 00000088

Symbol: decode_coluna_4
   Definitions
      At line 153 in file teclado.s
   Uses
      At line 94 in file teclado.s
Comment: decode_coluna_4 used once
loop_columns 00000004

Symbol: loop_columns
   Definitions
      At line 55 in file teclado.s
   Uses
      At line 80 in file teclado.s
Comment: loop_columns used once
teclado_decode 0000002A

Symbol: teclado_decode



ARM Macro Assembler    Page 2 Alphabetic symbol ordering
Relocatable symbols

   Definitions
      At line 82 in file teclado.s
   Uses
      At line 68 in file teclado.s
      At line 71 in file teclado.s
      At line 74 in file teclado.s
      At line 77 in file teclado.s

teclado_retorno 000000A2

Symbol: teclado_retorno
   Definitions
      At line 172 in file teclado.s
   Uses
      At line 58 in file teclado.s
      At line 113 in file teclado.s
      At line 132 in file teclado.s
      At line 151 in file teclado.s
      At line 170 in file teclado.s

9 symbols



ARM Macro Assembler    Page 1 Alphabetic symbol ordering
Absolute symbols

GPIO_PORTL 00000400

Symbol: GPIO_PORTL
   Definitions
      At line 26 in file teclado.s
   Uses
      None
Comment: GPIO_PORTL unused
GPIO_PORTL_AFSEL_R 40062420

Symbol: GPIO_PORTL_AFSEL_R
   Definitions
      At line 18 in file teclado.s
   Uses
      None
Comment: GPIO_PORTL_AFSEL_R unused
GPIO_PORTL_AMSEL_R 40062528

Symbol: GPIO_PORTL_AMSEL_R
   Definitions
      At line 24 in file teclado.s
   Uses
      None
Comment: GPIO_PORTL_AMSEL_R unused
GPIO_PORTL_CR_R 40062524

Symbol: GPIO_PORTL_CR_R
   Definitions
      At line 23 in file teclado.s
   Uses
      None
Comment: GPIO_PORTL_CR_R unused
GPIO_PORTL_DATA_R 400623FC

Symbol: GPIO_PORTL_DATA_R
   Definitions
      At line 16 in file teclado.s
   Uses
      At line 63 in file teclado.s
Comment: GPIO_PORTL_DATA_R used once
GPIO_PORTL_DEN_R 4006251C

Symbol: GPIO_PORTL_DEN_R
   Definitions
      At line 21 in file teclado.s
   Uses
      None
Comment: GPIO_PORTL_DEN_R unused
GPIO_PORTL_DIR_R 40062400

Symbol: GPIO_PORTL_DIR_R
   Definitions
      At line 17 in file teclado.s
   Uses
      None
Comment: GPIO_PORTL_DIR_R unused
GPIO_PORTL_LOCK_R 40062520

Symbol: GPIO_PORTL_LOCK_R



ARM Macro Assembler    Page 2 Alphabetic symbol ordering
Absolute symbols

   Definitions
      At line 22 in file teclado.s
   Uses
      None
Comment: GPIO_PORTL_LOCK_R unused
GPIO_PORTL_PCTL_R 4006252C

Symbol: GPIO_PORTL_PCTL_R
   Definitions
      At line 25 in file teclado.s
   Uses
      None
Comment: GPIO_PORTL_PCTL_R unused
GPIO_PORTL_PDR_R 40062514

Symbol: GPIO_PORTL_PDR_R
   Definitions
      At line 20 in file teclado.s
   Uses
      None
Comment: GPIO_PORTL_PDR_R unused
GPIO_PORTL_PUR_R 40062510

Symbol: GPIO_PORTL_PUR_R
   Definitions
      At line 19 in file teclado.s
   Uses
      None
Comment: GPIO_PORTL_PUR_R unused
GPIO_PORTM 00000800

Symbol: GPIO_PORTM
   Definitions
      At line 38 in file teclado.s
   Uses
      None
Comment: GPIO_PORTM unused
GPIO_PORTM_AFSEL_R 40063420

Symbol: GPIO_PORTM_AFSEL_R
   Definitions
      At line 31 in file teclado.s
   Uses
      None
Comment: GPIO_PORTM_AFSEL_R unused
GPIO_PORTM_AMSEL_R 40063528

Symbol: GPIO_PORTM_AMSEL_R
   Definitions
      At line 36 in file teclado.s
   Uses
      None
Comment: GPIO_PORTM_AMSEL_R unused
GPIO_PORTM_CR_R 40063524

Symbol: GPIO_PORTM_CR_R
   Definitions
      At line 35 in file teclado.s
   Uses



ARM Macro Assembler    Page 3 Alphabetic symbol ordering
Absolute symbols

      None
Comment: GPIO_PORTM_CR_R unused
GPIO_PORTM_DATA_R 400633FC

Symbol: GPIO_PORTM_DATA_R
   Definitions
      At line 29 in file teclado.s
   Uses
      At line 60 in file teclado.s
Comment: GPIO_PORTM_DATA_R used once
GPIO_PORTM_DEN_R 4006351C

Symbol: GPIO_PORTM_DEN_R
   Definitions
      At line 33 in file teclado.s
   Uses
      None
Comment: GPIO_PORTM_DEN_R unused
GPIO_PORTM_DIR_R 40063400

Symbol: GPIO_PORTM_DIR_R
   Definitions
      At line 30 in file teclado.s
   Uses
      None
Comment: GPIO_PORTM_DIR_R unused
GPIO_PORTM_LOCK_R 40063520

Symbol: GPIO_PORTM_LOCK_R
   Definitions
      At line 34 in file teclado.s
   Uses
      None
Comment: GPIO_PORTM_LOCK_R unused
GPIO_PORTM_PCTL_R 4006352C

Symbol: GPIO_PORTM_PCTL_R
   Definitions
      At line 37 in file teclado.s
   Uses
      None
Comment: GPIO_PORTM_PCTL_R unused
GPIO_PORTM_PUR_R 40063510

Symbol: GPIO_PORTM_PUR_R
   Definitions
      At line 32 in file teclado.s
   Uses
      None
Comment: GPIO_PORTM_PUR_R unused
TECLADO_PRESS_ADDR 20000B00

Symbol: TECLADO_PRESS_ADDR
   Definitions
      At line 13 in file teclado.s
   Uses
      At line 173 in file teclado.s
Comment: TECLADO_PRESS_ADDR used once
22 symbols



ARM Macro Assembler    Page 4 Alphabetic symbol ordering
Absolute symbols

367 symbols in table
