


ARM Macro Assembler    Page 1 


    1 00000000         ; gpio.s
    2 00000000         ; Desenvolvido para a placa EK-TM4C1294XL
    3 00000000         ; Jhony Minetto Araujo, Ricardo Marthus Gremmelmaier, Ro
                       drigo Wolsky Poli
    4 00000000         ; Ver 1 30/11/2024
    5 00000000         
    6 00000000         ; ------------------------------------------------------
                       -------------------------
    7 00000000                 THUMB                        ; Instrucoes do tip
                                                            o Thumb-2
    8 00000000         ; ------------------------------------------------------
                       -------------------------
    9 00000000         ; Declaracoes EQU - Defines
   10 00000000         ; ========================
   11 00000000         ; ========================
   12 00000000         ; Definicoes dos Registradores Gerais
   13 00000000 400FE608 
                       SYSCTL_RCGCGPIO_R
                               EQU              0x400FE608
   14 00000000 400FEA08 
                       SYSCTL_PRGPIO_R
                               EQU              0x400FEA08
   15 00000000         ; ========================
   16 00000000         ; Definições dos Ports
   17 00000000         ; ~~~~~~~~~~~~~~~~ PORT A ~~~~~~~~~~~~~~~~~~
   18 00000000 40058520 
                       GPIO_PORTA_AHB_LOCK_R
                               EQU              0x40058520
   19 00000000 40058524 
                       GPIO_PORTA_AHB_CR_R
                               EQU              0x40058524
   20 00000000 40058528 
                       GPIO_PORTA_AHB_AMSEL_R
                               EQU              0x40058528
   21 00000000 4005852C 
                       GPIO_PORTA_AHB_PCTL_R
                               EQU              0x4005852C
   22 00000000 40058400 
                       GPIO_PORTA_AHB_DIR_R
                               EQU              0x40058400
   23 00000000 40058420 
                       GPIO_PORTA_AHB_AFSEL_R
                               EQU              0x40058420
   24 00000000 4005851C 
                       GPIO_PORTA_AHB_DEN_R
                               EQU              0x4005851C
   25 00000000 40058510 
                       GPIO_PORTA_AHB_PUR_R
                               EQU              0x40058510
   26 00000000 400583FC 
                       GPIO_PORTA_AHB_DATA_R
                               EQU              0x400583FC
   27 00000000 00000001 
                       GPIO_PORTA
                               EQU              2_000000000000001
   28 00000000         
   29 00000000         ; ~~~~~~~~~~~~~~~~ PORT B ~~~~~~~~~~~~~~~~~~
   30 00000000 400593FC 
                       GPIO_PORTB_AHB_DATA_R



ARM Macro Assembler    Page 2 


                               EQU              0x400593FC
   31 00000000 40059400 
                       GPIO_PORTB_AHB_DIR_R
                               EQU              0x40059400
   32 00000000 40059420 
                       GPIO_PORTB_AHB_AFSEL_R
                               EQU              0x40059420
   33 00000000 40059510 
                       GPIO_PORTB_AHB_PUR_R
                               EQU              0x40059510
   34 00000000 4005951C 
                       GPIO_PORTB_AHB_DEN_R
                               EQU              0x4005951C
   35 00000000 40059520 
                       GPIO_PORTB_AHB_LOCK_R
                               EQU              0x40059520
   36 00000000 40059524 
                       GPIO_PORTB_AHB_CR_R
                               EQU              0x40059524
   37 00000000 40059528 
                       GPIO_PORTB_AHB_AMSEL_R
                               EQU              0x40059528
   38 00000000 4005952C 
                       GPIO_PORTB_AHB_PCTL_R
                               EQU              0x4005952C
   39 00000000 00000002 
                       GPIO_PORTB
                               EQU              2_000000000000010
   40 00000000         
   41 00000000         ; ~~~~~~~~~~~~~~~~ PORT C ~~~~~~~~~~~~~~~~~~
   42 00000000 4005A3FC 
                       GPIO_PORTC_AHB_DATA_R
                               EQU              0x4005A3FC
   43 00000000 4005A400 
                       GPIO_PORTC_AHB_DIR_R
                               EQU              0x4005A400
   44 00000000 4005A420 
                       GPIO_PORTC_AHB_AFSEL_R
                               EQU              0x4005A420
   45 00000000 4005A510 
                       GPIO_PORTC_AHB_PUR_R
                               EQU              0x4005A510
   46 00000000 4005A51C 
                       GPIO_PORTC_AHB_DEN_R
                               EQU              0x4005A51C
   47 00000000 4005A520 
                       GPIO_PORTC_AHB_LOCK_R
                               EQU              0x4005A520
   48 00000000 4005A524 
                       GPIO_PORTC_AHB_CR_R
                               EQU              0x4005A524
   49 00000000 4005A528 
                       GPIO_PORTC_AHB_AMSEL_R
                               EQU              0x4005A528
   50 00000000 4005A52C 
                       GPIO_PORTC_AHB_PCTL_R
                               EQU              0x4005A52C
   51 00000000 00000004 
                       GPIO_PORTC



ARM Macro Assembler    Page 3 


                               EQU              2_000000000000100
   52 00000000         
   53 00000000         ; ~~~~~~~~~~~~~~~~ PORT D ~~~~~~~~~~~~~~~~~~
   54 00000000 4005B3FC 
                       GPIO_PORTD_AHB_DATA_R
                               EQU              0x4005B3FC
   55 00000000 4005B400 
                       GPIO_PORTD_AHB_DIR_R
                               EQU              0x4005B400
   56 00000000 4005B420 
                       GPIO_PORTD_AHB_AFSEL_R
                               EQU              0x4005B420
   57 00000000 4005B510 
                       GPIO_PORTD_AHB_PUR_R
                               EQU              0x4005B510
   58 00000000 4005B51C 
                       GPIO_PORTD_AHB_DEN_R
                               EQU              0x4005B51C
   59 00000000 4005B520 
                       GPIO_PORTD_AHB_LOCK_R
                               EQU              0x4005B520
   60 00000000 4005B524 
                       GPIO_PORTD_AHB_CR_R
                               EQU              0x4005B524
   61 00000000 4005B528 
                       GPIO_PORTD_AHB_AMSEL_R
                               EQU              0x4005B528
   62 00000000 4005B52C 
                       GPIO_PORTD_AHB_PCTL_R
                               EQU              0x4005B52C
   63 00000000 00000008 
                       GPIO_PORTD
                               EQU              2_000000000001000
   64 00000000         
   65 00000000         ; ~~~~~~~~~~~~~~~~ PORT E ~~~~~~~~~~~~~~~~~~
   66 00000000 4005C3FC 
                       GPIO_PORTE_AHB_DATA_R
                               EQU              0x4005C3FC
   67 00000000 4005C400 
                       GPIO_PORTE_AHB_DIR_R
                               EQU              0x4005C400
   68 00000000 4005C420 
                       GPIO_PORTE_AHB_AFSEL_R
                               EQU              0x4005C420
   69 00000000 4005C510 
                       GPIO_PORTE_AHB_PUR_R
                               EQU              0x4005C510
   70 00000000 4005C51C 
                       GPIO_PORTE_AHB_DEN_R
                               EQU              0x4005C51C
   71 00000000 4005C520 
                       GPIO_PORTE_AHB_LOCK_R
                               EQU              0x4005C520
   72 00000000 4005C524 
                       GPIO_PORTE_AHB_CR_R
                               EQU              0x4005C524
   73 00000000 4005C528 
                       GPIO_PORTE_AHB_AMSEL_R
                               EQU              0x4005C528



ARM Macro Assembler    Page 4 


   74 00000000 4005C52C 
                       GPIO_PORTE_AHB_PCTL_R
                               EQU              0x4005C52C
   75 00000000 00000010 
                       GPIO_PORTE
                               EQU              2_000000000010000
   76 00000000         
   77 00000000         ; ~~~~~~~~~~~~~~~~ PORT F ~~~~~~~~~~~~~~~~~~
   78 00000000 4005D3FC 
                       GPIO_PORTF_AHB_DATA_R
                               EQU              0x4005D3FC
   79 00000000 4005D400 
                       GPIO_PORTF_AHB_DIR_R
                               EQU              0x4005D400
   80 00000000 4005D420 
                       GPIO_PORTF_AHB_AFSEL_R
                               EQU              0x4005D420
   81 00000000 4005D510 
                       GPIO_PORTF_AHB_PUR_R
                               EQU              0x4005D510
   82 00000000 4005D51C 
                       GPIO_PORTF_AHB_DEN_R
                               EQU              0x4005D51C
   83 00000000 4005D520 
                       GPIO_PORTF_AHB_LOCK_R
                               EQU              0x4005D520
   84 00000000 4005D524 
                       GPIO_PORTF_AHB_CR_R
                               EQU              0x4005D524
   85 00000000 4005D528 
                       GPIO_PORTF_AHB_AMSEL_R
                               EQU              0x4005D528
   86 00000000 4005D52C 
                       GPIO_PORTF_AHB_PCTL_R
                               EQU              0x4005D52C
   87 00000000 00000020 
                       GPIO_PORTF
                               EQU              2_000000000100000
   88 00000000         
   89 00000000         ; ~~~~~~~~~~~~~~~~ PORT G ~~~~~~~~~~~~~~~~~~
   90 00000000 4005E3FC 
                       GPIO_PORTG_AHB_DATA_R
                               EQU              0x4005E3FC
   91 00000000 4005E400 
                       GPIO_PORTG_AHB_DIR_R
                               EQU              0x4005E400
   92 00000000 4005E420 
                       GPIO_PORTG_AHB_AFSEL_R
                               EQU              0x4005E420
   93 00000000 4005E510 
                       GPIO_PORTG_AHB_PUR_R
                               EQU              0x4005E510
   94 00000000 4005E51C 
                       GPIO_PORTG_AHB_DEN_R
                               EQU              0x4005E51C
   95 00000000 4005E520 
                       GPIO_PORTG_AHB_LOCK_R
                               EQU              0x4005E520
   96 00000000 4005E524 



ARM Macro Assembler    Page 5 


                       GPIO_PORTG_AHB_CR_R
                               EQU              0x4005E524
   97 00000000 4005E528 
                       GPIO_PORTG_AHB_AMSEL_R
                               EQU              0x4005E528
   98 00000000 4005E52C 
                       GPIO_PORTG_AHB_PCTL_R
                               EQU              0x4005E52C
   99 00000000 00000040 
                       GPIO_PORTG
                               EQU              2_000000001000000
  100 00000000         
  101 00000000         ; ~~~~~~~~~~~~~~~~ PORT H ~~~~~~~~~~~~~~~~~~
  102 00000000 4005F3FC 
                       GPIO_PORTH_AHB_DATA_R
                               EQU              0x4005F3FC
  103 00000000 4005F400 
                       GPIO_PORTH_AHB_DIR_R
                               EQU              0x4005F400
  104 00000000 4005F420 
                       GPIO_PORTH_AHB_AFSEL_R
                               EQU              0x4005F420
  105 00000000 4005F510 
                       GPIO_PORTH_AHB_PUR_R
                               EQU              0x4005F510
  106 00000000 4005F51C 
                       GPIO_PORTH_AHB_DEN_R
                               EQU              0x4005F51C
  107 00000000 4005F520 
                       GPIO_PORTH_AHB_LOCK_R
                               EQU              0x4005F520
  108 00000000 4005F524 
                       GPIO_PORTH_AHB_CR_R
                               EQU              0x4005F524
  109 00000000 4005F528 
                       GPIO_PORTH_AHB_AMSEL_R
                               EQU              0x4005F528
  110 00000000 4005F52C 
                       GPIO_PORTH_AHB_PCTL_R
                               EQU              0x4005F52C
  111 00000000 00000080 
                       GPIO_PORTH
                               EQU              2_000000010000000
  112 00000000         
  113 00000000         ; ~~~~~~~~~~~~~~~~ PORT J ~~~~~~~~~~~~~~~~~~
  114 00000000 400603FC 
                       GPIO_PORTJ_AHB_DATA_R
                               EQU              0x400603FC
  115 00000000 40060400 
                       GPIO_PORTJ_AHB_DIR_R
                               EQU              0x40060400
  116 00000000 40060420 
                       GPIO_PORTJ_AHB_AFSEL_R
                               EQU              0x40060420
  117 00000000 40060510 
                       GPIO_PORTJ_AHB_PUR_R
                               EQU              0x40060510
  118 00000000 4006051C 
                       GPIO_PORTJ_AHB_DEN_R



ARM Macro Assembler    Page 6 


                               EQU              0x4006051C
  119 00000000 40060520 
                       GPIO_PORTJ_AHB_LOCK_R
                               EQU              0x40060520
  120 00000000 40060524 
                       GPIO_PORTJ_AHB_CR_R
                               EQU              0x40060524
  121 00000000 40060528 
                       GPIO_PORTJ_AHB_AMSEL_R
                               EQU              0x40060528
  122 00000000 4006052C 
                       GPIO_PORTJ_AHB_PCTL_R
                               EQU              0x4006052C
  123 00000000 00000100 
                       GPIO_PORTJ
                               EQU              2_000000100000000
  124 00000000         
  125 00000000         ; ~~~~~~~~~~~~~~~~ PORT K ~~~~~~~~~~~~~~~~~~
  126 00000000 400613FC 
                       GPIO_PORTK_DATA_R
                               EQU              0x400613FC
  127 00000000 40061400 
                       GPIO_PORTK_DIR_R
                               EQU              0x40061400
  128 00000000 40061420 
                       GPIO_PORTK_AFSEL_R
                               EQU              0x40061420
  129 00000000 40061510 
                       GPIO_PORTK_PUR_R
                               EQU              0x40061510
  130 00000000 4006151C 
                       GPIO_PORTK_DEN_R
                               EQU              0x4006151C
  131 00000000 40061520 
                       GPIO_PORTK_LOCK_R
                               EQU              0x40061520
  132 00000000 40061524 
                       GPIO_PORTK_CR_R
                               EQU              0x40061524
  133 00000000 40061528 
                       GPIO_PORTK_AMSEL_R
                               EQU              0x40061528
  134 00000000 4006152C 
                       GPIO_PORTK_PCTL_R
                               EQU              0x4006152C
  135 00000000 00000200 
                       GPIO_PORTK
                               EQU              2_000001000000000
  136 00000000         
  137 00000000         ; ~~~~~~~~~~~~~~~~ PORT L ~~~~~~~~~~~~~~~~~~
  138 00000000 400623FC 
                       GPIO_PORTL_DATA_R
                               EQU              0x400623FC
  139 00000000 40062400 
                       GPIO_PORTL_DIR_R
                               EQU              0x40062400
  140 00000000 40062420 
                       GPIO_PORTL_AFSEL_R
                               EQU              0x40062420



ARM Macro Assembler    Page 7 


  141 00000000 40062510 
                       GPIO_PORTL_PUR_R
                               EQU              0x40062510
  142 00000000 40062514 
                       GPIO_PORTL_PDR_R
                               EQU              0x40062514
  143 00000000 4006251C 
                       GPIO_PORTL_DEN_R
                               EQU              0x4006251C
  144 00000000 40062520 
                       GPIO_PORTL_LOCK_R
                               EQU              0x40062520
  145 00000000 40062524 
                       GPIO_PORTL_CR_R
                               EQU              0x40062524
  146 00000000 40062528 
                       GPIO_PORTL_AMSEL_R
                               EQU              0x40062528
  147 00000000 4006252C 
                       GPIO_PORTL_PCTL_R
                               EQU              0x4006252C
  148 00000000 00000400 
                       GPIO_PORTL
                               EQU              2_000010000000000
  149 00000000         
  150 00000000         ; ~~~~~~~~~~~~~~~~ PORT M ~~~~~~~~~~~~~~~~~~
  151 00000000 400633FC 
                       GPIO_PORTM_DATA_R
                               EQU              0x400633FC
  152 00000000 40063400 
                       GPIO_PORTM_DIR_R
                               EQU              0x40063400
  153 00000000 40063420 
                       GPIO_PORTM_AFSEL_R
                               EQU              0x40063420
  154 00000000 40063510 
                       GPIO_PORTM_PUR_R
                               EQU              0x40063510
  155 00000000 4006351C 
                       GPIO_PORTM_DEN_R
                               EQU              0x4006351C
  156 00000000 40063520 
                       GPIO_PORTM_LOCK_R
                               EQU              0x40063520
  157 00000000 40063524 
                       GPIO_PORTM_CR_R
                               EQU              0x40063524
  158 00000000 40063528 
                       GPIO_PORTM_AMSEL_R
                               EQU              0x40063528
  159 00000000 4006352C 
                       GPIO_PORTM_PCTL_R
                               EQU              0x4006352C
  160 00000000 00000800 
                       GPIO_PORTM
                               EQU              2_000100000000000
  161 00000000         
  162 00000000         ; ~~~~~~~~~~~~~~~~ PORT N ~~~~~~~~~~~~~~~~~~
  163 00000000 400643FC 



ARM Macro Assembler    Page 8 


                       GPIO_PORTN_DATA_R
                               EQU              0x400643FC
  164 00000000 40064400 
                       GPIO_PORTN_DIR_R
                               EQU              0x40064400
  165 00000000 40064420 
                       GPIO_PORTN_AFSEL_R
                               EQU              0x40064420
  166 00000000 40064510 
                       GPIO_PORTN_PUR_R
                               EQU              0x40064510
  167 00000000 4006451C 
                       GPIO_PORTN_DEN_R
                               EQU              0x4006451C
  168 00000000 40064520 
                       GPIO_PORTN_LOCK_R
                               EQU              0x40064520
  169 00000000 40064524 
                       GPIO_PORTN_CR_R
                               EQU              0x40064524
  170 00000000 40064528 
                       GPIO_PORTN_AMSEL_R
                               EQU              0x40064528
  171 00000000 4006452C 
                       GPIO_PORTN_PCTL_R
                               EQU              0x4006452C
  172 00000000 00001000 
                       GPIO_PORTN
                               EQU              2_001000000000000
  173 00000000         
  174 00000000         ; ~~~~~~~~~~~~~~~~ PORT P ~~~~~~~~~~~~~~~~~~
  175 00000000 400653FC 
                       GPIO_PORTP_DATA_R
                               EQU              0x400653FC
  176 00000000 40065400 
                       GPIO_PORTP_DIR_R
                               EQU              0x40065400
  177 00000000 40065420 
                       GPIO_PORTP_AFSEL_R
                               EQU              0x40065420
  178 00000000 40065510 
                       GPIO_PORTP_PUR_R
                               EQU              0x40065510
  179 00000000 4006551C 
                       GPIO_PORTP_DEN_R
                               EQU              0x4006551C
  180 00000000 40065520 
                       GPIO_PORTP_LOCK_R
                               EQU              0x40065520
  181 00000000 40065524 
                       GPIO_PORTP_CR_R
                               EQU              0x40065524
  182 00000000 40065528 
                       GPIO_PORTP_AMSEL_R
                               EQU              0x40065528
  183 00000000 4006552C 
                       GPIO_PORTP_PCTL_R
                               EQU              0x4006552C
  184 00000000 00002000 



ARM Macro Assembler    Page 9 


                       GPIO_PORTP
                               EQU              2_010000000000000
  185 00000000         
  186 00000000         ; ~~~~~~~~~~~~~~~~ PORT Q ~~~~~~~~~~~~~~~~~~
  187 00000000 400663FC 
                       GPIO_PORTQ_DATA_R
                               EQU              0x400663FC
  188 00000000 40066400 
                       GPIO_PORTQ_DIR_R
                               EQU              0x40066400
  189 00000000 40066420 
                       GPIO_PORTQ_AFSEL_R
                               EQU              0x40066420
  190 00000000 40066510 
                       GPIO_PORTQ_PUR_R
                               EQU              0x40066510
  191 00000000 4006651C 
                       GPIO_PORTQ_DEN_R
                               EQU              0x4006651C
  192 00000000 40066520 
                       GPIO_PORTQ_LOCK_R
                               EQU              0x40066520
  193 00000000 40066524 
                       GPIO_PORTQ_CR_R
                               EQU              0x40066524
  194 00000000 40066528 
                       GPIO_PORTQ_AMSEL_R
                               EQU              0x40066528
  195 00000000 4006652C 
                       GPIO_PORTQ_PCTL_R
                               EQU              0x4006652C
  196 00000000 00004000 
                       GPIO_PORTQ
                               EQU              2_100000000000000
  197 00000000         
  198 00000000         
  199 00000000         ; ------------------------------------------------------
                       -------------------------
  200 00000000         ; Area de Codigo - Tudo abaixo da diretiva a seguir sera
                        armazenado na memoria de 
  201 00000000         ;                  codigo
  202 00000000                 AREA             |.text|, CODE, READONLY, ALIGN=
2
  203 00000000         
  204 00000000         ; Se alguma funcao do arquivo for chamada em outro arqui
                       vo 
  205 00000000                 EXPORT           GPIO_Init
  206 00000000                 EXPORT           LCD_Init
  207 00000000                 EXPORT           LCD_Display_Character
  208 00000000                 EXPORT           TecladoM_Poll
  209 00000000         
  210 00000000         
  211 00000000                 IMPORT           SysTick_Wait1us
  212 00000000         
  213 00000000         
  214 00000000         ;-------------------------------------------------------
                       -------------------------
  215 00000000         ; Funcao GPIO_Init
  216 00000000         ; Ports e Pinos utilizados:



ARM Macro Assembler    Page 10 


  217 00000000         ;   Port A: PA4-PA7 -> LEDs
  218 00000000         ;   Port J: PJ0     -> Botão RST Global
  219 00000000         ;   Port K: PK0-PK7 -> Dados do LCD
  220 00000000         ;   Port L: PL0-PL3 -> Teclado Matricial
  221 00000000         ;   Port M: PM0-PM2 -> Controle do LCD -> PM4-PM7 -> Tec
                       lado Matricial
  222 00000000         ;   Port P: P5      -> Transistor LEDs
  223 00000000         ;   Port Q: PQ0-PQ3 -> LEDs
  224 00000000         ; 
  225 00000000         GPIO_Init
  226 00000000         ;=====================
  227 00000000         ; 1. Ativar o clock para a porta setando o bit correspon
                       dente no registrador RCGCGPIO,
  228 00000000         ; apos isso verificar no PRGPIO se a porta esta pronta p
                       ara uso.
  229 00000000         ; enable clock to GPIOF at clock gating register
  230 00000000 4896            LDR              R0, =SYSCTL_RCGCGPIO_R ;Carrega
                                                             o endereco do regi
                                                            strador RCGCGPIO
  231 00000002 F44F 6100       MOV              R1, #GPIO_PORTM ;Seta o bit da 
                                                            porta generica 
  232 00000006 F441 7100       ORR              R1, #GPIO_PORTK ;Seta o bit da 
                                                            porta generica, faz
                                                            endo com OR
  233 0000000A F441 7180       ORR              R1, #GPIO_PORTJ ;Seta o bit da 
                                                            porta generica, faz
                                                            endo com OR
  234 0000000E F041 0101       ORR              R1, #GPIO_PORTA ;Seta o bit da 
                                                            porta generica, faz
                                                            endo com OR
  235 00000012 F441 4180       ORR              R1, #GPIO_PORTQ ;Seta o bit da 
                                                            porta generica, faz
                                                            endo com OR
  236 00000016 F441 5100       ORR              R1, #GPIO_PORTP ;Seta o bit da 
                                                            porta generica, faz
                                                            endo com OR
  237 0000001A F441 6180       ORR              R1, #GPIO_PORTL ;Seta o bit da 
                                                            porta generica, faz
                                                            endo com OR
  238 0000001E 6001            STR              R1, [R0]    ;Move para a memori
                                                            a os bits das porta
                                                            s no endereco do RC
                                                            GCGPIO
  239 00000020         
  240 00000020 488F            LDR              R0, =SYSCTL_PRGPIO_R ;Carrega o
                                                             endereco do PRGPIO
                                                             para esperar os GP
                                                            IO ficarem prontos
  241 00000022 6801    EsperaGPIO
                               LDR              R1, [R0]    ;Le da memoria o co
                                                            nteudo do endereco 
                                                            do registrador
  242 00000024 F44F 6200       MOV              R2, #GPIO_PORTM ;Seta os bits c
                                                            orrespondentes das 
                                                            portas para fazer a
                                                             comparacao
  243 00000028 F442 7200       ORR              R2, #GPIO_PORTK ;Seta o bit da 
                                                            porta generica, faz
                                                            endo com OR



ARM Macro Assembler    Page 11 


  244 0000002C F442 7280       ORR              R2, #GPIO_PORTJ ;Seta o bit da 
                                                            porta generica, faz
                                                            endo com OR
  245 00000030 F042 0201       ORR              R2, #GPIO_PORTA ;Seta o bit da 
                                                            porta generica, faz
                                                            endo com OR
  246 00000034 F442 4280       ORR              R2, #GPIO_PORTQ ;Seta o bit da 
                                                            porta generica, faz
                                                            endo com OR
  247 00000038 F442 5200       ORR              R2, #GPIO_PORTP ;Seta o bit da 
                                                            porta generica, faz
                                                            endo com OR
  248 0000003C F442 6280       ORR              R2, #GPIO_PORTL ;Seta o bit da 
                                                            porta generica, faz
                                                            endo com OR
  249 00000040 4211            TST              R1, R2      ;ANDS de R1 com R2
  250 00000042 D0EE            BEQ              EsperaGPIO  ;Se o flag Z=1, vol
                                                            ta para o laco. Sen
                                                            ao continua executa
                                                            ndo
  251 00000044         
  252 00000044         ; 2. Limpar o AMSEL para desabilitar a analogica
  253 00000044 F04F 0100       MOV              R1, #0x00   ;Colocar 0 no regis
                                                            trador para desabil
                                                            itar a funcao analo
                                                            gica
  254 00000048 4886            LDR              R0, =GPIO_PORTM_AMSEL_R ;Carreg
                                                            a o R0 com o endere
                                                            co do AMSEL para a 
                                                            porta generica
  255 0000004A 6001            STR              R1, [R0]    ;Guarda no registra
                                                            dor AMSEL da porta 
                                                            generica da memoria
                                                            
  256 0000004C 4886            LDR              R0, =GPIO_PORTK_AMSEL_R ;Carreg
                                                            a o R0 com o endere
                                                            co do AMSEL para a 
                                                            porta generica
  257 0000004E 6001            STR              R1, [R0]    ;Guarda no registra
                                                            dor AMSEL da porta 
                                                            generica da memoria
                                                            
  258 00000050 4886            LDR              R0, =GPIO_PORTJ_AHB_AMSEL_R ;Ca
                                                            rrega o R0 com o en
                                                            dereco do AMSEL par
                                                            a a porta generica
  259 00000052 6001            STR              R1, [R0]    ;Guarda no registra
                                                            dor AMSEL da porta 
                                                            generica da memoria
                                                            
  260 00000054 4886            LDR              R0, =GPIO_PORTA_AHB_AMSEL_R ;Ca
                                                            rrega o R0 com o en
                                                            dereco do AMSEL par
                                                            a a porta generica
  261 00000056 6001            STR              R1, [R0]    ;Guarda no registra
                                                            dor AMSEL da porta 
                                                            generica da memoria
                                                            
  262 00000058 4886            LDR              R0, =GPIO_PORTQ_AMSEL_R ;Carreg



ARM Macro Assembler    Page 12 


                                                            a o R0 com o endere
                                                            co do AMSEL para a 
                                                            porta generica
  263 0000005A 6001            STR              R1, [R0]    ;Guarda no registra
                                                            dor AMSEL da porta 
                                                            generica da memoria
                                                            
  264 0000005C 4886            LDR              R0, =GPIO_PORTP_AMSEL_R ;Carreg
                                                            a o R0 com o endere
                                                            co do AMSEL para a 
                                                            porta generica
  265 0000005E 6001            STR              R1, [R0]    ;Guarda no registra
                                                            dor AMSEL da porta 
                                                            generica da memoria
                                                            
  266 00000060 4886            LDR              R0, =GPIO_PORTL_AMSEL_R ;Carreg
                                                            a o R0 com o endere
                                                            co do AMSEL para a 
                                                            porta generica
  267 00000062 6001            STR              R1, [R0]    ;Guarda no registra
                                                            dor AMSEL da porta 
                                                            generica da memoria
                                                            
  268 00000064         
  269 00000064         ; 3. Limpar PCTL para selecionar o GPIO
  270 00000064 F04F 0100       MOV              R1, #0x00   ;Colocar 0 no regis
                                                            trador para selecio
                                                            nar o modo GPIO
  271 00000068 4885            LDR              R0, =GPIO_PORTM_PCTL_R ;Carrega
                                                             o R0 com o enderec
                                                            o do PCTL para a po
                                                            rta generica
  272 0000006A 6001            STR              R1, [R0]    ;Guarda no registra
                                                            dor PCTL da porta g
                                                            enerica da memoria
  273 0000006C 4885            LDR              R0, =GPIO_PORTK_PCTL_R ;Carrega
                                                             o R0 com o enderec
                                                            o do PCTL para a po
                                                            rta generica
  274 0000006E 6001            STR              R1, [R0]    ;Guarda no registra
                                                            dor PCTL da porta g
                                                            enerica da memoria
  275 00000070 4885            LDR              R0, =GPIO_PORTJ_AHB_PCTL_R ;Car
                                                            rega o R0 com o end
                                                            ereco do PCTL para 
                                                            a porta generica
  276 00000072 6001            STR              R1, [R0]    ;Guarda no registra
                                                            dor PCTL da porta g
                                                            enerica da memoria
  277 00000074 4885            LDR              R0, =GPIO_PORTA_AHB_PCTL_R ;Car
                                                            rega o R0 com o end
                                                            ereco do PCTL para 
                                                            a porta generica
  278 00000076 6001            STR              R1, [R0]    ;Guarda no registra
                                                            dor PCTL da porta g
                                                            enerica da memoria
  279 00000078 4885            LDR              R0, =GPIO_PORTQ_PCTL_R ;Carrega
                                                             o R0 com o enderec
                                                            o do PCTL para a po



ARM Macro Assembler    Page 13 


                                                            rta generica
  280 0000007A 6001            STR              R1, [R0]    ;Guarda no registra
                                                            dor PCTL da porta g
                                                            enerica da memoria
  281 0000007C 4885            LDR              R0, =GPIO_PORTP_PCTL_R ;Carrega
                                                             o R0 com o enderec
                                                            o do PCTL para a po
                                                            rta generica
  282 0000007E 6001            STR              R1, [R0]    ;Guarda no registra
                                                            dor PCTL da porta g
                                                            enerica da memoria
  283 00000080 4885            LDR              R0, =GPIO_PORTL_PCTL_R ;Carrega
                                                             o R0 com o enderec
                                                            o do PCTL para a po
                                                            rta generica
  284 00000082 6001            STR              R1, [R0]    ;Guarda no registra
                                                            dor PCTL da porta g
                                                            enerica da memoria
  285 00000084         
  286 00000084         ; 4. DIR para 0 se for entrada, 1 se for saida
  287 00000084 4885            LDR              R0, =GPIO_PORTK_DIR_R ;Carrega 
                                                            o R0 com o endereco
                                                             do DIR para a port
                                                            a generica
  288 00000086 F04F 01FF       MOV              R1, #2_11111111 ;PK0-PK7 para D
                                                            ados do LCD
  289 0000008A 6001            STR              R1, [R0]    ;Guarda no registra
                                                            dor
  290 0000008C         
  291 0000008C 4884            LDR              R0, =GPIO_PORTM_DIR_R ;Carrega 
                                                            o R0 com o endereco
                                                             do DIR para a port
                                                            a generica
  292 0000008E F04F 01F7       MOV              R1, #2_11110111 ;PM0-PM2 para s
                                                            aida de controle do
                                                             LCD e PM4-PM7 para
                                                             entrada do teclado
                                                            
  293 00000092 6001            STR              R1, [R0]    ;Guarda no registra
                                                            dor PCTL da porta g
                                                            enerica da memoria
  294 00000094         
  295 00000094 4883            LDR              R0, =GPIO_PORTL_DIR_R
  296 00000096 F04F 0100       MOV              R1, #2_00000000
  297 0000009A 6001            STR              R1, [R0]
  298 0000009C         
  299 0000009C         ; 5. Limpar os bits AFSEL para 0 para selecionar GPIO 
  300 0000009C         ;    Sem funcao alternativa
  301 0000009C F04F 0100       MOV              R1, #0x00   ;Colocar o valor 0 
                                                            para nao setar func
                                                            ao alternativa
  302 000000A0 4881            LDR              R0, =GPIO_PORTK_AFSEL_R ;Carreg
                                                            a o endereco do AFS
                                                            EL da porta generic
                                                            a
  303 000000A2 6001            STR              R1, [R0]    ;Escreve na porta
  304 000000A4 4881            LDR              R0, =GPIO_PORTM_AFSEL_R ;Carreg
                                                            a o endereco do AFS
                                                            EL da porta generic



ARM Macro Assembler    Page 14 


                                                            a
  305 000000A6 6001            STR              R1, [R0]    ;Escreve na porta
  306 000000A8 4881            LDR              R0, =GPIO_PORTJ_AHB_AFSEL_R ;Ca
                                                            rrega o endereco do
                                                             AFSEL da porta gen
                                                            erica
  307 000000AA 6001            STR              R1, [R0]    ;Escreve na porta
  308 000000AC 4881            LDR              R0, =GPIO_PORTA_AHB_AFSEL_R ;Ca
                                                            rrega o endereco do
                                                             AFSEL da porta gen
                                                            erica
  309 000000AE 6001            STR              R1, [R0]    ;Escreve na porta
  310 000000B0 4881            LDR              R0, =GPIO_PORTQ_AFSEL_R ;Carreg
                                                            a o endereco do AFS
                                                            EL da porta generic
                                                            a
  311 000000B2 6001            STR              R1, [R0]    ;Escreve na porta
  312 000000B4 4881            LDR              R0, =GPIO_PORTP_AFSEL_R ;Carreg
                                                            a o endereco do AFS
                                                            EL da porta generic
                                                            a
  313 000000B6 6001            STR              R1, [R0]    ;Escreve na porta
  314 000000B8 4881            LDR              R0, =GPIO_PORTL_AFSEL_R ;Carreg
                                                            a o endereco do AFS
                                                            EL da porta generic
                                                            a
  315 000000BA 6001            STR              R1, [R0]    ;Escreve na porta
  316 000000BC         
  317 000000BC         ; 6. Setar os bits de DEN para habilitar I/O digital
  318 000000BC 4881            LDR              R0, =GPIO_PORTK_DEN_R ;Carrega 
                                                            o endereco do DEN
  319 000000BE F04F 01FF       MOV              R1, #2_11111111 ;Ativa os pinos
                                                             PK0-PK7 como I/O D
                                                            igital
  320 000000C2 6001            STR              R1, [R0]    ;Escreve no registr
                                                            ador da memoria fun
                                                            cionalidade digital
                                                             
  321 000000C4         
  322 000000C4 4880            LDR              R0, =GPIO_PORTM_DEN_R ;Carrega 
                                                            o endereco do DEN
  323 000000C6 F04F 01F7       MOV              R1, #2_11110111 ;Ativa os pinos
                                                             PM0-PM2 como I/O D
                                                            igital e PM4-PM7 co
                                                            mo I/O Digital  
  324 000000CA 6001            STR              R1, [R0]    ;Escreve no registr
                                                            ador da memoria fun
                                                            cionalidade digital
                                                            
  325 000000CC         
  326 000000CC 487F            LDR              R0, =GPIO_PORTL_DEN_R
  327 000000CE F04F 010F       MOV              R1, #2_00001111
  328 000000D2 6001            STR              R1, [R0]
  329 000000D4         
  330 000000D4         ; 7. Para habilitar resistor de pull-down interno, setar
                        PDR para 1
  331 000000D4 487E            LDR              R0, =GPIO_PORTL_PDR_R ;Carrega 
                                                            o endereco do PDR p
                                                            ara a porta generic



ARM Macro Assembler    Page 15 


                                                            a
  332 000000D6 F04F 010F       MOV              R1, #2_00001111 ;Habilitar func
                                                            ionalidade digital 
                                                            de resistor de pull
                                                            -down nos bits 0 e 
                                                            1
  333 000000DA 6001            STR              R1, [R0]    ;Escreve no registr
                                                            ador da memoria do 
                                                            resistor de pull-do
                                                            wn
  334 000000DC         
  335 000000DC         ;retorno            
  336 000000DC 4770            BX               LR
  337 000000DE         
  338 000000DE         ; ------------------------------------------------------
                       -------------------------
  339 000000DE         ; Função LCD_Init
  340 000000DE         LCD_Init
  341 000000DE         ; 
  342 000000DE B500            PUSH             {LR}
  343 000000E0 487C            LDR              R0, =GPIO_PORTK_DATA_R
  344 000000E2 F04F 0138       MOV              R1, #0x38
  345 000000E6 6001            STR              R1, [R0]
  346 000000E8         
  347 000000E8 487B            LDR              R0, =GPIO_PORTM_DATA_R
  348 000000EA F04F 0104       MOV              R1, #0x04
  349 000000EE 6001            STR              R1, [R0]
  350 000000F0         
  351 000000F0 F04F 000A       LDR              R0, =10
  352 000000F4 F7FF FFFE       BL               SysTick_Wait1us
  353 000000F8         
  354 000000F8 4877            LDR              R0, =GPIO_PORTM_DATA_R
  355 000000FA F04F 0100       MOV              R1, #0x00
  356 000000FE 6001            STR              R1, [R0]
  357 00000100         
  358 00000100 F04F 0028       LDR              R0, =40
  359 00000104 F7FF FFFE       BL               SysTick_Wait1us
  360 00000108         
  361 00000108         ; 
  362 00000108 4872            LDR              R0, =GPIO_PORTK_DATA_R
  363 0000010A F04F 0106       MOV              R1, #0x06
  364 0000010E 6001            STR              R1, [R0]
  365 00000110         
  366 00000110 4871            LDR              R0, =GPIO_PORTM_DATA_R
  367 00000112 F04F 0104       MOV              R1, #0x04
  368 00000116 6001            STR              R1, [R0]
  369 00000118         
  370 00000118 F04F 000A       LDR              R0, =10
  371 0000011C F7FF FFFE       BL               SysTick_Wait1us
  372 00000120         
  373 00000120 486D            LDR              R0, =GPIO_PORTM_DATA_R
  374 00000122 F04F 0100       MOV              R1, #0x00
  375 00000126 6001            STR              R1, [R0]
  376 00000128         
  377 00000128 F04F 0028       LDR              R0, =40
  378 0000012C F7FF FFFE       BL               SysTick_Wait1us
  379 00000130         
  380 00000130         ; 
  381 00000130 4868            LDR              R0, =GPIO_PORTK_DATA_R



ARM Macro Assembler    Page 16 


  382 00000132 F04F 010E       MOV              R1, #0x0E
  383 00000136 6001            STR              R1, [R0]
  384 00000138         
  385 00000138 4867            LDR              R0, =GPIO_PORTM_DATA_R
  386 0000013A F04F 0104       MOV              R1, #0x04
  387 0000013E 6001            STR              R1, [R0]
  388 00000140         
  389 00000140 F04F 000A       LDR              R0, =10
  390 00000144 F7FF FFFE       BL               SysTick_Wait1us
  391 00000148         
  392 00000148 4863            LDR              R0, =GPIO_PORTM_DATA_R
  393 0000014A F04F 0100       MOV              R1, #0x00
  394 0000014E 6001            STR              R1, [R0]
  395 00000150         
  396 00000150 F04F 0028       LDR              R0, =40
  397 00000154 F7FF FFFE       BL               SysTick_Wait1us
  398 00000158         
  399 00000158         ; 
  400 00000158 485E            LDR              R0, =GPIO_PORTK_DATA_R
  401 0000015A F04F 0101       MOV              R1, #0x01
  402 0000015E 6001            STR              R1, [R0]
  403 00000160         
  404 00000160 485D            LDR              R0, =GPIO_PORTM_DATA_R
  405 00000162 F04F 0104       MOV              R1, #0x04
  406 00000166 6001            STR              R1, [R0]
  407 00000168         
  408 00000168 F04F 000A       LDR              R0, =10
  409 0000016C F7FF FFFE       BL               SysTick_Wait1us
  410 00000170         
  411 00000170 4859            LDR              R0, =GPIO_PORTM_DATA_R
  412 00000172 F04F 0100       MOV              R1, #0x00
  413 00000176 6001            STR              R1, [R0]
  414 00000178         
  415 00000178 F04F 0002       LDR              R0, =2
  416 0000017C F7FF FFFE       BL               SysTick_Wait1us
  417 00000180 F85D EB04       POP              {LR}
  418 00000184 4770            BX               LR          ;Retorno
  419 00000186         
  420 00000186         
  421 00000186         ; ------------------------------------------------------
                       -------------------------
  422 00000186         ; Função LCD_Init
  423 00000186         ; Input: R1 -> Dado a ser mostrado no display
  424 00000186         LCD_Display_Character
  425 00000186 B500            PUSH             {LR}
  426 00000188         ; 
  427 00000188 4852            LDR              R0, =GPIO_PORTK_DATA_R ; Dado a
                                                             ser mostrado
  428 0000018A 6001            STR              R1, [R0]
  429 0000018C         
  430 0000018C 4852            LDR              R0, =GPIO_PORTM_DATA_R
  431 0000018E F04F 0105       MOV              R1, #2_101
  432 00000192 6001            STR              R1, [R0]
  433 00000194         
  434 00000194 F04F 000A       LDR              R0, =10
  435 00000198 F7FF FFFE       BL               SysTick_Wait1us
  436 0000019C         
  437 0000019C 484E            LDR              R0, =GPIO_PORTM_DATA_R
  438 0000019E F04F 0100       MOV              R1, #0x00



ARM Macro Assembler    Page 17 


  439 000001A2 6001            STR              R1, [R0]
  440 000001A4         
  441 000001A4 F04F 0028       LDR              R0, =40
  442 000001A8 F7FF FFFE       BL               SysTick_Wait1us
  443 000001AC         
  444 000001AC F85D EB04       POP              {LR}
  445 000001B0 4770            BX               LR
  446 000001B2         
  447 000001B2         ; ------------------------------------------------------
                       -------------------------
  448 000001B2         ; Função TecladoM_Poll
  449 000001B2         ; Retorna o dígito da 1a tecla pressionada. Pinos L0-L3
                        são entrada e M4-M7 são saída.
  450 000001B2         ; Saída: R1 -> Valor da tecla pressionada (0xF se nenhu
                       ma for pressionada)
  451 000001B2         TecladoM_Poll
  452 000001B2 B500            PUSH             {LR}
  453 000001B4 F04F 0280       MOV              R2, #2_10000000
  454 000001B8         ;
  455 000001B8         loop_columns
  456 000001B8 F04F 0110       MOV              R1, #0x10   ; Seta a saída par
                                                            a 10 pois a tecla 1
                                                            0 não existe
  457 000001BC 2A08            CMP              R2, #2_00001000
  458 000001BE D94A            BLS              teclado_retorno
  459 000001C0         ;
  460 000001C0 4845            LDR              R0, =GPIO_PORTM_DATA_R ; Habili
                                                            ta o Pino de R2
  461 000001C2 6002            STR              R2, [R0]
  462 000001C4         
  463 000001C4 4845            LDR              R0, =GPIO_PORTL_DATA_R 
                                                            ; Leitura dos dados
                                                            
  464 000001C6 6801            LDR              R1, [R0]
  465 000001C8         
  466 000001C8         ; Verifica se alguma tecla foi apertada e retorna
  467 000001C8 2908            CMP              R1, #2_1000 ; Verifica se o pin
                                                            o L3 está ativo (t
                                                            eclas *, 0, # e D)
  468 000001CA D008            BEQ              teclado_decode
  469 000001CC         
  470 000001CC 2904            CMP              R1, #2_0100 ; Verifica se o pin
                                                            o L2 está ativo (t
                                                            eclas 7, 8, 9 e C)
  471 000001CE D006            BEQ              teclado_decode
  472 000001D0         
  473 000001D0 2902            CMP              R1, #2_0010 ; Verifica se o pin
                                                            o L1 está ativo (t
                                                            eclas 4, 5, 6 e B)
  474 000001D2 D004            BEQ              teclado_decode
  475 000001D4         
  476 000001D4 2901            CMP              R1, #2_0001 ; Verifica se o pin
                                                            o L0 está ativo (t
                                                            eclas 1, 2, 3 e A)
  477 000001D6 D002            BEQ              teclado_decode
  478 000001D8         
  479 000001D8 EA4F 0252       LSR              R2, R2, #1
  480 000001DC E7EC            B                loop_columns
  481 000001DE         



ARM Macro Assembler    Page 18 


  482 000001DE         teclado_decode
  483 000001DE         ; Decodifica a relação coluna-linha para determinar qu
                       al tecla foi pressionada
  484 000001DE 2A10            CMP              R2, #2_00010000
  485 000001E0 D005            BEQ              decode_coluna_1
  486 000001E2         
  487 000001E2 2A20            CMP              R2, #2_00100000
  488 000001E4 D010            BEQ              decode_coluna_2
  489 000001E6         
  490 000001E6 2A40            CMP              R2, #2_01000000
  491 000001E8 D01B            BEQ              decode_coluna_3
  492 000001EA         
  493 000001EA 2A80            CMP              R2, #2_10000000
  494 000001EC D026            BEQ              decode_coluna_4
  495 000001EE         
  496 000001EE         decode_coluna_1
  497 000001EE 2908            CMP              R1, #2_1000 ; Tecla * -> E
  498 000001F0 BF08            IT               EQ
  499 000001F2 210E            MOVEQ            R1, #0xE
  500 000001F4         
  501 000001F4 2904            CMP              R1, #2_0100 ; Tecla 7
  502 000001F6 BF08            IT               EQ
  503 000001F8 2107            MOVEQ            R1, #0x7
  504 000001FA         
  505 000001FA 2902            CMP              R1, #2_0010 ; Tecla 4
  506 000001FC BF08            IT               EQ
  507 000001FE 2104            MOVEQ            R1, #0x4
  508 00000200         
  509 00000200 2901            CMP              R1, #2_0001 ; Tecla 1
  510 00000202 BF08            IT               EQ
  511 00000204 2101            MOVEQ            R1, #0x1
  512 00000206         
  513 00000206 E026            B                teclado_retorno
  514 00000208         
  515 00000208         decode_coluna_2
  516 00000208 2908            CMP              R1, #2_1000 ; Tecla 0
  517 0000020A BF08            IT               EQ
  518 0000020C 2100            MOVEQ            R1, #0
  519 0000020E         
  520 0000020E 2904            CMP              R1, #2_0100 ; Tecla 8
  521 00000210 BF08            IT               EQ
  522 00000212 2108            MOVEQ            R1, #0x8
  523 00000214         
  524 00000214 2902            CMP              R1, #2_0010 ; Tecla 5
  525 00000216 BF08            IT               EQ
  526 00000218 2105            MOVEQ            R1, #0x5
  527 0000021A         
  528 0000021A 2901            CMP              R1, #2_0001 ; Tecla 2
  529 0000021C BF08            IT               EQ
  530 0000021E 2102            MOVEQ            R1, #0x2
  531 00000220         
  532 00000220 E019            B                teclado_retorno
  533 00000222         
  534 00000222         decode_coluna_3
  535 00000222 2908            CMP              R1, #2_1000 ; Tecla # -> F
  536 00000224 BF08            IT               EQ
  537 00000226 210F            MOVEQ            R1, #0xF
  538 00000228         
  539 00000228 2904            CMP              R1, #2_0100 ; Tecla 9



ARM Macro Assembler    Page 19 


  540 0000022A BF08            IT               EQ
  541 0000022C 2109            MOVEQ            R1, #0x9
  542 0000022E         
  543 0000022E 2902            CMP              R1, #2_0010 ; Tecla 6
  544 00000230 BF08            IT               EQ
  545 00000232 2106            MOVEQ            R1, #0x6
  546 00000234         
  547 00000234 2901            CMP              R1, #2_0001 ; Tecla 3
  548 00000236 BF08            IT               EQ
  549 00000238 2103            MOVEQ            R1, #0x3
  550 0000023A         
  551 0000023A E00C            B                teclado_retorno
  552 0000023C         
  553 0000023C         decode_coluna_4
  554 0000023C 2908            CMP              R1, #2_1000 ; Tecla D
  555 0000023E BF08            IT               EQ
  556 00000240 210D            MOVEQ            R1, #0xD
  557 00000242         
  558 00000242 2904            CMP              R1, #2_0100 ; Tecla C
  559 00000244 BF08            IT               EQ
  560 00000246 210C            MOVEQ            R1, #0xC
  561 00000248         
  562 00000248 2902            CMP              R1, #2_0010 ; Tecla B
  563 0000024A BF08            IT               EQ
  564 0000024C 210B            MOVEQ            R1, #0xB
  565 0000024E         
  566 0000024E 2901            CMP              R1, #2_0001 ; Tecla A
  567 00000250 BF08            IT               EQ
  568 00000252 210A            MOVEQ            R1, #0xA
  569 00000254         
  570 00000254 E7FF            B                teclado_retorno
  571 00000256         
  572 00000256         teclado_retorno
  573 00000256         
  574 00000256 F85D EB04       POP              {LR}
  575 0000025A 4770            BX               LR          ; Retorno
  576 0000025C         
  577 0000025C         
  578 0000025C         ;
  579 0000025C                 ALIGN                        ; garante que o fim
                                                             da secaoo esta ali
                                                            nhada 
  580 0000025C                 END                          ; fim do arquivo
              400FE608 
              400FEA08 
              40063528 
              40061528 
              40060528 
              40058528 
              40066528 
              40065528 
              40062528 
              4006352C 
              4006152C 
              4006052C 
              4005852C 
              4006652C 
              4006552C 
              4006252C 



ARM Macro Assembler    Page 20 


              40061400 
              40063400 
              40062400 
              40061420 
              40063420 
              40060420 
              40058420 
              40066420 
              40065420 
              40062420 
              4006151C 
              4006351C 
              4006251C 
              40062514 
              400613FC 
              400633FC 
              400623FC 
Command Line: --debug --xref --diag_suppress=9931,A1950W --cpu=Cortex-M4.fp.sp 
--depend=.\objects\gpio.d -o.\objects\gpio.o -IC:\Users\jhony\AppData\Local\Arm
\Packs\Keil\TM4C_DFP\1.1.0\Device\Include\TM4C129 --predefine="__EVAL SETA 1" -
-predefine="__UVISION_VERSION SETA 541" --predefine="TM4C1294NCPDT SETA 1" --li
st=.\listings\gpio.lst gpio.s



ARM Macro Assembler    Page 1 Alphabetic symbol ordering
Relocatable symbols

.text 00000000

Symbol: .text
   Definitions
      At line 202 in file gpio.s
   Uses
      None
Comment: .text unused
EsperaGPIO 00000022

Symbol: EsperaGPIO
   Definitions
      At line 241 in file gpio.s
   Uses
      At line 250 in file gpio.s
Comment: EsperaGPIO used once
GPIO_Init 00000000

Symbol: GPIO_Init
   Definitions
      At line 225 in file gpio.s
   Uses
      At line 205 in file gpio.s
Comment: GPIO_Init used once
LCD_Display_Character 00000186

Symbol: LCD_Display_Character
   Definitions
      At line 424 in file gpio.s
   Uses
      At line 207 in file gpio.s
Comment: LCD_Display_Character used once
LCD_Init 000000DE

Symbol: LCD_Init
   Definitions
      At line 340 in file gpio.s
   Uses
      At line 206 in file gpio.s
Comment: LCD_Init used once
TecladoM_Poll 000001B2

Symbol: TecladoM_Poll
   Definitions
      At line 451 in file gpio.s
   Uses
      At line 208 in file gpio.s
Comment: TecladoM_Poll used once
decode_coluna_1 000001EE

Symbol: decode_coluna_1
   Definitions
      At line 496 in file gpio.s
   Uses
      At line 485 in file gpio.s
Comment: decode_coluna_1 used once
decode_coluna_2 00000208

Symbol: decode_coluna_2



ARM Macro Assembler    Page 2 Alphabetic symbol ordering
Relocatable symbols

   Definitions
      At line 515 in file gpio.s
   Uses
      At line 488 in file gpio.s
Comment: decode_coluna_2 used once
decode_coluna_3 00000222

Symbol: decode_coluna_3
   Definitions
      At line 534 in file gpio.s
   Uses
      At line 491 in file gpio.s
Comment: decode_coluna_3 used once
decode_coluna_4 0000023C

Symbol: decode_coluna_4
   Definitions
      At line 553 in file gpio.s
   Uses
      At line 494 in file gpio.s
Comment: decode_coluna_4 used once
loop_columns 000001B8

Symbol: loop_columns
   Definitions
      At line 455 in file gpio.s
   Uses
      At line 480 in file gpio.s
Comment: loop_columns used once
teclado_decode 000001DE

Symbol: teclado_decode
   Definitions
      At line 482 in file gpio.s
   Uses
      At line 468 in file gpio.s
      At line 471 in file gpio.s
      At line 474 in file gpio.s
      At line 477 in file gpio.s

teclado_retorno 00000256

Symbol: teclado_retorno
   Definitions
      At line 572 in file gpio.s
   Uses
      At line 458 in file gpio.s
      At line 513 in file gpio.s
      At line 532 in file gpio.s
      At line 551 in file gpio.s
      At line 570 in file gpio.s

13 symbols



ARM Macro Assembler    Page 1 Alphabetic symbol ordering
Absolute symbols

GPIO_PORTA 00000001

Symbol: GPIO_PORTA
   Definitions
      At line 27 in file gpio.s
   Uses
      At line 234 in file gpio.s
      At line 245 in file gpio.s

GPIO_PORTA_AHB_AFSEL_R 40058420

Symbol: GPIO_PORTA_AHB_AFSEL_R
   Definitions
      At line 23 in file gpio.s
   Uses
      At line 308 in file gpio.s
Comment: GPIO_PORTA_AHB_AFSEL_R used once
GPIO_PORTA_AHB_AMSEL_R 40058528

Symbol: GPIO_PORTA_AHB_AMSEL_R
   Definitions
      At line 20 in file gpio.s
   Uses
      At line 260 in file gpio.s
Comment: GPIO_PORTA_AHB_AMSEL_R used once
GPIO_PORTA_AHB_CR_R 40058524

Symbol: GPIO_PORTA_AHB_CR_R
   Definitions
      At line 19 in file gpio.s
   Uses
      None
Comment: GPIO_PORTA_AHB_CR_R unused
GPIO_PORTA_AHB_DATA_R 400583FC

Symbol: GPIO_PORTA_AHB_DATA_R
   Definitions
      At line 26 in file gpio.s
   Uses
      None
Comment: GPIO_PORTA_AHB_DATA_R unused
GPIO_PORTA_AHB_DEN_R 4005851C

Symbol: GPIO_PORTA_AHB_DEN_R
   Definitions
      At line 24 in file gpio.s
   Uses
      None
Comment: GPIO_PORTA_AHB_DEN_R unused
GPIO_PORTA_AHB_DIR_R 40058400

Symbol: GPIO_PORTA_AHB_DIR_R
   Definitions
      At line 22 in file gpio.s
   Uses
      None
Comment: GPIO_PORTA_AHB_DIR_R unused
GPIO_PORTA_AHB_LOCK_R 40058520




ARM Macro Assembler    Page 2 Alphabetic symbol ordering
Absolute symbols

Symbol: GPIO_PORTA_AHB_LOCK_R
   Definitions
      At line 18 in file gpio.s
   Uses
      None
Comment: GPIO_PORTA_AHB_LOCK_R unused
GPIO_PORTA_AHB_PCTL_R 4005852C

Symbol: GPIO_PORTA_AHB_PCTL_R
   Definitions
      At line 21 in file gpio.s
   Uses
      At line 277 in file gpio.s
Comment: GPIO_PORTA_AHB_PCTL_R used once
GPIO_PORTA_AHB_PUR_R 40058510

Symbol: GPIO_PORTA_AHB_PUR_R
   Definitions
      At line 25 in file gpio.s
   Uses
      None
Comment: GPIO_PORTA_AHB_PUR_R unused
GPIO_PORTB 00000002

Symbol: GPIO_PORTB
   Definitions
      At line 39 in file gpio.s
   Uses
      None
Comment: GPIO_PORTB unused
GPIO_PORTB_AHB_AFSEL_R 40059420

Symbol: GPIO_PORTB_AHB_AFSEL_R
   Definitions
      At line 32 in file gpio.s
   Uses
      None
Comment: GPIO_PORTB_AHB_AFSEL_R unused
GPIO_PORTB_AHB_AMSEL_R 40059528

Symbol: GPIO_PORTB_AHB_AMSEL_R
   Definitions
      At line 37 in file gpio.s
   Uses
      None
Comment: GPIO_PORTB_AHB_AMSEL_R unused
GPIO_PORTB_AHB_CR_R 40059524

Symbol: GPIO_PORTB_AHB_CR_R
   Definitions
      At line 36 in file gpio.s
   Uses
      None
Comment: GPIO_PORTB_AHB_CR_R unused
GPIO_PORTB_AHB_DATA_R 400593FC

Symbol: GPIO_PORTB_AHB_DATA_R
   Definitions
      At line 30 in file gpio.s



ARM Macro Assembler    Page 3 Alphabetic symbol ordering
Absolute symbols

   Uses
      None
Comment: GPIO_PORTB_AHB_DATA_R unused
GPIO_PORTB_AHB_DEN_R 4005951C

Symbol: GPIO_PORTB_AHB_DEN_R
   Definitions
      At line 34 in file gpio.s
   Uses
      None
Comment: GPIO_PORTB_AHB_DEN_R unused
GPIO_PORTB_AHB_DIR_R 40059400

Symbol: GPIO_PORTB_AHB_DIR_R
   Definitions
      At line 31 in file gpio.s
   Uses
      None
Comment: GPIO_PORTB_AHB_DIR_R unused
GPIO_PORTB_AHB_LOCK_R 40059520

Symbol: GPIO_PORTB_AHB_LOCK_R
   Definitions
      At line 35 in file gpio.s
   Uses
      None
Comment: GPIO_PORTB_AHB_LOCK_R unused
GPIO_PORTB_AHB_PCTL_R 4005952C

Symbol: GPIO_PORTB_AHB_PCTL_R
   Definitions
      At line 38 in file gpio.s
   Uses
      None
Comment: GPIO_PORTB_AHB_PCTL_R unused
GPIO_PORTB_AHB_PUR_R 40059510

Symbol: GPIO_PORTB_AHB_PUR_R
   Definitions
      At line 33 in file gpio.s
   Uses
      None
Comment: GPIO_PORTB_AHB_PUR_R unused
GPIO_PORTC 00000004

Symbol: GPIO_PORTC
   Definitions
      At line 51 in file gpio.s
   Uses
      None
Comment: GPIO_PORTC unused
GPIO_PORTC_AHB_AFSEL_R 4005A420

Symbol: GPIO_PORTC_AHB_AFSEL_R
   Definitions
      At line 44 in file gpio.s
   Uses
      None
Comment: GPIO_PORTC_AHB_AFSEL_R unused



ARM Macro Assembler    Page 4 Alphabetic symbol ordering
Absolute symbols

GPIO_PORTC_AHB_AMSEL_R 4005A528

Symbol: GPIO_PORTC_AHB_AMSEL_R
   Definitions
      At line 49 in file gpio.s
   Uses
      None
Comment: GPIO_PORTC_AHB_AMSEL_R unused
GPIO_PORTC_AHB_CR_R 4005A524

Symbol: GPIO_PORTC_AHB_CR_R
   Definitions
      At line 48 in file gpio.s
   Uses
      None
Comment: GPIO_PORTC_AHB_CR_R unused
GPIO_PORTC_AHB_DATA_R 4005A3FC

Symbol: GPIO_PORTC_AHB_DATA_R
   Definitions
      At line 42 in file gpio.s
   Uses
      None
Comment: GPIO_PORTC_AHB_DATA_R unused
GPIO_PORTC_AHB_DEN_R 4005A51C

Symbol: GPIO_PORTC_AHB_DEN_R
   Definitions
      At line 46 in file gpio.s
   Uses
      None
Comment: GPIO_PORTC_AHB_DEN_R unused
GPIO_PORTC_AHB_DIR_R 4005A400

Symbol: GPIO_PORTC_AHB_DIR_R
   Definitions
      At line 43 in file gpio.s
   Uses
      None
Comment: GPIO_PORTC_AHB_DIR_R unused
GPIO_PORTC_AHB_LOCK_R 4005A520

Symbol: GPIO_PORTC_AHB_LOCK_R
   Definitions
      At line 47 in file gpio.s
   Uses
      None
Comment: GPIO_PORTC_AHB_LOCK_R unused
GPIO_PORTC_AHB_PCTL_R 4005A52C

Symbol: GPIO_PORTC_AHB_PCTL_R
   Definitions
      At line 50 in file gpio.s
   Uses
      None
Comment: GPIO_PORTC_AHB_PCTL_R unused
GPIO_PORTC_AHB_PUR_R 4005A510

Symbol: GPIO_PORTC_AHB_PUR_R



ARM Macro Assembler    Page 5 Alphabetic symbol ordering
Absolute symbols

   Definitions
      At line 45 in file gpio.s
   Uses
      None
Comment: GPIO_PORTC_AHB_PUR_R unused
GPIO_PORTD 00000008

Symbol: GPIO_PORTD
   Definitions
      At line 63 in file gpio.s
   Uses
      None
Comment: GPIO_PORTD unused
GPIO_PORTD_AHB_AFSEL_R 4005B420

Symbol: GPIO_PORTD_AHB_AFSEL_R
   Definitions
      At line 56 in file gpio.s
   Uses
      None
Comment: GPIO_PORTD_AHB_AFSEL_R unused
GPIO_PORTD_AHB_AMSEL_R 4005B528

Symbol: GPIO_PORTD_AHB_AMSEL_R
   Definitions
      At line 61 in file gpio.s
   Uses
      None
Comment: GPIO_PORTD_AHB_AMSEL_R unused
GPIO_PORTD_AHB_CR_R 4005B524

Symbol: GPIO_PORTD_AHB_CR_R
   Definitions
      At line 60 in file gpio.s
   Uses
      None
Comment: GPIO_PORTD_AHB_CR_R unused
GPIO_PORTD_AHB_DATA_R 4005B3FC

Symbol: GPIO_PORTD_AHB_DATA_R
   Definitions
      At line 54 in file gpio.s
   Uses
      None
Comment: GPIO_PORTD_AHB_DATA_R unused
GPIO_PORTD_AHB_DEN_R 4005B51C

Symbol: GPIO_PORTD_AHB_DEN_R
   Definitions
      At line 58 in file gpio.s
   Uses
      None
Comment: GPIO_PORTD_AHB_DEN_R unused
GPIO_PORTD_AHB_DIR_R 4005B400

Symbol: GPIO_PORTD_AHB_DIR_R
   Definitions
      At line 55 in file gpio.s
   Uses



ARM Macro Assembler    Page 6 Alphabetic symbol ordering
Absolute symbols

      None
Comment: GPIO_PORTD_AHB_DIR_R unused
GPIO_PORTD_AHB_LOCK_R 4005B520

Symbol: GPIO_PORTD_AHB_LOCK_R
   Definitions
      At line 59 in file gpio.s
   Uses
      None
Comment: GPIO_PORTD_AHB_LOCK_R unused
GPIO_PORTD_AHB_PCTL_R 4005B52C

Symbol: GPIO_PORTD_AHB_PCTL_R
   Definitions
      At line 62 in file gpio.s
   Uses
      None
Comment: GPIO_PORTD_AHB_PCTL_R unused
GPIO_PORTD_AHB_PUR_R 4005B510

Symbol: GPIO_PORTD_AHB_PUR_R
   Definitions
      At line 57 in file gpio.s
   Uses
      None
Comment: GPIO_PORTD_AHB_PUR_R unused
GPIO_PORTE 00000010

Symbol: GPIO_PORTE
   Definitions
      At line 75 in file gpio.s
   Uses
      None
Comment: GPIO_PORTE unused
GPIO_PORTE_AHB_AFSEL_R 4005C420

Symbol: GPIO_PORTE_AHB_AFSEL_R
   Definitions
      At line 68 in file gpio.s
   Uses
      None
Comment: GPIO_PORTE_AHB_AFSEL_R unused
GPIO_PORTE_AHB_AMSEL_R 4005C528

Symbol: GPIO_PORTE_AHB_AMSEL_R
   Definitions
      At line 73 in file gpio.s
   Uses
      None
Comment: GPIO_PORTE_AHB_AMSEL_R unused
GPIO_PORTE_AHB_CR_R 4005C524

Symbol: GPIO_PORTE_AHB_CR_R
   Definitions
      At line 72 in file gpio.s
   Uses
      None
Comment: GPIO_PORTE_AHB_CR_R unused
GPIO_PORTE_AHB_DATA_R 4005C3FC



ARM Macro Assembler    Page 7 Alphabetic symbol ordering
Absolute symbols


Symbol: GPIO_PORTE_AHB_DATA_R
   Definitions
      At line 66 in file gpio.s
   Uses
      None
Comment: GPIO_PORTE_AHB_DATA_R unused
GPIO_PORTE_AHB_DEN_R 4005C51C

Symbol: GPIO_PORTE_AHB_DEN_R
   Definitions
      At line 70 in file gpio.s
   Uses
      None
Comment: GPIO_PORTE_AHB_DEN_R unused
GPIO_PORTE_AHB_DIR_R 4005C400

Symbol: GPIO_PORTE_AHB_DIR_R
   Definitions
      At line 67 in file gpio.s
   Uses
      None
Comment: GPIO_PORTE_AHB_DIR_R unused
GPIO_PORTE_AHB_LOCK_R 4005C520

Symbol: GPIO_PORTE_AHB_LOCK_R
   Definitions
      At line 71 in file gpio.s
   Uses
      None
Comment: GPIO_PORTE_AHB_LOCK_R unused
GPIO_PORTE_AHB_PCTL_R 4005C52C

Symbol: GPIO_PORTE_AHB_PCTL_R
   Definitions
      At line 74 in file gpio.s
   Uses
      None
Comment: GPIO_PORTE_AHB_PCTL_R unused
GPIO_PORTE_AHB_PUR_R 4005C510

Symbol: GPIO_PORTE_AHB_PUR_R
   Definitions
      At line 69 in file gpio.s
   Uses
      None
Comment: GPIO_PORTE_AHB_PUR_R unused
GPIO_PORTF 00000020

Symbol: GPIO_PORTF
   Definitions
      At line 87 in file gpio.s
   Uses
      None
Comment: GPIO_PORTF unused
GPIO_PORTF_AHB_AFSEL_R 4005D420

Symbol: GPIO_PORTF_AHB_AFSEL_R
   Definitions



ARM Macro Assembler    Page 8 Alphabetic symbol ordering
Absolute symbols

      At line 80 in file gpio.s
   Uses
      None
Comment: GPIO_PORTF_AHB_AFSEL_R unused
GPIO_PORTF_AHB_AMSEL_R 4005D528

Symbol: GPIO_PORTF_AHB_AMSEL_R
   Definitions
      At line 85 in file gpio.s
   Uses
      None
Comment: GPIO_PORTF_AHB_AMSEL_R unused
GPIO_PORTF_AHB_CR_R 4005D524

Symbol: GPIO_PORTF_AHB_CR_R
   Definitions
      At line 84 in file gpio.s
   Uses
      None
Comment: GPIO_PORTF_AHB_CR_R unused
GPIO_PORTF_AHB_DATA_R 4005D3FC

Symbol: GPIO_PORTF_AHB_DATA_R
   Definitions
      At line 78 in file gpio.s
   Uses
      None
Comment: GPIO_PORTF_AHB_DATA_R unused
GPIO_PORTF_AHB_DEN_R 4005D51C

Symbol: GPIO_PORTF_AHB_DEN_R
   Definitions
      At line 82 in file gpio.s
   Uses
      None
Comment: GPIO_PORTF_AHB_DEN_R unused
GPIO_PORTF_AHB_DIR_R 4005D400

Symbol: GPIO_PORTF_AHB_DIR_R
   Definitions
      At line 79 in file gpio.s
   Uses
      None
Comment: GPIO_PORTF_AHB_DIR_R unused
GPIO_PORTF_AHB_LOCK_R 4005D520

Symbol: GPIO_PORTF_AHB_LOCK_R
   Definitions
      At line 83 in file gpio.s
   Uses
      None
Comment: GPIO_PORTF_AHB_LOCK_R unused
GPIO_PORTF_AHB_PCTL_R 4005D52C

Symbol: GPIO_PORTF_AHB_PCTL_R
   Definitions
      At line 86 in file gpio.s
   Uses
      None



ARM Macro Assembler    Page 9 Alphabetic symbol ordering
Absolute symbols

Comment: GPIO_PORTF_AHB_PCTL_R unused
GPIO_PORTF_AHB_PUR_R 4005D510

Symbol: GPIO_PORTF_AHB_PUR_R
   Definitions
      At line 81 in file gpio.s
   Uses
      None
Comment: GPIO_PORTF_AHB_PUR_R unused
GPIO_PORTG 00000040

Symbol: GPIO_PORTG
   Definitions
      At line 99 in file gpio.s
   Uses
      None
Comment: GPIO_PORTG unused
GPIO_PORTG_AHB_AFSEL_R 4005E420

Symbol: GPIO_PORTG_AHB_AFSEL_R
   Definitions
      At line 92 in file gpio.s
   Uses
      None
Comment: GPIO_PORTG_AHB_AFSEL_R unused
GPIO_PORTG_AHB_AMSEL_R 4005E528

Symbol: GPIO_PORTG_AHB_AMSEL_R
   Definitions
      At line 97 in file gpio.s
   Uses
      None
Comment: GPIO_PORTG_AHB_AMSEL_R unused
GPIO_PORTG_AHB_CR_R 4005E524

Symbol: GPIO_PORTG_AHB_CR_R
   Definitions
      At line 96 in file gpio.s
   Uses
      None
Comment: GPIO_PORTG_AHB_CR_R unused
GPIO_PORTG_AHB_DATA_R 4005E3FC

Symbol: GPIO_PORTG_AHB_DATA_R
   Definitions
      At line 90 in file gpio.s
   Uses
      None
Comment: GPIO_PORTG_AHB_DATA_R unused
GPIO_PORTG_AHB_DEN_R 4005E51C

Symbol: GPIO_PORTG_AHB_DEN_R
   Definitions
      At line 94 in file gpio.s
   Uses
      None
Comment: GPIO_PORTG_AHB_DEN_R unused
GPIO_PORTG_AHB_DIR_R 4005E400




ARM Macro Assembler    Page 10 Alphabetic symbol ordering
Absolute symbols

Symbol: GPIO_PORTG_AHB_DIR_R
   Definitions
      At line 91 in file gpio.s
   Uses
      None
Comment: GPIO_PORTG_AHB_DIR_R unused
GPIO_PORTG_AHB_LOCK_R 4005E520

Symbol: GPIO_PORTG_AHB_LOCK_R
   Definitions
      At line 95 in file gpio.s
   Uses
      None
Comment: GPIO_PORTG_AHB_LOCK_R unused
GPIO_PORTG_AHB_PCTL_R 4005E52C

Symbol: GPIO_PORTG_AHB_PCTL_R
   Definitions
      At line 98 in file gpio.s
   Uses
      None
Comment: GPIO_PORTG_AHB_PCTL_R unused
GPIO_PORTG_AHB_PUR_R 4005E510

Symbol: GPIO_PORTG_AHB_PUR_R
   Definitions
      At line 93 in file gpio.s
   Uses
      None
Comment: GPIO_PORTG_AHB_PUR_R unused
GPIO_PORTH 00000080

Symbol: GPIO_PORTH
   Definitions
      At line 111 in file gpio.s
   Uses
      None
Comment: GPIO_PORTH unused
GPIO_PORTH_AHB_AFSEL_R 4005F420

Symbol: GPIO_PORTH_AHB_AFSEL_R
   Definitions
      At line 104 in file gpio.s
   Uses
      None
Comment: GPIO_PORTH_AHB_AFSEL_R unused
GPIO_PORTH_AHB_AMSEL_R 4005F528

Symbol: GPIO_PORTH_AHB_AMSEL_R
   Definitions
      At line 109 in file gpio.s
   Uses
      None
Comment: GPIO_PORTH_AHB_AMSEL_R unused
GPIO_PORTH_AHB_CR_R 4005F524

Symbol: GPIO_PORTH_AHB_CR_R
   Definitions
      At line 108 in file gpio.s



ARM Macro Assembler    Page 11 Alphabetic symbol ordering
Absolute symbols

   Uses
      None
Comment: GPIO_PORTH_AHB_CR_R unused
GPIO_PORTH_AHB_DATA_R 4005F3FC

Symbol: GPIO_PORTH_AHB_DATA_R
   Definitions
      At line 102 in file gpio.s
   Uses
      None
Comment: GPIO_PORTH_AHB_DATA_R unused
GPIO_PORTH_AHB_DEN_R 4005F51C

Symbol: GPIO_PORTH_AHB_DEN_R
   Definitions
      At line 106 in file gpio.s
   Uses
      None
Comment: GPIO_PORTH_AHB_DEN_R unused
GPIO_PORTH_AHB_DIR_R 4005F400

Symbol: GPIO_PORTH_AHB_DIR_R
   Definitions
      At line 103 in file gpio.s
   Uses
      None
Comment: GPIO_PORTH_AHB_DIR_R unused
GPIO_PORTH_AHB_LOCK_R 4005F520

Symbol: GPIO_PORTH_AHB_LOCK_R
   Definitions
      At line 107 in file gpio.s
   Uses
      None
Comment: GPIO_PORTH_AHB_LOCK_R unused
GPIO_PORTH_AHB_PCTL_R 4005F52C

Symbol: GPIO_PORTH_AHB_PCTL_R
   Definitions
      At line 110 in file gpio.s
   Uses
      None
Comment: GPIO_PORTH_AHB_PCTL_R unused
GPIO_PORTH_AHB_PUR_R 4005F510

Symbol: GPIO_PORTH_AHB_PUR_R
   Definitions
      At line 105 in file gpio.s
   Uses
      None
Comment: GPIO_PORTH_AHB_PUR_R unused
GPIO_PORTJ 00000100

Symbol: GPIO_PORTJ
   Definitions
      At line 123 in file gpio.s
   Uses
      At line 233 in file gpio.s
      At line 244 in file gpio.s



ARM Macro Assembler    Page 12 Alphabetic symbol ordering
Absolute symbols


GPIO_PORTJ_AHB_AFSEL_R 40060420

Symbol: GPIO_PORTJ_AHB_AFSEL_R
   Definitions
      At line 116 in file gpio.s
   Uses
      At line 306 in file gpio.s
Comment: GPIO_PORTJ_AHB_AFSEL_R used once
GPIO_PORTJ_AHB_AMSEL_R 40060528

Symbol: GPIO_PORTJ_AHB_AMSEL_R
   Definitions
      At line 121 in file gpio.s
   Uses
      At line 258 in file gpio.s
Comment: GPIO_PORTJ_AHB_AMSEL_R used once
GPIO_PORTJ_AHB_CR_R 40060524

Symbol: GPIO_PORTJ_AHB_CR_R
   Definitions
      At line 120 in file gpio.s
   Uses
      None
Comment: GPIO_PORTJ_AHB_CR_R unused
GPIO_PORTJ_AHB_DATA_R 400603FC

Symbol: GPIO_PORTJ_AHB_DATA_R
   Definitions
      At line 114 in file gpio.s
   Uses
      None
Comment: GPIO_PORTJ_AHB_DATA_R unused
GPIO_PORTJ_AHB_DEN_R 4006051C

Symbol: GPIO_PORTJ_AHB_DEN_R
   Definitions
      At line 118 in file gpio.s
   Uses
      None
Comment: GPIO_PORTJ_AHB_DEN_R unused
GPIO_PORTJ_AHB_DIR_R 40060400

Symbol: GPIO_PORTJ_AHB_DIR_R
   Definitions
      At line 115 in file gpio.s
   Uses
      None
Comment: GPIO_PORTJ_AHB_DIR_R unused
GPIO_PORTJ_AHB_LOCK_R 40060520

Symbol: GPIO_PORTJ_AHB_LOCK_R
   Definitions
      At line 119 in file gpio.s
   Uses
      None
Comment: GPIO_PORTJ_AHB_LOCK_R unused
GPIO_PORTJ_AHB_PCTL_R 4006052C




ARM Macro Assembler    Page 13 Alphabetic symbol ordering
Absolute symbols

Symbol: GPIO_PORTJ_AHB_PCTL_R
   Definitions
      At line 122 in file gpio.s
   Uses
      At line 275 in file gpio.s
Comment: GPIO_PORTJ_AHB_PCTL_R used once
GPIO_PORTJ_AHB_PUR_R 40060510

Symbol: GPIO_PORTJ_AHB_PUR_R
   Definitions
      At line 117 in file gpio.s
   Uses
      None
Comment: GPIO_PORTJ_AHB_PUR_R unused
GPIO_PORTK 00000200

Symbol: GPIO_PORTK
   Definitions
      At line 135 in file gpio.s
   Uses
      At line 232 in file gpio.s
      At line 243 in file gpio.s

GPIO_PORTK_AFSEL_R 40061420

Symbol: GPIO_PORTK_AFSEL_R
   Definitions
      At line 128 in file gpio.s
   Uses
      At line 302 in file gpio.s
Comment: GPIO_PORTK_AFSEL_R used once
GPIO_PORTK_AMSEL_R 40061528

Symbol: GPIO_PORTK_AMSEL_R
   Definitions
      At line 133 in file gpio.s
   Uses
      At line 256 in file gpio.s
Comment: GPIO_PORTK_AMSEL_R used once
GPIO_PORTK_CR_R 40061524

Symbol: GPIO_PORTK_CR_R
   Definitions
      At line 132 in file gpio.s
   Uses
      None
Comment: GPIO_PORTK_CR_R unused
GPIO_PORTK_DATA_R 400613FC

Symbol: GPIO_PORTK_DATA_R
   Definitions
      At line 126 in file gpio.s
   Uses
      At line 343 in file gpio.s
      At line 362 in file gpio.s
      At line 381 in file gpio.s
      At line 400 in file gpio.s
      At line 427 in file gpio.s




ARM Macro Assembler    Page 14 Alphabetic symbol ordering
Absolute symbols

GPIO_PORTK_DEN_R 4006151C

Symbol: GPIO_PORTK_DEN_R
   Definitions
      At line 130 in file gpio.s
   Uses
      At line 318 in file gpio.s
Comment: GPIO_PORTK_DEN_R used once
GPIO_PORTK_DIR_R 40061400

Symbol: GPIO_PORTK_DIR_R
   Definitions
      At line 127 in file gpio.s
   Uses
      At line 287 in file gpio.s
Comment: GPIO_PORTK_DIR_R used once
GPIO_PORTK_LOCK_R 40061520

Symbol: GPIO_PORTK_LOCK_R
   Definitions
      At line 131 in file gpio.s
   Uses
      None
Comment: GPIO_PORTK_LOCK_R unused
GPIO_PORTK_PCTL_R 4006152C

Symbol: GPIO_PORTK_PCTL_R
   Definitions
      At line 134 in file gpio.s
   Uses
      At line 273 in file gpio.s
Comment: GPIO_PORTK_PCTL_R used once
GPIO_PORTK_PUR_R 40061510

Symbol: GPIO_PORTK_PUR_R
   Definitions
      At line 129 in file gpio.s
   Uses
      None
Comment: GPIO_PORTK_PUR_R unused
GPIO_PORTL 00000400

Symbol: GPIO_PORTL
   Definitions
      At line 148 in file gpio.s
   Uses
      At line 237 in file gpio.s
      At line 248 in file gpio.s

GPIO_PORTL_AFSEL_R 40062420

Symbol: GPIO_PORTL_AFSEL_R
   Definitions
      At line 140 in file gpio.s
   Uses
      At line 314 in file gpio.s
Comment: GPIO_PORTL_AFSEL_R used once
GPIO_PORTL_AMSEL_R 40062528




ARM Macro Assembler    Page 15 Alphabetic symbol ordering
Absolute symbols

Symbol: GPIO_PORTL_AMSEL_R
   Definitions
      At line 146 in file gpio.s
   Uses
      At line 266 in file gpio.s
Comment: GPIO_PORTL_AMSEL_R used once
GPIO_PORTL_CR_R 40062524

Symbol: GPIO_PORTL_CR_R
   Definitions
      At line 145 in file gpio.s
   Uses
      None
Comment: GPIO_PORTL_CR_R unused
GPIO_PORTL_DATA_R 400623FC

Symbol: GPIO_PORTL_DATA_R
   Definitions
      At line 138 in file gpio.s
   Uses
      At line 463 in file gpio.s
Comment: GPIO_PORTL_DATA_R used once
GPIO_PORTL_DEN_R 4006251C

Symbol: GPIO_PORTL_DEN_R
   Definitions
      At line 143 in file gpio.s
   Uses
      At line 326 in file gpio.s
Comment: GPIO_PORTL_DEN_R used once
GPIO_PORTL_DIR_R 40062400

Symbol: GPIO_PORTL_DIR_R
   Definitions
      At line 139 in file gpio.s
   Uses
      At line 295 in file gpio.s
Comment: GPIO_PORTL_DIR_R used once
GPIO_PORTL_LOCK_R 40062520

Symbol: GPIO_PORTL_LOCK_R
   Definitions
      At line 144 in file gpio.s
   Uses
      None
Comment: GPIO_PORTL_LOCK_R unused
GPIO_PORTL_PCTL_R 4006252C

Symbol: GPIO_PORTL_PCTL_R
   Definitions
      At line 147 in file gpio.s
   Uses
      At line 283 in file gpio.s
Comment: GPIO_PORTL_PCTL_R used once
GPIO_PORTL_PDR_R 40062514

Symbol: GPIO_PORTL_PDR_R
   Definitions
      At line 142 in file gpio.s



ARM Macro Assembler    Page 16 Alphabetic symbol ordering
Absolute symbols

   Uses
      At line 331 in file gpio.s
Comment: GPIO_PORTL_PDR_R used once
GPIO_PORTL_PUR_R 40062510

Symbol: GPIO_PORTL_PUR_R
   Definitions
      At line 141 in file gpio.s
   Uses
      None
Comment: GPIO_PORTL_PUR_R unused
GPIO_PORTM 00000800

Symbol: GPIO_PORTM
   Definitions
      At line 160 in file gpio.s
   Uses
      At line 231 in file gpio.s
      At line 242 in file gpio.s

GPIO_PORTM_AFSEL_R 40063420

Symbol: GPIO_PORTM_AFSEL_R
   Definitions
      At line 153 in file gpio.s
   Uses
      At line 304 in file gpio.s
Comment: GPIO_PORTM_AFSEL_R used once
GPIO_PORTM_AMSEL_R 40063528

Symbol: GPIO_PORTM_AMSEL_R
   Definitions
      At line 158 in file gpio.s
   Uses
      At line 254 in file gpio.s
Comment: GPIO_PORTM_AMSEL_R used once
GPIO_PORTM_CR_R 40063524

Symbol: GPIO_PORTM_CR_R
   Definitions
      At line 157 in file gpio.s
   Uses
      None
Comment: GPIO_PORTM_CR_R unused
GPIO_PORTM_DATA_R 400633FC

Symbol: GPIO_PORTM_DATA_R
   Definitions
      At line 151 in file gpio.s
   Uses
      At line 347 in file gpio.s
      At line 354 in file gpio.s
      At line 366 in file gpio.s
      At line 373 in file gpio.s
      At line 385 in file gpio.s
      At line 392 in file gpio.s
      At line 404 in file gpio.s
      At line 411 in file gpio.s
      At line 430 in file gpio.s



ARM Macro Assembler    Page 17 Alphabetic symbol ordering
Absolute symbols

      At line 437 in file gpio.s
      At line 460 in file gpio.s

GPIO_PORTM_DEN_R 4006351C

Symbol: GPIO_PORTM_DEN_R
   Definitions
      At line 155 in file gpio.s
   Uses
      At line 322 in file gpio.s
Comment: GPIO_PORTM_DEN_R used once
GPIO_PORTM_DIR_R 40063400

Symbol: GPIO_PORTM_DIR_R
   Definitions
      At line 152 in file gpio.s
   Uses
      At line 291 in file gpio.s
Comment: GPIO_PORTM_DIR_R used once
GPIO_PORTM_LOCK_R 40063520

Symbol: GPIO_PORTM_LOCK_R
   Definitions
      At line 156 in file gpio.s
   Uses
      None
Comment: GPIO_PORTM_LOCK_R unused
GPIO_PORTM_PCTL_R 4006352C

Symbol: GPIO_PORTM_PCTL_R
   Definitions
      At line 159 in file gpio.s
   Uses
      At line 271 in file gpio.s
Comment: GPIO_PORTM_PCTL_R used once
GPIO_PORTM_PUR_R 40063510

Symbol: GPIO_PORTM_PUR_R
   Definitions
      At line 154 in file gpio.s
   Uses
      None
Comment: GPIO_PORTM_PUR_R unused
GPIO_PORTN 00001000

Symbol: GPIO_PORTN
   Definitions
      At line 172 in file gpio.s
   Uses
      None
Comment: GPIO_PORTN unused
GPIO_PORTN_AFSEL_R 40064420

Symbol: GPIO_PORTN_AFSEL_R
   Definitions
      At line 165 in file gpio.s
   Uses
      None
Comment: GPIO_PORTN_AFSEL_R unused



ARM Macro Assembler    Page 18 Alphabetic symbol ordering
Absolute symbols

GPIO_PORTN_AMSEL_R 40064528

Symbol: GPIO_PORTN_AMSEL_R
   Definitions
      At line 170 in file gpio.s
   Uses
      None
Comment: GPIO_PORTN_AMSEL_R unused
GPIO_PORTN_CR_R 40064524

Symbol: GPIO_PORTN_CR_R
   Definitions
      At line 169 in file gpio.s
   Uses
      None
Comment: GPIO_PORTN_CR_R unused
GPIO_PORTN_DATA_R 400643FC

Symbol: GPIO_PORTN_DATA_R
   Definitions
      At line 163 in file gpio.s
   Uses
      None
Comment: GPIO_PORTN_DATA_R unused
GPIO_PORTN_DEN_R 4006451C

Symbol: GPIO_PORTN_DEN_R
   Definitions
      At line 167 in file gpio.s
   Uses
      None
Comment: GPIO_PORTN_DEN_R unused
GPIO_PORTN_DIR_R 40064400

Symbol: GPIO_PORTN_DIR_R
   Definitions
      At line 164 in file gpio.s
   Uses
      None
Comment: GPIO_PORTN_DIR_R unused
GPIO_PORTN_LOCK_R 40064520

Symbol: GPIO_PORTN_LOCK_R
   Definitions
      At line 168 in file gpio.s
   Uses
      None
Comment: GPIO_PORTN_LOCK_R unused
GPIO_PORTN_PCTL_R 4006452C

Symbol: GPIO_PORTN_PCTL_R
   Definitions
      At line 171 in file gpio.s
   Uses
      None
Comment: GPIO_PORTN_PCTL_R unused
GPIO_PORTN_PUR_R 40064510

Symbol: GPIO_PORTN_PUR_R



ARM Macro Assembler    Page 19 Alphabetic symbol ordering
Absolute symbols

   Definitions
      At line 166 in file gpio.s
   Uses
      None
Comment: GPIO_PORTN_PUR_R unused
GPIO_PORTP 00002000

Symbol: GPIO_PORTP
   Definitions
      At line 184 in file gpio.s
   Uses
      At line 236 in file gpio.s
      At line 247 in file gpio.s

GPIO_PORTP_AFSEL_R 40065420

Symbol: GPIO_PORTP_AFSEL_R
   Definitions
      At line 177 in file gpio.s
   Uses
      At line 312 in file gpio.s
Comment: GPIO_PORTP_AFSEL_R used once
GPIO_PORTP_AMSEL_R 40065528

Symbol: GPIO_PORTP_AMSEL_R
   Definitions
      At line 182 in file gpio.s
   Uses
      At line 264 in file gpio.s
Comment: GPIO_PORTP_AMSEL_R used once
GPIO_PORTP_CR_R 40065524

Symbol: GPIO_PORTP_CR_R
   Definitions
      At line 181 in file gpio.s
   Uses
      None
Comment: GPIO_PORTP_CR_R unused
GPIO_PORTP_DATA_R 400653FC

Symbol: GPIO_PORTP_DATA_R
   Definitions
      At line 175 in file gpio.s
   Uses
      None
Comment: GPIO_PORTP_DATA_R unused
GPIO_PORTP_DEN_R 4006551C

Symbol: GPIO_PORTP_DEN_R
   Definitions
      At line 179 in file gpio.s
   Uses
      None
Comment: GPIO_PORTP_DEN_R unused
GPIO_PORTP_DIR_R 40065400

Symbol: GPIO_PORTP_DIR_R
   Definitions
      At line 176 in file gpio.s



ARM Macro Assembler    Page 20 Alphabetic symbol ordering
Absolute symbols

   Uses
      None
Comment: GPIO_PORTP_DIR_R unused
GPIO_PORTP_LOCK_R 40065520

Symbol: GPIO_PORTP_LOCK_R
   Definitions
      At line 180 in file gpio.s
   Uses
      None
Comment: GPIO_PORTP_LOCK_R unused
GPIO_PORTP_PCTL_R 4006552C

Symbol: GPIO_PORTP_PCTL_R
   Definitions
      At line 183 in file gpio.s
   Uses
      At line 281 in file gpio.s
Comment: GPIO_PORTP_PCTL_R used once
GPIO_PORTP_PUR_R 40065510

Symbol: GPIO_PORTP_PUR_R
   Definitions
      At line 178 in file gpio.s
   Uses
      None
Comment: GPIO_PORTP_PUR_R unused
GPIO_PORTQ 00004000

Symbol: GPIO_PORTQ
   Definitions
      At line 196 in file gpio.s
   Uses
      At line 235 in file gpio.s
      At line 246 in file gpio.s

GPIO_PORTQ_AFSEL_R 40066420

Symbol: GPIO_PORTQ_AFSEL_R
   Definitions
      At line 189 in file gpio.s
   Uses
      At line 310 in file gpio.s
Comment: GPIO_PORTQ_AFSEL_R used once
GPIO_PORTQ_AMSEL_R 40066528

Symbol: GPIO_PORTQ_AMSEL_R
   Definitions
      At line 194 in file gpio.s
   Uses
      At line 262 in file gpio.s
Comment: GPIO_PORTQ_AMSEL_R used once
GPIO_PORTQ_CR_R 40066524

Symbol: GPIO_PORTQ_CR_R
   Definitions
      At line 193 in file gpio.s
   Uses
      None



ARM Macro Assembler    Page 21 Alphabetic symbol ordering
Absolute symbols

Comment: GPIO_PORTQ_CR_R unused
GPIO_PORTQ_DATA_R 400663FC

Symbol: GPIO_PORTQ_DATA_R
   Definitions
      At line 187 in file gpio.s
   Uses
      None
Comment: GPIO_PORTQ_DATA_R unused
GPIO_PORTQ_DEN_R 4006651C

Symbol: GPIO_PORTQ_DEN_R
   Definitions
      At line 191 in file gpio.s
   Uses
      None
Comment: GPIO_PORTQ_DEN_R unused
GPIO_PORTQ_DIR_R 40066400

Symbol: GPIO_PORTQ_DIR_R
   Definitions
      At line 188 in file gpio.s
   Uses
      None
Comment: GPIO_PORTQ_DIR_R unused
GPIO_PORTQ_LOCK_R 40066520

Symbol: GPIO_PORTQ_LOCK_R
   Definitions
      At line 192 in file gpio.s
   Uses
      None
Comment: GPIO_PORTQ_LOCK_R unused
GPIO_PORTQ_PCTL_R 4006652C

Symbol: GPIO_PORTQ_PCTL_R
   Definitions
      At line 195 in file gpio.s
   Uses
      At line 279 in file gpio.s
Comment: GPIO_PORTQ_PCTL_R used once
GPIO_PORTQ_PUR_R 40066510

Symbol: GPIO_PORTQ_PUR_R
   Definitions
      At line 190 in file gpio.s
   Uses
      None
Comment: GPIO_PORTQ_PUR_R unused
SYSCTL_PRGPIO_R 400FEA08

Symbol: SYSCTL_PRGPIO_R
   Definitions
      At line 14 in file gpio.s
   Uses
      At line 240 in file gpio.s
Comment: SYSCTL_PRGPIO_R used once
SYSCTL_RCGCGPIO_R 400FE608




ARM Macro Assembler    Page 22 Alphabetic symbol ordering
Absolute symbols

Symbol: SYSCTL_RCGCGPIO_R
   Definitions
      At line 13 in file gpio.s
   Uses
      At line 230 in file gpio.s
Comment: SYSCTL_RCGCGPIO_R used once
153 symbols



ARM Macro Assembler    Page 1 Alphabetic symbol ordering
External symbols

SysTick_Wait1us 00000000

Symbol: SysTick_Wait1us
   Definitions
      At line 211 in file gpio.s
   Uses
      At line 352 in file gpio.s
      At line 359 in file gpio.s
      At line 371 in file gpio.s
      At line 378 in file gpio.s
      At line 390 in file gpio.s
      At line 397 in file gpio.s
      At line 409 in file gpio.s
      At line 416 in file gpio.s
      At line 435 in file gpio.s
      At line 442 in file gpio.s

1 symbol
503 symbols in table
