


ARM Macro Assembler    Page 1 


    1 00000000         ; timer.s
    2 00000000         ; Desenvolvido para a placa EK-TM4C1294XL
    3 00000000         ; Jhony Minetto Araujo, Ricardo Marthus Gremmelmaier, Ro
                       drigo Wolsky Poli
    4 00000000         ; Ver 1 2/12/2024
    5 00000000         
    6 00000000         
    7 00000000         ; ------------------------------------------------------
                       -------------------------
    8 00000000                 THUMB                        ; Instrucoes do tip
                                                            o Thumb-2
    9 00000000         ; ------------------------------------------------------
                       -------------------------
   10 00000000         ; Declaracoes EQU - Defines
   11 00000000         ; ========================
   12 00000000         
   13 00000000         ; ================== DEFINICOES DOS PORTS ==============
                       =====
   14 00000000         
   15 00000000         ; ~~~~~~~~~~~~~~~~ PORT A ~~~~~~~~~~~~~~~~~~
   16 00000000 40058410 
                       GPIO_PORTA_AHB_IM_R
                               EQU              0x40058410
   17 00000000 40058404 
                       GPIO_PORTA_AHB_IS_R
                               EQU              0x40058404
   18 00000000 40058408 
                       GPIO_PORTA_AHB_IBE_R
                               EQU              0x40058408
   19 00000000 4005840C 
                       GPIO_PORTA_AHB_IEV_R
                               EQU              0x4005840C
   20 00000000 4005841C 
                       GPIO_PORTA_AHB_ICR_R
                               EQU              0x4005841C
   21 00000000 400583FC 
                       GPIO_PORTA_AHB_DATA_R
                               EQU              0x400583FC
   22 00000000 00000001 
                       GPIO_PORTA
                               EQU              2_000000000000001
   23 00000000         
   24 00000000         ; ~~~~~~~~~~~~~~~~ PORT B ~~~~~~~~~~~~~~~~~~
   25 00000000 40059410 
                       GPIO_PORTB_AHB_IM_R
                               EQU              0x40059410
   26 00000000 40059404 
                       GPIO_PORTB_AHB_IS_R
                               EQU              0x40059404
   27 00000000 40059408 
                       GPIO_PORTB_AHB_IBE_R
                               EQU              0x40059408
   28 00000000 4005940C 
                       GPIO_PORTB_AHB_IEV_R
                               EQU              0x4005940C
   29 00000000 4005941C 
                       GPIO_PORTB_AHB_ICR_R
                               EQU              0x4005941C
   30 00000000 400593FC 



ARM Macro Assembler    Page 2 


                       GPIO_PORTB_AHB_DATA_R
                               EQU              0x400593FC
   31 00000000 00000002 
                       GPIO_PORTB
                               EQU              2_000000000000010
   32 00000000         
   33 00000000         ; ~~~~~~~~~~~~~~~~ PORT C ~~~~~~~~~~~~~~~~~~
   34 00000000 4005A404 
                       GPIO_PORTC_AHB_IS_R
                               EQU              0x4005A404
   35 00000000 4005A408 
                       GPIO_PORTC_AHB_IBE_R
                               EQU              0x4005A408
   36 00000000 4005A40C 
                       GPIO_PORTC_AHB_IEV_R
                               EQU              0x4005A40C
   37 00000000 4005A410 
                       GPIO_PORTC_AHB_IM_R
                               EQU              0x4005A410
   38 00000000 4005A41C 
                       GPIO_PORTC_AHB_ICR_R
                               EQU              0x4005A41C
   39 00000000 4005A3FC 
                       GPIO_PORTC_AHB_DATA_R
                               EQU              0x4005A3FC
   40 00000000 00000004 
                       GPIO_PORTC
                               EQU              2_000000000000100
   41 00000000         
   42 00000000         ; ~~~~~~~~~~~~~~~~ PORT D ~~~~~~~~~~~~~~~~~~
   43 00000000 4005B410 
                       GPIO_PORTD_AHB_IM_R
                               EQU              0x4005B410
   44 00000000 4005B404 
                       GPIO_PORTD_AHB_IS_R
                               EQU              0x4005B404
   45 00000000 4005B408 
                       GPIO_PORTD_AHB_IBE_R
                               EQU              0x4005B408
   46 00000000 4005B40C 
                       GPIO_PORTD_AHB_IEV_R
                               EQU              0x4005B40C
   47 00000000 4005B41C 
                       GPIO_PORTD_AHB_ICR_R
                               EQU              0x4005B41C
   48 00000000 4005B3FC 
                       GPIO_PORTD_AHB_DATA_R
                               EQU              0x4005B3FC
   49 00000000 00000008 
                       GPIO_PORTD
                               EQU              2_000000000001000
   50 00000000         
   51 00000000         ; ~~~~~~~~~~~~~~~~ PORT E ~~~~~~~~~~~~~~~~~~   
   52 00000000 4005C410 
                       GPIO_PORTE_AHB_IM_R
                               EQU              0x4005C410
   53 00000000 4005C404 
                       GPIO_PORTE_AHB_IS_R
                               EQU              0x4005C404



ARM Macro Assembler    Page 3 


   54 00000000 4005C408 
                       GPIO_PORTE_AHB_IBE_R
                               EQU              0x4005C408
   55 00000000 4005C40C 
                       GPIO_PORTE_AHB_IEV_R
                               EQU              0x4005C40C
   56 00000000 4005C41C 
                       GPIO_PORTE_AHB_ICR_R
                               EQU              0x4005C41C
   57 00000000 4005C3FC 
                       GPIO_PORTE_AHB_DATA_R
                               EQU              0x4005C3FC
   58 00000000 00000010 
                       GPIO_PORTE
                               EQU              2_000000000010000
   59 00000000         
   60 00000000         ; ~~~~~~~~~~~~~~~~ PORT F ~~~~~~~~~~~~~~~~~~
   61 00000000 4005D410 
                       GPIO_PORTF_AHB_IM_R
                               EQU              0x4005D410
   62 00000000 4005D404 
                       GPIO_PORTF_AHB_IS_R
                               EQU              0x4005D404
   63 00000000 4005D408 
                       GPIO_PORTF_AHB_IBE_R
                               EQU              0x4005D408
   64 00000000 4005D40C 
                       GPIO_PORTF_AHB_IEV_R
                               EQU              0x4005D40C
   65 00000000 4005D41C 
                       GPIO_PORTF_AHB_ICR_R
                               EQU              0x4005D41C
   66 00000000 4005D3FC 
                       GPIO_PORTF_AHB_DATA_R
                               EQU              0x4005D3FC
   67 00000000 00000020 
                       GPIO_PORTF
                               EQU              2_000000000100000
   68 00000000         
   69 00000000         ; ~~~~~~~~~~~~~~~~ PORT G ~~~~~~~~~~~~~~~~~~
   70 00000000 4005E410 
                       GPIO_PORTG_AHB_IM_R
                               EQU              0x4005E410
   71 00000000 4005E404 
                       GPIO_PORTG_AHB_IS_R
                               EQU              0x4005E404
   72 00000000 4005E408 
                       GPIO_PORTG_AHB_IBE_R
                               EQU              0x4005E408
   73 00000000 4005E40C 
                       GPIO_PORTG_AHB_IEV_R
                               EQU              0x4005E40C
   74 00000000 4005E41C 
                       GPIO_PORTG_AHB_ICR_R
                               EQU              0x4005E41C
   75 00000000 4005E3FC 
                       GPIO_PORTG_AHB_DATA_R
                               EQU              0x4005E3FC
   76 00000000 00000040 



ARM Macro Assembler    Page 4 


                       GPIO_PORTG
                               EQU              2_000000001000000
   77 00000000         
   78 00000000         ; ~~~~~~~~~~~~~~~~ PORT H ~~~~~~~~~~~~~~~~~~
   79 00000000 4005F410 
                       GPIO_PORTH_AHB_IM_R
                               EQU              0x4005F410
   80 00000000 4005F404 
                       GPIO_PORTH_AHB_IS_R
                               EQU              0x4005F404
   81 00000000 4005F408 
                       GPIO_PORTH_AHB_IBE_R
                               EQU              0x4005F408
   82 00000000 4005F40C 
                       GPIO_PORTH_AHB_IEV_R
                               EQU              0x4005F40C
   83 00000000 4005F41C 
                       GPIO_PORTH_AHB_ICR_R
                               EQU              0x4005F41C
   84 00000000 4005F3FC 
                       GPIO_PORTH_AHB_DATA_R
                               EQU              0x4005F3FC
   85 00000000 00000080 
                       GPIO_PORTH
                               EQU              2_000000010000000
   86 00000000         
   87 00000000         ; ~~~~~~~~~~~~~~~~ PORT J ~~~~~~~~~~~~~~~~~~
   88 00000000 40060410 
                       GPIO_PORTJ_AHB_IM_R
                               EQU              0x40060410
   89 00000000 40060404 
                       GPIO_PORTJ_AHB_IS_R
                               EQU              0x40060404
   90 00000000 40060408 
                       GPIO_PORTJ_AHB_IBE_R
                               EQU              0x40060408
   91 00000000 4006040C 
                       GPIO_PORTJ_AHB_IEV_R
                               EQU              0x4006040C
   92 00000000 4006041C 
                       GPIO_PORTJ_AHB_ICR_R
                               EQU              0x4006041C
   93 00000000 400603FC 
                       GPIO_PORTJ_AHB_DATA_R
                               EQU              0x400603FC
   94 00000000 00000100 
                       GPIO_PORTJ
                               EQU              2_000000100000000
   95 00000000         
   96 00000000         ; ~~~~~~~~~~~~~~~~ PORT K ~~~~~~~~~~~~~~~~~~
   97 00000000 40061410 
                       GPIO_PORTK_IM_R
                               EQU              0x40061410
   98 00000000 40061404 
                       GPIO_PORTK_IS_R
                               EQU              0x40061404
   99 00000000 40061408 
                       GPIO_PORTK_IBE_R
                               EQU              0x40061408



ARM Macro Assembler    Page 5 


  100 00000000 4006140C 
                       GPIO_PORTK_IEV_R
                               EQU              0x4006140C
  101 00000000 4006141C 
                       GPIO_PORTK_ICR_R
                               EQU              0x4006141C
  102 00000000 400613FC 
                       GPIO_PORTK_DATA_R
                               EQU              0x400613FC
  103 00000000 00000200 
                       GPIO_PORTK
                               EQU              2_000001000000000
  104 00000000         
  105 00000000         ; ~~~~~~~~~~~~~~~~ PORT L ~~~~~~~~~~~~~~~~~~
  106 00000000 40062410 
                       GPIO_PORTL_IM_R
                               EQU              0x40062410
  107 00000000 40062404 
                       GPIO_PORTL_IS_R
                               EQU              0x40062404
  108 00000000 40062408 
                       GPIO_PORTL_IBE_R
                               EQU              0x40062408
  109 00000000 4006240C 
                       GPIO_PORTL_IEV_R
                               EQU              0x4006240C
  110 00000000 4006241C 
                       GPIO_PORTL_ICR_R
                               EQU              0x4006241C
  111 00000000 400623FC 
                       GPIO_PORTL_DATA_R
                               EQU              0x400623FC
  112 00000000 00000400 
                       GPIO_PORTL
                               EQU              2_000010000000000
  113 00000000         
  114 00000000         ; ~~~~~~~~~~~~~~~~ PORT M ~~~~~~~~~~~~~~~~~~
  115 00000000 40063410 
                       GPIO_PORTM_IM_R
                               EQU              0x40063410
  116 00000000 40063404 
                       GPIO_PORTM_IS_R
                               EQU              0x40063404
  117 00000000 40063408 
                       GPIO_PORTM_IBE_R
                               EQU              0x40063408
  118 00000000 4006340C 
                       GPIO_PORTM_IEV_R
                               EQU              0x4006340C
  119 00000000 4006341C 
                       GPIO_PORTM_ICR_R
                               EQU              0x4006341C
  120 00000000 400633FC 
                       GPIO_PORTM_DATA_R
                               EQU              0x400633FC
  121 00000000 00000800 
                       GPIO_PORTM
                               EQU              2_000100000000000
  122 00000000         



ARM Macro Assembler    Page 6 


  123 00000000         ; ~~~~~~~~~~~~~~~~ PORT N ~~~~~~~~~~~~~~~~~~
  124 00000000 40064410 
                       GPIO_PORTN_IM_R
                               EQU              0x40064410
  125 00000000 40064404 
                       GPIO_PORTN_IS_R
                               EQU              0x40064404
  126 00000000 40064408 
                       GPIO_PORTN_IBE_R
                               EQU              0x40064408
  127 00000000 4006440C 
                       GPIO_PORTN_IEV_R
                               EQU              0x4006440C
  128 00000000 4006441C 
                       GPIO_PORTN_ICR_R
                               EQU              0x4006441C
  129 00000000 400643FC 
                       GPIO_PORTN_DATA_R
                               EQU              0x400643FC
  130 00000000 00001000 
                       GPIO_PORTN
                               EQU              2_001000000000000
  131 00000000         
  132 00000000         ; ~~~~~~~~~~~~~~~~ PORT P ~~~~~~~~~~~~~~~~~~
  133 00000000 40065410 
                       GPIO_PORTP_IM_R
                               EQU              0x40065410
  134 00000000 40065404 
                       GPIO_PORTP_IS_R
                               EQU              0x40065404
  135 00000000 40065408 
                       GPIO_PORTP_IBE_R
                               EQU              0x40065408
  136 00000000 4006540C 
                       GPIO_PORTP_IEV_R
                               EQU              0x4006540C
  137 00000000 4006541C 
                       GPIO_PORTP_ICR_R
                               EQU              0x4006541C
  138 00000000 400653FC 
                       GPIO_PORTP_DATA_R
                               EQU              0x400653FC
  139 00000000 00002000 
                       GPIO_PORTP
                               EQU              2_010000000000000
  140 00000000         
  141 00000000         ; ~~~~~~~~~~~~~~~~ PORT Q ~~~~~~~~~~~~~~~~~~
  142 00000000 40066410 
                       GPIO_PORTQ_IM_R
                               EQU              0x40066410
  143 00000000 40066404 
                       GPIO_PORTQ_IS_R
                               EQU              0x40066404
  144 00000000 40066408 
                       GPIO_PORTQ_IBE_R
                               EQU              0x40066408
  145 00000000 4006640C 
                       GPIO_PORTQ_IEV_R
                               EQU              0x4006640C



ARM Macro Assembler    Page 7 


  146 00000000 4006641C 
                       GPIO_PORTQ_ICR_R
                               EQU              0x4006641C
  147 00000000 400663FC 
                       GPIO_PORTQ_DATA_R
                               EQU              0x400663FC
  148 00000000 00004000 
                       GPIO_PORTQ
                               EQU              2_100000000000000
  149 00000000         
  150 00000000         
  151 00000000         ; ================== DEFINICOES DO NVIC ================
                       ===
  152 00000000         
  153 00000000         ; ~~~~~~~~~~~~~~~~ ENABLE ~~~~~~~~~~~~~~~~~~
  154 00000000 E000E100 
                       NVIC_EN0_R
                               EQU              0xE000E100
  155 00000000 E000E104 
                       NVIC_EN1_R
                               EQU              0xE000E104
  156 00000000 E000E108 
                       NVIC_EN2_R
                               EQU              0xE000E108
  157 00000000 E000E10C 
                       NVIC_EN3_R
                               EQU              0xE000E10C
  158 00000000         
  159 00000000         ; ~~~~~~~~~~~~~~~~ DISABLE ~~~~~~~~~~~~~~~~~~
  160 00000000 E000E180 
                       NVIC_DIS0_R
                               EQU              0xE000E180
  161 00000000 E000E184 
                       NVIC_DIS1_R
                               EQU              0xE000E184
  162 00000000 E000E188 
                       NVIC_DIS2_R
                               EQU              0xE000E188
  163 00000000 E000E18C 
                       NVIC_DIS3_R
                               EQU              0xE000E18C
  164 00000000         
  165 00000000         ; ~~~~~~~~~~~~~~~~ PRIORITY ~~~~~~~~~~~~~~~~~~
  166 00000000 E000E400 
                       NVIC_PRI0_R
                               EQU              0xE000E400
  167 00000000 E000E404 
                       NVIC_PRI1_R
                               EQU              0xE000E404
  168 00000000 E000E408 
                       NVIC_PRI2_R
                               EQU              0xE000E408
  169 00000000 E000E40C 
                       NVIC_PRI3_R
                               EQU              0xE000E40C
  170 00000000 E000E410 
                       NVIC_PRI4_R
                               EQU              0xE000E410
  171 00000000 E000E414 



ARM Macro Assembler    Page 8 


                       NVIC_PRI5_R
                               EQU              0xE000E414
  172 00000000 E000E418 
                       NVIC_PRI6_R
                               EQU              0xE000E418
  173 00000000 E000E41C 
                       NVIC_PRI7_R
                               EQU              0xE000E41C
  174 00000000 E000E420 
                       NVIC_PRI8_R
                               EQU              0xE000E420
  175 00000000 E000E424 
                       NVIC_PRI9_R
                               EQU              0xE000E424
  176 00000000 E000E428 
                       NVIC_PRI10_R
                               EQU              0xE000E428
  177 00000000 E000E42C 
                       NVIC_PRI11_R
                               EQU              0xE000E42C
  178 00000000 E000E430 
                       NVIC_PRI12_R
                               EQU              0xE000E430
  179 00000000 E000E434 
                       NVIC_PRI13_R
                               EQU              0xE000E434
  180 00000000 E000E438 
                       NVIC_PRI14_R
                               EQU              0xE000E438
  181 00000000 E000E43C 
                       NVIC_PRI15_R
                               EQU              0xE000E43C
  182 00000000 E000E440 
                       NVIC_PRI16_R
                               EQU              0xE000E440
  183 00000000 E000E444 
                       NVIC_PRI17_R
                               EQU              0xE000E444
  184 00000000 E000E448 
                       NVIC_PRI18_R
                               EQU              0xE000E448
  185 00000000 E000E44C 
                       NVIC_PRI19_R
                               EQU              0xE000E44C
  186 00000000 E000E450 
                       NVIC_PRI20_R
                               EQU              0xE000E450
  187 00000000 E000E454 
                       NVIC_PRI21_R
                               EQU              0xE000E454
  188 00000000 E000E458 
                       NVIC_PRI22_R
                               EQU              0xE000E458
  189 00000000 E000E45C 
                       NVIC_PRI23_R
                               EQU              0xE000E45C
  190 00000000 E000E460 
                       NVIC_PRI24_R
                               EQU              0xE000E460



ARM Macro Assembler    Page 9 


  191 00000000 E000E464 
                       NVIC_PRI25_R
                               EQU              0xE000E464
  192 00000000 E000E468 
                       NVIC_PRI26_R
                               EQU              0xE000E468
  193 00000000 E000E46C 
                       NVIC_PRI27_R
                               EQU              0xE000E46C
  194 00000000 E000E470 
                       NVIC_PRI28_R
                               EQU              0xE000E470
  195 00000000         ; ------------------------------------------------------
                       -------------------------
  196 00000000         ; Area de Codigo - Tudo abaixo da diretiva a seguir sera
                        armazenado na memoria de 
  197 00000000         ;                  codigo
  198 00000000                 AREA             |.text|, CODE, READONLY, ALIGN=
2
  199 00000000         
  200 00000000         ; Se alguma funcao do arquivo for chamada em outro arqui
                       vo 
  201 00000000                 EXPORT           Interrupt_Init
  202 00000000                 EXPORT           GPIOPortJ_Handler
  203 00000000         
  204 00000000                 IMPORT           SysTick_Wait1ms
  205 00000000                 IMPORT           create_table
  206 00000000                 IMPORT           LCD_Reset
  207 00000000         ;-------------------------------------------------------
                       -------------------------
  208 00000000         ;=========================================
  209 00000000         ; Funcao Timer_Init
  210 00000000         ; Parametro de entrada: Nao tem
  211 00000000         ; Parametro de saida: Nao tem
  212 00000000         Interrupt_Init
  213 00000000         
  214 00000000         ; 1. Desabilitar a interrupcao no registradore IM
  215 00000000 F04F 0100       MOV              R1, #0x00   ;Desabilitar as int
                                                            errupcoes
  216 00000004 4817            LDR              R0, =GPIO_PORTJ_AHB_IM_R ;Carre
                                                            ga o endereco do IM
                                                             para a porta gener
                                                            ica
  217 00000006 6001            STR              R1, [R0]    ;Escreve no registr
                                                            ador
  218 00000008         
  219 00000008         ;       LDR     R0, =GPIO_PORTM_IM_R                    
                                                       ;Carrega o endereco do I
                       M para a porta generica
  220 00000008         ;       STR     R1, [R0]                      ;Escreve n
                       o registrador
  221 00000008         
  222 00000008         ;       LDR     R0, =GPIO_PORTL_IM_R                    
                                                       ;Carrega o endereco do I
                       M para a porta generica
  223 00000008         ;       STR     R1, [R0]                      ;Escreve n
                       o registrador
  224 00000008         
  225 00000008         ; 2. Configurar o tipo de interrupcao (borda = 0 , nivel



ARM Macro Assembler    Page 10 


                        = 1) no IS
  226 00000008         
  227 00000008 F04F 0100       MOV              R1, #2_00   ;Por borda
  228 0000000C 4816            LDR              R0, =GPIO_PORTJ_AHB_IS_R ;Carre
                                                            ga o endereco IS pa
                                                            ra a porta generica
                                                            
  229 0000000E 6001            STR              R1, [R0]    ;Seta o valor no re
                                                            gistrador
  230 00000010         
  231 00000010         ; 3. Configurar tipo de borda (unica = 0, dupla = 1) no 
                       IBE
  232 00000010         
  233 00000010 F04F 0100       MOV              R1, #2_00   ;Por borda unica
  234 00000014 4815            LDR              R0, =GPIO_PORTJ_AHB_IBE_R ;Carr
                                                            ega o endereco IBE 
                                                            para a porta generi
                                                            ca
  235 00000016 6001            STR              R1, [R0]    ;Seta o valor no re
                                                            gistrador
  236 00000018         
  237 00000018         ; 4. Configurar modo da borda (descida = 0, subida = 1) 
                       no IEV                          
  238 00000018         
  239 00000018 F04F 0100       MOV              R1, #2_00   ;Por borda de desci
                                                            da
  240 0000001C 4814            LDR              R0, =GPIO_PORTJ_AHB_IEV_R ;Carr
                                                            ega o endereco IEV 
                                                            para a porta generi
                                                            ca
  241 0000001E 6001            STR              R1, [R0]    ;Seta o valor no re
                                                            gistrador
  242 00000020         
  243 00000020         ; 5. Realizar o ack para garantir que a interrupcao ira 
                       ocorrer no ICR
  244 00000020         
  245 00000020 F04F 0101       MOV              R1, #2_01   ;Seta o bit de ackn
                                                            owledge
  246 00000024 4813            LDR              R0, =GPIO_PORTJ_AHB_ICR_R ;Pega
                                                             o endereco do ICR
  247 00000026 6001            STR              R1, [R0]    ;Seta o valor no re
                                                            gistrador
  248 00000028         
  249 00000028         ; 6. Habilitar a interrupcao no registrador IM
  250 00000028         
  251 00000028 F04F 0101       MOV              R1, #2_01   ;Habilitar as inter
                                                            rupcoes
  252 0000002C 480D            LDR              R0, =GPIO_PORTJ_AHB_IM_R ;Carre
                                                            ga o endereco do IM
                                                             para a porta gener
                                                            ica
  253 0000002E 6001            STR              R1, [R0]    ;Escreve no registr
                                                            ador
  254 00000030         
  255 00000030         ; 7. Habilitar fonte de interrupcao no NVIC (Portj = int
                       errupcao 51 - Tabela 3-8, pagina 146)
  256 00000030         ; Achar qual o ENX, pag 154
  257 00000030         
  258 00000030 F04F 0101       MOV              R1, #1      ;Seta 1



ARM Macro Assembler    Page 11 


  259 00000034 EA4F 41C1       LSL              R1, #19     ;Desloca 19 bits, j
                                                            a que 51-32=19 (int
                                                            ervalo entre inicio
                                                             do EN que contem o
                                                             51)
  260 00000038 480F            LDR              R0, =NVIC_EN1_R ;Carrega o ende
                                                            reco do EN1
  261 0000003A 6001            STR              R1, [R0]    ;Seta no registrado
                                                            r
  262 0000003C         
  263 0000003C         ; 8. Setar prioridade no NVIC, achar qual PRIX, pag 159
  264 0000003C         
  265 0000003C F04F 0102       MOV              R1, #2      ;Prioridade 2
  266 00000040 EA4F 7141       LSL              R1, #29     ;Deslocar 29 bits p
                                                            ara ir pro ultimo b
                                                            yte do PRI12
  267 00000044 480D            LDR              R0, =NVIC_PRI12_R ;Carrega o en
                                                            dereco do PRI12
  268 00000046 6001            STR              R1, [R0]    ;Seta no registrado
                                                            r
  269 00000048         
  270 00000048 4770            BX               LR
  271 0000004A         ;=========================================
  272 0000004A         ; ******************************************************
                       
  273 0000004A         
  274 0000004A         ;Funcao GPIOPortJ_Handler ISR, tratamento de interrupcao
                       
  275 0000004A         ;Parametro de entrada: nao tem
  276 0000004A         ;Parametro de saida: nao tem
  277 0000004A         GPIOPortJ_Handler
  278 0000004A B500            PUSH             {LR}
  279 0000004C 4809            LDR              R0, =GPIO_PORTJ_AHB_ICR_R ;Carr
                                                            ega o endereco do I
                                                            CR para o ack
  280 0000004E F04F 0101       MOV              R1, #2_00000001 ;Seta o bit 0 p
                                                            ara ack
  281 00000052 6001            STR              R1, [R0]    ;Salva no registrad
                                                            or
  282 00000054         
  283 00000054 F7FF FFFE       BL               LCD_Reset
  284 00000058 F7FF FFFE       BL               create_table
  285 0000005C         
  286 0000005C F85D EB04       POP              {LR}
  287 00000060 4770            BX               LR
  288 00000062         
  289 00000062         ;=========================================
  290 00000062         ; ******************************************************
                       
  291 00000062         
  292 00000062 00 00           ALIGN                        ;Garante que o fim 
                                                            da secao esta alinh
                                                            ada 
  293 00000064                 END                          ;Fim do arquivo
              40060410 
              40060404 
              40060408 
              4006040C 
              4006041C 



ARM Macro Assembler    Page 12 


              E000E104 
              E000E430 
Command Line: --debug --xref --diag_suppress=9931,A1950W --cpu=Cortex-M4.fp.sp 
--depend=.\objects\interrupt.d -o.\objects\interrupt.o -IC:\Users\jhony\AppData
\Local\Arm\Packs\Keil\TM4C_DFP\1.1.0\Device\Include\TM4C129 --predefine="__EVAL
 SETA 1" --predefine="__UVISION_VERSION SETA 541" --predefine="TM4C1294NCPDT SE
TA 1" --list=.\listings\interrupt.lst interrupt.s



ARM Macro Assembler    Page 1 Alphabetic symbol ordering
Relocatable symbols

.text 00000000

Symbol: .text
   Definitions
      At line 198 in file interrupt.s
   Uses
      None
Comment: .text unused
GPIOPortJ_Handler 0000004A

Symbol: GPIOPortJ_Handler
   Definitions
      At line 277 in file interrupt.s
   Uses
      At line 202 in file interrupt.s
Comment: GPIOPortJ_Handler used once
Interrupt_Init 00000000

Symbol: Interrupt_Init
   Definitions
      At line 212 in file interrupt.s
   Uses
      At line 201 in file interrupt.s
Comment: Interrupt_Init used once
3 symbols



ARM Macro Assembler    Page 1 Alphabetic symbol ordering
Absolute symbols

GPIO_PORTA 00000001

Symbol: GPIO_PORTA
   Definitions
      At line 22 in file interrupt.s
   Uses
      None
Comment: GPIO_PORTA unused
GPIO_PORTA_AHB_DATA_R 400583FC

Symbol: GPIO_PORTA_AHB_DATA_R
   Definitions
      At line 21 in file interrupt.s
   Uses
      None
Comment: GPIO_PORTA_AHB_DATA_R unused
GPIO_PORTA_AHB_IBE_R 40058408

Symbol: GPIO_PORTA_AHB_IBE_R
   Definitions
      At line 18 in file interrupt.s
   Uses
      None
Comment: GPIO_PORTA_AHB_IBE_R unused
GPIO_PORTA_AHB_ICR_R 4005841C

Symbol: GPIO_PORTA_AHB_ICR_R
   Definitions
      At line 20 in file interrupt.s
   Uses
      None
Comment: GPIO_PORTA_AHB_ICR_R unused
GPIO_PORTA_AHB_IEV_R 4005840C

Symbol: GPIO_PORTA_AHB_IEV_R
   Definitions
      At line 19 in file interrupt.s
   Uses
      None
Comment: GPIO_PORTA_AHB_IEV_R unused
GPIO_PORTA_AHB_IM_R 40058410

Symbol: GPIO_PORTA_AHB_IM_R
   Definitions
      At line 16 in file interrupt.s
   Uses
      None
Comment: GPIO_PORTA_AHB_IM_R unused
GPIO_PORTA_AHB_IS_R 40058404

Symbol: GPIO_PORTA_AHB_IS_R
   Definitions
      At line 17 in file interrupt.s
   Uses
      None
Comment: GPIO_PORTA_AHB_IS_R unused
GPIO_PORTB 00000002

Symbol: GPIO_PORTB



ARM Macro Assembler    Page 2 Alphabetic symbol ordering
Absolute symbols

   Definitions
      At line 31 in file interrupt.s
   Uses
      None
Comment: GPIO_PORTB unused
GPIO_PORTB_AHB_DATA_R 400593FC

Symbol: GPIO_PORTB_AHB_DATA_R
   Definitions
      At line 30 in file interrupt.s
   Uses
      None
Comment: GPIO_PORTB_AHB_DATA_R unused
GPIO_PORTB_AHB_IBE_R 40059408

Symbol: GPIO_PORTB_AHB_IBE_R
   Definitions
      At line 27 in file interrupt.s
   Uses
      None
Comment: GPIO_PORTB_AHB_IBE_R unused
GPIO_PORTB_AHB_ICR_R 4005941C

Symbol: GPIO_PORTB_AHB_ICR_R
   Definitions
      At line 29 in file interrupt.s
   Uses
      None
Comment: GPIO_PORTB_AHB_ICR_R unused
GPIO_PORTB_AHB_IEV_R 4005940C

Symbol: GPIO_PORTB_AHB_IEV_R
   Definitions
      At line 28 in file interrupt.s
   Uses
      None
Comment: GPIO_PORTB_AHB_IEV_R unused
GPIO_PORTB_AHB_IM_R 40059410

Symbol: GPIO_PORTB_AHB_IM_R
   Definitions
      At line 25 in file interrupt.s
   Uses
      None
Comment: GPIO_PORTB_AHB_IM_R unused
GPIO_PORTB_AHB_IS_R 40059404

Symbol: GPIO_PORTB_AHB_IS_R
   Definitions
      At line 26 in file interrupt.s
   Uses
      None
Comment: GPIO_PORTB_AHB_IS_R unused
GPIO_PORTC 00000004

Symbol: GPIO_PORTC
   Definitions
      At line 40 in file interrupt.s
   Uses



ARM Macro Assembler    Page 3 Alphabetic symbol ordering
Absolute symbols

      None
Comment: GPIO_PORTC unused
GPIO_PORTC_AHB_DATA_R 4005A3FC

Symbol: GPIO_PORTC_AHB_DATA_R
   Definitions
      At line 39 in file interrupt.s
   Uses
      None
Comment: GPIO_PORTC_AHB_DATA_R unused
GPIO_PORTC_AHB_IBE_R 4005A408

Symbol: GPIO_PORTC_AHB_IBE_R
   Definitions
      At line 35 in file interrupt.s
   Uses
      None
Comment: GPIO_PORTC_AHB_IBE_R unused
GPIO_PORTC_AHB_ICR_R 4005A41C

Symbol: GPIO_PORTC_AHB_ICR_R
   Definitions
      At line 38 in file interrupt.s
   Uses
      None
Comment: GPIO_PORTC_AHB_ICR_R unused
GPIO_PORTC_AHB_IEV_R 4005A40C

Symbol: GPIO_PORTC_AHB_IEV_R
   Definitions
      At line 36 in file interrupt.s
   Uses
      None
Comment: GPIO_PORTC_AHB_IEV_R unused
GPIO_PORTC_AHB_IM_R 4005A410

Symbol: GPIO_PORTC_AHB_IM_R
   Definitions
      At line 37 in file interrupt.s
   Uses
      None
Comment: GPIO_PORTC_AHB_IM_R unused
GPIO_PORTC_AHB_IS_R 4005A404

Symbol: GPIO_PORTC_AHB_IS_R
   Definitions
      At line 34 in file interrupt.s
   Uses
      None
Comment: GPIO_PORTC_AHB_IS_R unused
GPIO_PORTD 00000008

Symbol: GPIO_PORTD
   Definitions
      At line 49 in file interrupt.s
   Uses
      None
Comment: GPIO_PORTD unused
GPIO_PORTD_AHB_DATA_R 4005B3FC



ARM Macro Assembler    Page 4 Alphabetic symbol ordering
Absolute symbols


Symbol: GPIO_PORTD_AHB_DATA_R
   Definitions
      At line 48 in file interrupt.s
   Uses
      None
Comment: GPIO_PORTD_AHB_DATA_R unused
GPIO_PORTD_AHB_IBE_R 4005B408

Symbol: GPIO_PORTD_AHB_IBE_R
   Definitions
      At line 45 in file interrupt.s
   Uses
      None
Comment: GPIO_PORTD_AHB_IBE_R unused
GPIO_PORTD_AHB_ICR_R 4005B41C

Symbol: GPIO_PORTD_AHB_ICR_R
   Definitions
      At line 47 in file interrupt.s
   Uses
      None
Comment: GPIO_PORTD_AHB_ICR_R unused
GPIO_PORTD_AHB_IEV_R 4005B40C

Symbol: GPIO_PORTD_AHB_IEV_R
   Definitions
      At line 46 in file interrupt.s
   Uses
      None
Comment: GPIO_PORTD_AHB_IEV_R unused
GPIO_PORTD_AHB_IM_R 4005B410

Symbol: GPIO_PORTD_AHB_IM_R
   Definitions
      At line 43 in file interrupt.s
   Uses
      None
Comment: GPIO_PORTD_AHB_IM_R unused
GPIO_PORTD_AHB_IS_R 4005B404

Symbol: GPIO_PORTD_AHB_IS_R
   Definitions
      At line 44 in file interrupt.s
   Uses
      None
Comment: GPIO_PORTD_AHB_IS_R unused
GPIO_PORTE 00000010

Symbol: GPIO_PORTE
   Definitions
      At line 58 in file interrupt.s
   Uses
      None
Comment: GPIO_PORTE unused
GPIO_PORTE_AHB_DATA_R 4005C3FC

Symbol: GPIO_PORTE_AHB_DATA_R
   Definitions



ARM Macro Assembler    Page 5 Alphabetic symbol ordering
Absolute symbols

      At line 57 in file interrupt.s
   Uses
      None
Comment: GPIO_PORTE_AHB_DATA_R unused
GPIO_PORTE_AHB_IBE_R 4005C408

Symbol: GPIO_PORTE_AHB_IBE_R
   Definitions
      At line 54 in file interrupt.s
   Uses
      None
Comment: GPIO_PORTE_AHB_IBE_R unused
GPIO_PORTE_AHB_ICR_R 4005C41C

Symbol: GPIO_PORTE_AHB_ICR_R
   Definitions
      At line 56 in file interrupt.s
   Uses
      None
Comment: GPIO_PORTE_AHB_ICR_R unused
GPIO_PORTE_AHB_IEV_R 4005C40C

Symbol: GPIO_PORTE_AHB_IEV_R
   Definitions
      At line 55 in file interrupt.s
   Uses
      None
Comment: GPIO_PORTE_AHB_IEV_R unused
GPIO_PORTE_AHB_IM_R 4005C410

Symbol: GPIO_PORTE_AHB_IM_R
   Definitions
      At line 52 in file interrupt.s
   Uses
      None
Comment: GPIO_PORTE_AHB_IM_R unused
GPIO_PORTE_AHB_IS_R 4005C404

Symbol: GPIO_PORTE_AHB_IS_R
   Definitions
      At line 53 in file interrupt.s
   Uses
      None
Comment: GPIO_PORTE_AHB_IS_R unused
GPIO_PORTF 00000020

Symbol: GPIO_PORTF
   Definitions
      At line 67 in file interrupt.s
   Uses
      None
Comment: GPIO_PORTF unused
GPIO_PORTF_AHB_DATA_R 4005D3FC

Symbol: GPIO_PORTF_AHB_DATA_R
   Definitions
      At line 66 in file interrupt.s
   Uses
      None



ARM Macro Assembler    Page 6 Alphabetic symbol ordering
Absolute symbols

Comment: GPIO_PORTF_AHB_DATA_R unused
GPIO_PORTF_AHB_IBE_R 4005D408

Symbol: GPIO_PORTF_AHB_IBE_R
   Definitions
      At line 63 in file interrupt.s
   Uses
      None
Comment: GPIO_PORTF_AHB_IBE_R unused
GPIO_PORTF_AHB_ICR_R 4005D41C

Symbol: GPIO_PORTF_AHB_ICR_R
   Definitions
      At line 65 in file interrupt.s
   Uses
      None
Comment: GPIO_PORTF_AHB_ICR_R unused
GPIO_PORTF_AHB_IEV_R 4005D40C

Symbol: GPIO_PORTF_AHB_IEV_R
   Definitions
      At line 64 in file interrupt.s
   Uses
      None
Comment: GPIO_PORTF_AHB_IEV_R unused
GPIO_PORTF_AHB_IM_R 4005D410

Symbol: GPIO_PORTF_AHB_IM_R
   Definitions
      At line 61 in file interrupt.s
   Uses
      None
Comment: GPIO_PORTF_AHB_IM_R unused
GPIO_PORTF_AHB_IS_R 4005D404

Symbol: GPIO_PORTF_AHB_IS_R
   Definitions
      At line 62 in file interrupt.s
   Uses
      None
Comment: GPIO_PORTF_AHB_IS_R unused
GPIO_PORTG 00000040

Symbol: GPIO_PORTG
   Definitions
      At line 76 in file interrupt.s
   Uses
      None
Comment: GPIO_PORTG unused
GPIO_PORTG_AHB_DATA_R 4005E3FC

Symbol: GPIO_PORTG_AHB_DATA_R
   Definitions
      At line 75 in file interrupt.s
   Uses
      None
Comment: GPIO_PORTG_AHB_DATA_R unused
GPIO_PORTG_AHB_IBE_R 4005E408




ARM Macro Assembler    Page 7 Alphabetic symbol ordering
Absolute symbols

Symbol: GPIO_PORTG_AHB_IBE_R
   Definitions
      At line 72 in file interrupt.s
   Uses
      None
Comment: GPIO_PORTG_AHB_IBE_R unused
GPIO_PORTG_AHB_ICR_R 4005E41C

Symbol: GPIO_PORTG_AHB_ICR_R
   Definitions
      At line 74 in file interrupt.s
   Uses
      None
Comment: GPIO_PORTG_AHB_ICR_R unused
GPIO_PORTG_AHB_IEV_R 4005E40C

Symbol: GPIO_PORTG_AHB_IEV_R
   Definitions
      At line 73 in file interrupt.s
   Uses
      None
Comment: GPIO_PORTG_AHB_IEV_R unused
GPIO_PORTG_AHB_IM_R 4005E410

Symbol: GPIO_PORTG_AHB_IM_R
   Definitions
      At line 70 in file interrupt.s
   Uses
      None
Comment: GPIO_PORTG_AHB_IM_R unused
GPIO_PORTG_AHB_IS_R 4005E404

Symbol: GPIO_PORTG_AHB_IS_R
   Definitions
      At line 71 in file interrupt.s
   Uses
      None
Comment: GPIO_PORTG_AHB_IS_R unused
GPIO_PORTH 00000080

Symbol: GPIO_PORTH
   Definitions
      At line 85 in file interrupt.s
   Uses
      None
Comment: GPIO_PORTH unused
GPIO_PORTH_AHB_DATA_R 4005F3FC

Symbol: GPIO_PORTH_AHB_DATA_R
   Definitions
      At line 84 in file interrupt.s
   Uses
      None
Comment: GPIO_PORTH_AHB_DATA_R unused
GPIO_PORTH_AHB_IBE_R 4005F408

Symbol: GPIO_PORTH_AHB_IBE_R
   Definitions
      At line 81 in file interrupt.s



ARM Macro Assembler    Page 8 Alphabetic symbol ordering
Absolute symbols

   Uses
      None
Comment: GPIO_PORTH_AHB_IBE_R unused
GPIO_PORTH_AHB_ICR_R 4005F41C

Symbol: GPIO_PORTH_AHB_ICR_R
   Definitions
      At line 83 in file interrupt.s
   Uses
      None
Comment: GPIO_PORTH_AHB_ICR_R unused
GPIO_PORTH_AHB_IEV_R 4005F40C

Symbol: GPIO_PORTH_AHB_IEV_R
   Definitions
      At line 82 in file interrupt.s
   Uses
      None
Comment: GPIO_PORTH_AHB_IEV_R unused
GPIO_PORTH_AHB_IM_R 4005F410

Symbol: GPIO_PORTH_AHB_IM_R
   Definitions
      At line 79 in file interrupt.s
   Uses
      None
Comment: GPIO_PORTH_AHB_IM_R unused
GPIO_PORTH_AHB_IS_R 4005F404

Symbol: GPIO_PORTH_AHB_IS_R
   Definitions
      At line 80 in file interrupt.s
   Uses
      None
Comment: GPIO_PORTH_AHB_IS_R unused
GPIO_PORTJ 00000100

Symbol: GPIO_PORTJ
   Definitions
      At line 94 in file interrupt.s
   Uses
      None
Comment: GPIO_PORTJ unused
GPIO_PORTJ_AHB_DATA_R 400603FC

Symbol: GPIO_PORTJ_AHB_DATA_R
   Definitions
      At line 93 in file interrupt.s
   Uses
      None
Comment: GPIO_PORTJ_AHB_DATA_R unused
GPIO_PORTJ_AHB_IBE_R 40060408

Symbol: GPIO_PORTJ_AHB_IBE_R
   Definitions
      At line 90 in file interrupt.s
   Uses
      At line 234 in file interrupt.s
Comment: GPIO_PORTJ_AHB_IBE_R used once



ARM Macro Assembler    Page 9 Alphabetic symbol ordering
Absolute symbols

GPIO_PORTJ_AHB_ICR_R 4006041C

Symbol: GPIO_PORTJ_AHB_ICR_R
   Definitions
      At line 92 in file interrupt.s
   Uses
      At line 246 in file interrupt.s
      At line 279 in file interrupt.s

GPIO_PORTJ_AHB_IEV_R 4006040C

Symbol: GPIO_PORTJ_AHB_IEV_R
   Definitions
      At line 91 in file interrupt.s
   Uses
      At line 240 in file interrupt.s
Comment: GPIO_PORTJ_AHB_IEV_R used once
GPIO_PORTJ_AHB_IM_R 40060410

Symbol: GPIO_PORTJ_AHB_IM_R
   Definitions
      At line 88 in file interrupt.s
   Uses
      At line 216 in file interrupt.s
      At line 252 in file interrupt.s

GPIO_PORTJ_AHB_IS_R 40060404

Symbol: GPIO_PORTJ_AHB_IS_R
   Definitions
      At line 89 in file interrupt.s
   Uses
      At line 228 in file interrupt.s
Comment: GPIO_PORTJ_AHB_IS_R used once
GPIO_PORTK 00000200

Symbol: GPIO_PORTK
   Definitions
      At line 103 in file interrupt.s
   Uses
      None
Comment: GPIO_PORTK unused
GPIO_PORTK_DATA_R 400613FC

Symbol: GPIO_PORTK_DATA_R
   Definitions
      At line 102 in file interrupt.s
   Uses
      None
Comment: GPIO_PORTK_DATA_R unused
GPIO_PORTK_IBE_R 40061408

Symbol: GPIO_PORTK_IBE_R
   Definitions
      At line 99 in file interrupt.s
   Uses
      None
Comment: GPIO_PORTK_IBE_R unused
GPIO_PORTK_ICR_R 4006141C



ARM Macro Assembler    Page 10 Alphabetic symbol ordering
Absolute symbols


Symbol: GPIO_PORTK_ICR_R
   Definitions
      At line 101 in file interrupt.s
   Uses
      None
Comment: GPIO_PORTK_ICR_R unused
GPIO_PORTK_IEV_R 4006140C

Symbol: GPIO_PORTK_IEV_R
   Definitions
      At line 100 in file interrupt.s
   Uses
      None
Comment: GPIO_PORTK_IEV_R unused
GPIO_PORTK_IM_R 40061410

Symbol: GPIO_PORTK_IM_R
   Definitions
      At line 97 in file interrupt.s
   Uses
      None
Comment: GPIO_PORTK_IM_R unused
GPIO_PORTK_IS_R 40061404

Symbol: GPIO_PORTK_IS_R
   Definitions
      At line 98 in file interrupt.s
   Uses
      None
Comment: GPIO_PORTK_IS_R unused
GPIO_PORTL 00000400

Symbol: GPIO_PORTL
   Definitions
      At line 112 in file interrupt.s
   Uses
      None
Comment: GPIO_PORTL unused
GPIO_PORTL_DATA_R 400623FC

Symbol: GPIO_PORTL_DATA_R
   Definitions
      At line 111 in file interrupt.s
   Uses
      None
Comment: GPIO_PORTL_DATA_R unused
GPIO_PORTL_IBE_R 40062408

Symbol: GPIO_PORTL_IBE_R
   Definitions
      At line 108 in file interrupt.s
   Uses
      None
Comment: GPIO_PORTL_IBE_R unused
GPIO_PORTL_ICR_R 4006241C

Symbol: GPIO_PORTL_ICR_R
   Definitions



ARM Macro Assembler    Page 11 Alphabetic symbol ordering
Absolute symbols

      At line 110 in file interrupt.s
   Uses
      None
Comment: GPIO_PORTL_ICR_R unused
GPIO_PORTL_IEV_R 4006240C

Symbol: GPIO_PORTL_IEV_R
   Definitions
      At line 109 in file interrupt.s
   Uses
      None
Comment: GPIO_PORTL_IEV_R unused
GPIO_PORTL_IM_R 40062410

Symbol: GPIO_PORTL_IM_R
   Definitions
      At line 106 in file interrupt.s
   Uses
      None
Comment: GPIO_PORTL_IM_R unused
GPIO_PORTL_IS_R 40062404

Symbol: GPIO_PORTL_IS_R
   Definitions
      At line 107 in file interrupt.s
   Uses
      None
Comment: GPIO_PORTL_IS_R unused
GPIO_PORTM 00000800

Symbol: GPIO_PORTM
   Definitions
      At line 121 in file interrupt.s
   Uses
      None
Comment: GPIO_PORTM unused
GPIO_PORTM_DATA_R 400633FC

Symbol: GPIO_PORTM_DATA_R
   Definitions
      At line 120 in file interrupt.s
   Uses
      None
Comment: GPIO_PORTM_DATA_R unused
GPIO_PORTM_IBE_R 40063408

Symbol: GPIO_PORTM_IBE_R
   Definitions
      At line 117 in file interrupt.s
   Uses
      None
Comment: GPIO_PORTM_IBE_R unused
GPIO_PORTM_ICR_R 4006341C

Symbol: GPIO_PORTM_ICR_R
   Definitions
      At line 119 in file interrupt.s
   Uses
      None



ARM Macro Assembler    Page 12 Alphabetic symbol ordering
Absolute symbols

Comment: GPIO_PORTM_ICR_R unused
GPIO_PORTM_IEV_R 4006340C

Symbol: GPIO_PORTM_IEV_R
   Definitions
      At line 118 in file interrupt.s
   Uses
      None
Comment: GPIO_PORTM_IEV_R unused
GPIO_PORTM_IM_R 40063410

Symbol: GPIO_PORTM_IM_R
   Definitions
      At line 115 in file interrupt.s
   Uses
      None
Comment: GPIO_PORTM_IM_R unused
GPIO_PORTM_IS_R 40063404

Symbol: GPIO_PORTM_IS_R
   Definitions
      At line 116 in file interrupt.s
   Uses
      None
Comment: GPIO_PORTM_IS_R unused
GPIO_PORTN 00001000

Symbol: GPIO_PORTN
   Definitions
      At line 130 in file interrupt.s
   Uses
      None
Comment: GPIO_PORTN unused
GPIO_PORTN_DATA_R 400643FC

Symbol: GPIO_PORTN_DATA_R
   Definitions
      At line 129 in file interrupt.s
   Uses
      None
Comment: GPIO_PORTN_DATA_R unused
GPIO_PORTN_IBE_R 40064408

Symbol: GPIO_PORTN_IBE_R
   Definitions
      At line 126 in file interrupt.s
   Uses
      None
Comment: GPIO_PORTN_IBE_R unused
GPIO_PORTN_ICR_R 4006441C

Symbol: GPIO_PORTN_ICR_R
   Definitions
      At line 128 in file interrupt.s
   Uses
      None
Comment: GPIO_PORTN_ICR_R unused
GPIO_PORTN_IEV_R 4006440C




ARM Macro Assembler    Page 13 Alphabetic symbol ordering
Absolute symbols

Symbol: GPIO_PORTN_IEV_R
   Definitions
      At line 127 in file interrupt.s
   Uses
      None
Comment: GPIO_PORTN_IEV_R unused
GPIO_PORTN_IM_R 40064410

Symbol: GPIO_PORTN_IM_R
   Definitions
      At line 124 in file interrupt.s
   Uses
      None
Comment: GPIO_PORTN_IM_R unused
GPIO_PORTN_IS_R 40064404

Symbol: GPIO_PORTN_IS_R
   Definitions
      At line 125 in file interrupt.s
   Uses
      None
Comment: GPIO_PORTN_IS_R unused
GPIO_PORTP 00002000

Symbol: GPIO_PORTP
   Definitions
      At line 139 in file interrupt.s
   Uses
      None
Comment: GPIO_PORTP unused
GPIO_PORTP_DATA_R 400653FC

Symbol: GPIO_PORTP_DATA_R
   Definitions
      At line 138 in file interrupt.s
   Uses
      None
Comment: GPIO_PORTP_DATA_R unused
GPIO_PORTP_IBE_R 40065408

Symbol: GPIO_PORTP_IBE_R
   Definitions
      At line 135 in file interrupt.s
   Uses
      None
Comment: GPIO_PORTP_IBE_R unused
GPIO_PORTP_ICR_R 4006541C

Symbol: GPIO_PORTP_ICR_R
   Definitions
      At line 137 in file interrupt.s
   Uses
      None
Comment: GPIO_PORTP_ICR_R unused
GPIO_PORTP_IEV_R 4006540C

Symbol: GPIO_PORTP_IEV_R
   Definitions
      At line 136 in file interrupt.s



ARM Macro Assembler    Page 14 Alphabetic symbol ordering
Absolute symbols

   Uses
      None
Comment: GPIO_PORTP_IEV_R unused
GPIO_PORTP_IM_R 40065410

Symbol: GPIO_PORTP_IM_R
   Definitions
      At line 133 in file interrupt.s
   Uses
      None
Comment: GPIO_PORTP_IM_R unused
GPIO_PORTP_IS_R 40065404

Symbol: GPIO_PORTP_IS_R
   Definitions
      At line 134 in file interrupt.s
   Uses
      None
Comment: GPIO_PORTP_IS_R unused
GPIO_PORTQ 00004000

Symbol: GPIO_PORTQ
   Definitions
      At line 148 in file interrupt.s
   Uses
      None
Comment: GPIO_PORTQ unused
GPIO_PORTQ_DATA_R 400663FC

Symbol: GPIO_PORTQ_DATA_R
   Definitions
      At line 147 in file interrupt.s
   Uses
      None
Comment: GPIO_PORTQ_DATA_R unused
GPIO_PORTQ_IBE_R 40066408

Symbol: GPIO_PORTQ_IBE_R
   Definitions
      At line 144 in file interrupt.s
   Uses
      None
Comment: GPIO_PORTQ_IBE_R unused
GPIO_PORTQ_ICR_R 4006641C

Symbol: GPIO_PORTQ_ICR_R
   Definitions
      At line 146 in file interrupt.s
   Uses
      None
Comment: GPIO_PORTQ_ICR_R unused
GPIO_PORTQ_IEV_R 4006640C

Symbol: GPIO_PORTQ_IEV_R
   Definitions
      At line 145 in file interrupt.s
   Uses
      None
Comment: GPIO_PORTQ_IEV_R unused



ARM Macro Assembler    Page 15 Alphabetic symbol ordering
Absolute symbols

GPIO_PORTQ_IM_R 40066410

Symbol: GPIO_PORTQ_IM_R
   Definitions
      At line 142 in file interrupt.s
   Uses
      None
Comment: GPIO_PORTQ_IM_R unused
GPIO_PORTQ_IS_R 40066404

Symbol: GPIO_PORTQ_IS_R
   Definitions
      At line 143 in file interrupt.s
   Uses
      None
Comment: GPIO_PORTQ_IS_R unused
NVIC_DIS0_R E000E180

Symbol: NVIC_DIS0_R
   Definitions
      At line 160 in file interrupt.s
   Uses
      None
Comment: NVIC_DIS0_R unused
NVIC_DIS1_R E000E184

Symbol: NVIC_DIS1_R
   Definitions
      At line 161 in file interrupt.s
   Uses
      None
Comment: NVIC_DIS1_R unused
NVIC_DIS2_R E000E188

Symbol: NVIC_DIS2_R
   Definitions
      At line 162 in file interrupt.s
   Uses
      None
Comment: NVIC_DIS2_R unused
NVIC_DIS3_R E000E18C

Symbol: NVIC_DIS3_R
   Definitions
      At line 163 in file interrupt.s
   Uses
      None
Comment: NVIC_DIS3_R unused
NVIC_EN0_R E000E100

Symbol: NVIC_EN0_R
   Definitions
      At line 154 in file interrupt.s
   Uses
      None
Comment: NVIC_EN0_R unused
NVIC_EN1_R E000E104

Symbol: NVIC_EN1_R



ARM Macro Assembler    Page 16 Alphabetic symbol ordering
Absolute symbols

   Definitions
      At line 155 in file interrupt.s
   Uses
      At line 260 in file interrupt.s
Comment: NVIC_EN1_R used once
NVIC_EN2_R E000E108

Symbol: NVIC_EN2_R
   Definitions
      At line 156 in file interrupt.s
   Uses
      None
Comment: NVIC_EN2_R unused
NVIC_EN3_R E000E10C

Symbol: NVIC_EN3_R
   Definitions
      At line 157 in file interrupt.s
   Uses
      None
Comment: NVIC_EN3_R unused
NVIC_PRI0_R E000E400

Symbol: NVIC_PRI0_R
   Definitions
      At line 166 in file interrupt.s
   Uses
      None
Comment: NVIC_PRI0_R unused
NVIC_PRI10_R E000E428

Symbol: NVIC_PRI10_R
   Definitions
      At line 176 in file interrupt.s
   Uses
      None
Comment: NVIC_PRI10_R unused
NVIC_PRI11_R E000E42C

Symbol: NVIC_PRI11_R
   Definitions
      At line 177 in file interrupt.s
   Uses
      None
Comment: NVIC_PRI11_R unused
NVIC_PRI12_R E000E430

Symbol: NVIC_PRI12_R
   Definitions
      At line 178 in file interrupt.s
   Uses
      At line 267 in file interrupt.s
Comment: NVIC_PRI12_R used once
NVIC_PRI13_R E000E434

Symbol: NVIC_PRI13_R
   Definitions
      At line 179 in file interrupt.s
   Uses



ARM Macro Assembler    Page 17 Alphabetic symbol ordering
Absolute symbols

      None
Comment: NVIC_PRI13_R unused
NVIC_PRI14_R E000E438

Symbol: NVIC_PRI14_R
   Definitions
      At line 180 in file interrupt.s
   Uses
      None
Comment: NVIC_PRI14_R unused
NVIC_PRI15_R E000E43C

Symbol: NVIC_PRI15_R
   Definitions
      At line 181 in file interrupt.s
   Uses
      None
Comment: NVIC_PRI15_R unused
NVIC_PRI16_R E000E440

Symbol: NVIC_PRI16_R
   Definitions
      At line 182 in file interrupt.s
   Uses
      None
Comment: NVIC_PRI16_R unused
NVIC_PRI17_R E000E444

Symbol: NVIC_PRI17_R
   Definitions
      At line 183 in file interrupt.s
   Uses
      None
Comment: NVIC_PRI17_R unused
NVIC_PRI18_R E000E448

Symbol: NVIC_PRI18_R
   Definitions
      At line 184 in file interrupt.s
   Uses
      None
Comment: NVIC_PRI18_R unused
NVIC_PRI19_R E000E44C

Symbol: NVIC_PRI19_R
   Definitions
      At line 185 in file interrupt.s
   Uses
      None
Comment: NVIC_PRI19_R unused
NVIC_PRI1_R E000E404

Symbol: NVIC_PRI1_R
   Definitions
      At line 167 in file interrupt.s
   Uses
      None
Comment: NVIC_PRI1_R unused
NVIC_PRI20_R E000E450



ARM Macro Assembler    Page 18 Alphabetic symbol ordering
Absolute symbols


Symbol: NVIC_PRI20_R
   Definitions
      At line 186 in file interrupt.s
   Uses
      None
Comment: NVIC_PRI20_R unused
NVIC_PRI21_R E000E454

Symbol: NVIC_PRI21_R
   Definitions
      At line 187 in file interrupt.s
   Uses
      None
Comment: NVIC_PRI21_R unused
NVIC_PRI22_R E000E458

Symbol: NVIC_PRI22_R
   Definitions
      At line 188 in file interrupt.s
   Uses
      None
Comment: NVIC_PRI22_R unused
NVIC_PRI23_R E000E45C

Symbol: NVIC_PRI23_R
   Definitions
      At line 189 in file interrupt.s
   Uses
      None
Comment: NVIC_PRI23_R unused
NVIC_PRI24_R E000E460

Symbol: NVIC_PRI24_R
   Definitions
      At line 190 in file interrupt.s
   Uses
      None
Comment: NVIC_PRI24_R unused
NVIC_PRI25_R E000E464

Symbol: NVIC_PRI25_R
   Definitions
      At line 191 in file interrupt.s
   Uses
      None
Comment: NVIC_PRI25_R unused
NVIC_PRI26_R E000E468

Symbol: NVIC_PRI26_R
   Definitions
      At line 192 in file interrupt.s
   Uses
      None
Comment: NVIC_PRI26_R unused
NVIC_PRI27_R E000E46C

Symbol: NVIC_PRI27_R
   Definitions



ARM Macro Assembler    Page 19 Alphabetic symbol ordering
Absolute symbols

      At line 193 in file interrupt.s
   Uses
      None
Comment: NVIC_PRI27_R unused
NVIC_PRI28_R E000E470

Symbol: NVIC_PRI28_R
   Definitions
      At line 194 in file interrupt.s
   Uses
      None
Comment: NVIC_PRI28_R unused
NVIC_PRI2_R E000E408

Symbol: NVIC_PRI2_R
   Definitions
      At line 168 in file interrupt.s
   Uses
      None
Comment: NVIC_PRI2_R unused
NVIC_PRI3_R E000E40C

Symbol: NVIC_PRI3_R
   Definitions
      At line 169 in file interrupt.s
   Uses
      None
Comment: NVIC_PRI3_R unused
NVIC_PRI4_R E000E410

Symbol: NVIC_PRI4_R
   Definitions
      At line 170 in file interrupt.s
   Uses
      None
Comment: NVIC_PRI4_R unused
NVIC_PRI5_R E000E414

Symbol: NVIC_PRI5_R
   Definitions
      At line 171 in file interrupt.s
   Uses
      None
Comment: NVIC_PRI5_R unused
NVIC_PRI6_R E000E418

Symbol: NVIC_PRI6_R
   Definitions
      At line 172 in file interrupt.s
   Uses
      None
Comment: NVIC_PRI6_R unused
NVIC_PRI7_R E000E41C

Symbol: NVIC_PRI7_R
   Definitions
      At line 173 in file interrupt.s
   Uses
      None



ARM Macro Assembler    Page 20 Alphabetic symbol ordering
Absolute symbols

Comment: NVIC_PRI7_R unused
NVIC_PRI8_R E000E420

Symbol: NVIC_PRI8_R
   Definitions
      At line 174 in file interrupt.s
   Uses
      None
Comment: NVIC_PRI8_R unused
NVIC_PRI9_R E000E424

Symbol: NVIC_PRI9_R
   Definitions
      At line 175 in file interrupt.s
   Uses
      None
Comment: NVIC_PRI9_R unused
142 symbols



ARM Macro Assembler    Page 1 Alphabetic symbol ordering
External symbols

LCD_Reset 00000000

Symbol: LCD_Reset
   Definitions
      At line 206 in file interrupt.s
   Uses
      At line 283 in file interrupt.s
Comment: LCD_Reset used once
SysTick_Wait1ms 00000000

Symbol: SysTick_Wait1ms
   Definitions
      At line 204 in file interrupt.s
   Uses
      None
Comment: SysTick_Wait1ms unused
create_table 00000000

Symbol: create_table
   Definitions
      At line 205 in file interrupt.s
   Uses
      At line 284 in file interrupt.s
Comment: create_table used once
3 symbols
484 symbols in table
