


ARM Macro Assembler    Page 1 


    1 00000000         ;lcd_char.s
    2 00000000         ; Desenvolvido para a placa EK-TM4C1294XL
    3 00000000         ; Jhony Minetto Araujo, Ricardo Marthus Gremmelmaier, Ro
                       drigo Wolsky Poli
    4 00000000         ; Ver 1 02/12/2024
    5 00000000         
    6 00000000         
    7 00000000         ; ------------------------------------------------------
                       -------------------------
    8 00000000                 THUMB                        ; Instrucoes do tip
                                                            o Thumb-2
    9 00000000         ; ------------------------------------------------------
                       -------------------------
   10 00000000         ; Declaracoes EQU - Defines
   11 00000000         ; ========================
   12 00000000         
   13 00000000         ; ================== DEFINICAO DA TABELA ===============
                       ====
   14 00000000         
   15 00000000 00000054 
                       char_T  EQU              2_01010100
   16 00000000 00000061 
                       char_a  EQU              2_01100001
   17 00000000 00000062 
                       char_b  EQU              2_01100010
   18 00000000 00000075 
                       char_u  EQU              2_01110101
   19 00000000 00000064 
                       char_d  EQU              2_01100100
   20 00000000 0000006F 
                       char_o  EQU              2_01101111
   21 00000000 00000030 
                       char_0  EQU              2_00110000
   22 00000000 00000031 
                       char_1  EQU              2_00110001
   23 00000000 00000032 
                       char_2  EQU              2_00110010
   24 00000000 00000033 
                       char_3  EQU              2_00110011
   25 00000000 00000034 
                       char_4  EQU              2_00110100
   26 00000000 00000035 
                       char_5  EQU              2_00110101
   27 00000000 00000036 
                       char_6  EQU              2_00110110
   28 00000000 00000037 
                       char_7  EQU              2_00110111
   29 00000000 00000038 
                       char_8  EQU              2_00111000
   30 00000000 00000039 
                       char_9  EQU              2_00111001
   31 00000000 0000003D 
                       char_equal
                               EQU              2_00111101
   32 00000000 00000058 
                       char_X  EQU              2_01011000
   33 00000000 00000052 
                       char_R  EQU              2_01010010
   34 00000000 00000065 



ARM Macro Assembler    Page 2 


                       char_e  EQU              2_01100101
   35 00000000 00000073 
                       char_s  EQU              2_01110011
   36 00000000 00000074 
                       char_t  EQU              2_01110100
   37 00000000 0000006E 
                       char_n  EQU              2_01101110
   38 00000000 0000002E 
                       char_dot
                               EQU              2_00101110
   39 00000000 00000020 
                       char_space
                               EQU              2_00100000
   40 00000000         
   41 00000000 20020004 
                       CURR_KEY
                               EQU              0x20020004
   42 00000000 20000A00 
                       MULTI_HEAD
                               EQU              0x20000A00
   43 00000000         
   44 00000000         
   45 00000000         ; ------------------------------------------------------
                       -------------------------
   46 00000000         ; Area de Codigo
   47 00000000                 AREA             |.text|, CODE, READONLY, ALIGN=
2
   48 00000000         
   49 00000000                 EXPORT           create_first_row
   50 00000000                 EXPORT           create_second_row
   51 00000000         
   52 00000000                 IMPORT           LCD_Display_Character
   53 00000000                 IMPORT           LCD_Reset
   54 00000000         
   55 00000000         ; ------------------------------------------------------
                       ------------------------
   56 00000000         ; Funcao create_first_row
   57 00000000         ; Seta hardcode no LCD para apresentar "Tabuada do n"
   58 00000000         ; Parametro de entrada: nenhum
   59 00000000         ; Parametro de saida: nenhum
   60 00000000         create_first_row
   61 00000000 B500            PUSH             {LR}
   62 00000002         
   63 00000002 F7FF FFFE       BL               LCD_Reset
   64 00000006         
   65 00000006 F04F 0154       LDR              R1, =char_T
   66 0000000A F7FF FFFE       BL               LCD_Display_Character
   67 0000000E F04F 0161       LDR              R1, =char_a
   68 00000012 F7FF FFFE       BL               LCD_Display_Character
   69 00000016 F04F 0162       LDR              R1, =char_b
   70 0000001A F7FF FFFE       BL               LCD_Display_Character
   71 0000001E F04F 0175       LDR              R1, =char_u
   72 00000022 F7FF FFFE       BL               LCD_Display_Character
   73 00000026 F04F 0161       LDR              R1, =char_a
   74 0000002A F7FF FFFE       BL               LCD_Display_Character
   75 0000002E F04F 0164       LDR              R1, =char_d
   76 00000032 F7FF FFFE       BL               LCD_Display_Character
   77 00000036 F04F 0161       LDR              R1, =char_a
   78 0000003A F7FF FFFE       BL               LCD_Display_Character



ARM Macro Assembler    Page 3 


   79 0000003E F04F 0120       LDR              R1, =char_space
   80 00000042 F7FF FFFE       BL               LCD_Display_Character
   81 00000046 F04F 0164       LDR              R1, =char_d
   82 0000004A F7FF FFFE       BL               LCD_Display_Character
   83 0000004E F04F 016F       LDR              R1, =char_o
   84 00000052 F7FF FFFE       BL               LCD_Display_Character
   85 00000056 F04F 0120       LDR              R1, =char_space
   86 0000005A F7FF FFFE       BL               LCD_Display_Character
   87 0000005E         
   88 0000005E 481C            LDR              R0, =CURR_KEY
   89 00000060 6801            LDR              R1, [R0]
   90 00000062 F041 0130       ORR              R1, R1, #0x30
   91 00000066 F7FF FFFE       BL               LCD_Display_Character
   92 0000006A         
   93 0000006A         
   94 0000006A F85D EB04       POP              {LR}
   95 0000006E 4770            BX               LR
   96 00000070         
   97 00000070         ; ------------------------------------------------------
                       ------------------------
   98 00000070         ; Funcao create_second_row
   99 00000070         ; Seta hardcode no LCD para apresentar "n x fator = res"
                       
  100 00000070         ; Parametro de entrada: R2 = fator, R3 = resultado
  101 00000070         ; Parametro de saida: nenhum
  102 00000070         create_second_row
  103 00000070 B500            PUSH             {LR}
  104 00000072         
  105 00000072 4817            LDR              R0, =CURR_KEY
  106 00000074 6801            LDR              R1, [R0]
  107 00000076 F041 0130       ORR              R1, R1, #0x30
  108 0000007A F7FF FFFE       BL               LCD_Display_Character
  109 0000007E F04F 0120       LDR              R1, =char_space
  110 00000082 F7FF FFFE       BL               LCD_Display_Character
  111 00000086 F04F 0158       LDR              R1, =char_X
  112 0000008A F7FF FFFE       BL               LCD_Display_Character
  113 0000008E F04F 0120       LDR              R1, =char_space
  114 00000092 F7FF FFFE       BL               LCD_Display_Character
  115 00000096         
  116 00000096 480E            LDR              R0, =CURR_KEY
  117 00000098 6801            LDR              R1, [R0]
  118 0000009A         
  119 0000009A 480E            LDR              R0, =MULTI_HEAD
  120 0000009C 4408            ADD              R0, R0, R1
  121 0000009E 6801            LDR              R1, [R0]
  122 000000A0 F041 0130       ORR              R1, R1, #0x30
  123 000000A4 F7FF FFFE       BL               LCD_Display_Character
  124 000000A8 F04F 0120       LDR              R1, =char_space
  125 000000AC F7FF FFFE       BL               LCD_Display_Character
  126 000000B0 F04F 013D       LDR              R1, =char_equal
  127 000000B4 F7FF FFFE       BL               LCD_Display_Character
  128 000000B8 F04F 0120       LDR              R1, =char_space
  129 000000BC F7FF FFFE       BL               LCD_Display_Character
  130 000000C0         
  131 000000C0 4619            MOV              R1, R3
  132 000000C2 F041 0130       ORR              R1, R1, #0x30
  133 000000C6 F7FF FFFE       BL               LCD_Display_Character
  134 000000CA         
  135 000000CA F85D EB04       POP              {LR}



ARM Macro Assembler    Page 4 


  136 000000CE 4770            BX               LR
  137 000000D0         
  138 000000D0         
  139 000000D0                 ALIGN
  140 000000D0                 END
              20020004 
              20000A00 
Command Line: --debug --xref --diag_suppress=9931,A1950W --cpu=Cortex-M4.fp.sp 
--depend=.\objects\lcd_char.d -o.\objects\lcd_char.o -IC:\Users\jhony\AppData\L
ocal\Arm\Packs\Keil\TM4C_DFP\1.1.0\Device\Include\TM4C129 --predefine="__EVAL S
ETA 1" --predefine="__UVISION_VERSION SETA 541" --predefine="TM4C1294NCPDT SETA
 1" --list=.\listings\lcd_char.lst lcd_char.s



ARM Macro Assembler    Page 1 Alphabetic symbol ordering
Relocatable symbols

.text 00000000

Symbol: .text
   Definitions
      At line 47 in file lcd_char.s
   Uses
      None
Comment: .text unused
create_first_row 00000000

Symbol: create_first_row
   Definitions
      At line 60 in file lcd_char.s
   Uses
      At line 49 in file lcd_char.s
Comment: create_first_row used once
create_second_row 00000070

Symbol: create_second_row
   Definitions
      At line 102 in file lcd_char.s
   Uses
      At line 50 in file lcd_char.s
Comment: create_second_row used once
3 symbols



ARM Macro Assembler    Page 1 Alphabetic symbol ordering
Absolute symbols

CURR_KEY 20020004

Symbol: CURR_KEY
   Definitions
      At line 41 in file lcd_char.s
   Uses
      At line 88 in file lcd_char.s
      At line 105 in file lcd_char.s
      At line 116 in file lcd_char.s

MULTI_HEAD 20000A00

Symbol: MULTI_HEAD
   Definitions
      At line 42 in file lcd_char.s
   Uses
      At line 119 in file lcd_char.s
Comment: MULTI_HEAD used once
char_0 00000030

Symbol: char_0
   Definitions
      At line 21 in file lcd_char.s
   Uses
      None
Comment: char_0 unused
char_1 00000031

Symbol: char_1
   Definitions
      At line 22 in file lcd_char.s
   Uses
      None
Comment: char_1 unused
char_2 00000032

Symbol: char_2
   Definitions
      At line 23 in file lcd_char.s
   Uses
      None
Comment: char_2 unused
char_3 00000033

Symbol: char_3
   Definitions
      At line 24 in file lcd_char.s
   Uses
      None
Comment: char_3 unused
char_4 00000034

Symbol: char_4
   Definitions
      At line 25 in file lcd_char.s
   Uses
      None
Comment: char_4 unused
char_5 00000035



ARM Macro Assembler    Page 2 Alphabetic symbol ordering
Absolute symbols


Symbol: char_5
   Definitions
      At line 26 in file lcd_char.s
   Uses
      None
Comment: char_5 unused
char_6 00000036

Symbol: char_6
   Definitions
      At line 27 in file lcd_char.s
   Uses
      None
Comment: char_6 unused
char_7 00000037

Symbol: char_7
   Definitions
      At line 28 in file lcd_char.s
   Uses
      None
Comment: char_7 unused
char_8 00000038

Symbol: char_8
   Definitions
      At line 29 in file lcd_char.s
   Uses
      None
Comment: char_8 unused
char_9 00000039

Symbol: char_9
   Definitions
      At line 30 in file lcd_char.s
   Uses
      None
Comment: char_9 unused
char_R 00000052

Symbol: char_R
   Definitions
      At line 33 in file lcd_char.s
   Uses
      None
Comment: char_R unused
char_T 00000054

Symbol: char_T
   Definitions
      At line 15 in file lcd_char.s
   Uses
      At line 65 in file lcd_char.s
Comment: char_T used once
char_X 00000058

Symbol: char_X
   Definitions



ARM Macro Assembler    Page 3 Alphabetic symbol ordering
Absolute symbols

      At line 32 in file lcd_char.s
   Uses
      At line 111 in file lcd_char.s
Comment: char_X used once
char_a 00000061

Symbol: char_a
   Definitions
      At line 16 in file lcd_char.s
   Uses
      At line 67 in file lcd_char.s
      At line 73 in file lcd_char.s
      At line 77 in file lcd_char.s

char_b 00000062

Symbol: char_b
   Definitions
      At line 17 in file lcd_char.s
   Uses
      At line 69 in file lcd_char.s
Comment: char_b used once
char_d 00000064

Symbol: char_d
   Definitions
      At line 19 in file lcd_char.s
   Uses
      At line 75 in file lcd_char.s
      At line 81 in file lcd_char.s

char_dot 0000002E

Symbol: char_dot
   Definitions
      At line 38 in file lcd_char.s
   Uses
      None
Comment: char_dot unused
char_e 00000065

Symbol: char_e
   Definitions
      At line 34 in file lcd_char.s
   Uses
      None
Comment: char_e unused
char_equal 0000003D

Symbol: char_equal
   Definitions
      At line 31 in file lcd_char.s
   Uses
      At line 126 in file lcd_char.s
Comment: char_equal used once
char_n 0000006E

Symbol: char_n
   Definitions



ARM Macro Assembler    Page 4 Alphabetic symbol ordering
Absolute symbols

      At line 37 in file lcd_char.s
   Uses
      None
Comment: char_n unused
char_o 0000006F

Symbol: char_o
   Definitions
      At line 20 in file lcd_char.s
   Uses
      At line 83 in file lcd_char.s
Comment: char_o used once
char_s 00000073

Symbol: char_s
   Definitions
      At line 35 in file lcd_char.s
   Uses
      None
Comment: char_s unused
char_space 00000020

Symbol: char_space
   Definitions
      At line 39 in file lcd_char.s
   Uses
      At line 79 in file lcd_char.s
      At line 85 in file lcd_char.s
      At line 109 in file lcd_char.s
      At line 113 in file lcd_char.s
      At line 124 in file lcd_char.s
      At line 128 in file lcd_char.s

char_t 00000074

Symbol: char_t
   Definitions
      At line 36 in file lcd_char.s
   Uses
      None
Comment: char_t unused
char_u 00000075

Symbol: char_u
   Definitions
      At line 18 in file lcd_char.s
   Uses
      At line 71 in file lcd_char.s
Comment: char_u used once
27 symbols



ARM Macro Assembler    Page 1 Alphabetic symbol ordering
External symbols

LCD_Display_Character 00000000

Symbol: LCD_Display_Character
   Definitions
      At line 52 in file lcd_char.s
   Uses
      At line 66 in file lcd_char.s
      At line 68 in file lcd_char.s
      At line 70 in file lcd_char.s
      At line 72 in file lcd_char.s
      At line 74 in file lcd_char.s
      At line 76 in file lcd_char.s
      At line 78 in file lcd_char.s
      At line 80 in file lcd_char.s
      At line 82 in file lcd_char.s
      At line 84 in file lcd_char.s
      At line 86 in file lcd_char.s
      At line 91 in file lcd_char.s
      At line 108 in file lcd_char.s
      At line 110 in file lcd_char.s
      At line 112 in file lcd_char.s
      At line 114 in file lcd_char.s
      At line 123 in file lcd_char.s
      At line 125 in file lcd_char.s
      At line 127 in file lcd_char.s
      At line 129 in file lcd_char.s
      At line 133 in file lcd_char.s

LCD_Reset 00000000

Symbol: LCD_Reset
   Definitions
      At line 53 in file lcd_char.s
   Uses
      At line 63 in file lcd_char.s
Comment: LCD_Reset used once
2 symbols
368 symbols in table
