


ARM Macro Assembler    Page 1 


    1 00000000         ;led_blinking.s
    2 00000000         ; Desenvolvido para a placa EK-TM4C1294XL
    3 00000000         ; Jhony Minetto Araujo, Ricardo Marthus Gremmelmaier, Ro
                       drigo Wolsky Poli
    4 00000000         ; Ver 1 02/12/2024
    5 00000000         
    6 00000000         
    7 00000000         ; ------------------------------------------------------
                       -------------------------
    8 00000000                 THUMB                        ; Instrucoes do tip
                                                            o Thumb-2
    9 00000000         ; ------------------------------------------------------
                       -------------------------
   10 00000000         ; Declaracoes EQU - Defines
   11 00000000         ; ========================
   12 00000000         
   13 00000000         ; ================== DEFINICAO DA TABELA ===============
                       ====
   14 00000000 400583FC 
                       GPIO_PORTA_AHB_DATA_R
                               EQU              0x400583FC
   15 00000000 400653FC 
                       GPIO_PORTP_DATA_R
                               EQU              0x400653FC
   16 00000000 400663FC 
                       GPIO_PORTQ_DATA_R
                               EQU              0x400663FC
   17 00000000 20010004 
                       Timer1A_Addr
                               EQU              0x20010004
   18 00000000 20000A00 
                       MULTI_HEAD
                               EQU              0x20000A00
   19 00000000 20020004 
                       CURR_KEY
                               EQU              0x20020004
   20 00000000 20010008 
                       BLINKING_COUNTER
                               EQU              0x20010008
   21 00000000         
   22 00000000         ; ------------------------------------------------------
                       -------------------------
   23 00000000         ; Area de Codigo
   24 00000000                 AREA             |.text|, CODE, READONLY, ALIGN=
2
   25 00000000         
   26 00000000                 EXPORT           blink_leds
   27 00000000         
   28 00000000         ; ------------------------------------------------------
                       ------------------------
   29 00000000         ; Funcao blink_leds
   30 00000000         ; Checa se tem q ligar ou desligar os LEDs. Calcula quai
                       s LEDs tem que ligar.
   31 00000000         blink_leds
   32 00000000         
   33 00000000 482D            LDR              R0, =CURR_KEY ; Recupera a tecl
                                                            a atual
   34 00000002 6801            LDR              R1, [R0]
   35 00000004         



ARM Macro Assembler    Page 2 


   36 00000004 482D            LDR              R0, =MULTI_HEAD
   37 00000006 4408            ADD              R0, R0, R1
   38 00000008 7802            LDRB             R2, [R0]    ; Carrega o valor a
                                                            tual da tabuada do 
                                                            dígito em R2
   39 0000000A         
   40 0000000A 2A00            CMP              R2, #0
   41 0000000C D040            BEQ              reset_leds
   42 0000000E         
   43 0000000E 482C            LDR              R0, =BLINKING_COUNTER ; Recuper
                                                            a o valor de contag
                                                            em atual para alter
                                                            ar a frequência do
                                                             blink
   44 00000010 6803            LDR              R3, [R0]
   45 00000012 F103 0301       ADD              R3, R3, #1  ; Incrementa o cont
                                                            ador em 1
   46 00000016 6003            STR              R3, [R0]
   47 00000018         
   48 00000018 428B            CMP              R3, R1
   49 0000001A D33C            BLO              leds_wait_state ; Pula o toggle
                                                             até chegar na con
                                                            tagem para realizar
                                                             o delay
   50 0000001C         
   51 0000001C 4828            LDR              R0, =BLINKING_COUNTER
   52 0000001E F04F 0300       MOV              R3, #0
   53 00000022 6003            STR              R3, [R0]
   54 00000024         
   55 00000024 4827            LDR              R0, =GPIO_PORTP_DATA_R
   56 00000026 6801            LDR              R1, [R0]    ; Recupera a config
                                                            uração anterior d
                                                            os LEDs
   57 00000028         
   58 00000028 2900            CMP              R1, #2_00000000
   59 0000002A BF0C            ITE              EQ          ; Toggles the LEDs 
                                                            to make them blink
   60 0000002C 2120            MOVEQ            R1, #2_00100000
   61 0000002E 2100            MOVNE            R1, #2_00000000
   62 00000030 6001            STR              R1, [R0]
   63 00000032         
   64 00000032 4821            LDR              R0, =CURR_KEY ; Recupera a tecl
                                                            a atual
   65 00000034 6801            LDR              R1, [R0]
   66 00000036         
   67 00000036 4821            LDR              R0, =MULTI_HEAD
   68 00000038 4408            ADD              R0, R0, R1
   69 0000003A 7802            LDRB             R2, [R0]    ; Carrega o valor a
                                                            tual da tabuada do 
                                                            dígito em R2
   70 0000003C         
   71 0000003C 2A01            CMP              R2, #1
   72 0000003E D00F            BEQ              set_led1
   73 00000040         
   74 00000040 2A02            CMP              R2, #2
   75 00000042 D010            BEQ              set_led2
   76 00000044         
   77 00000044 2A03            CMP              R2, #3
   78 00000046 D011            BEQ              set_led3



ARM Macro Assembler    Page 3 


   79 00000048         
   80 00000048 2A04            CMP              R2, #4
   81 0000004A D012            BEQ              set_led4
   82 0000004C         
   83 0000004C 2A05            CMP              R2, #5
   84 0000004E D013            BEQ              set_led5
   85 00000050         
   86 00000050 2A06            CMP              R2, #6
   87 00000052 D014            BEQ              set_led6
   88 00000054         
   89 00000054 2A07            CMP              R2, #7
   90 00000056 D015            BEQ              set_led7
   91 00000058         
   92 00000058 2A08            CMP              R2, #8
   93 0000005A D016            BEQ              set_led8
   94 0000005C         
   95 0000005C 2A09            CMP              R2, #9
   96 0000005E D014            BEQ              set_led8
   97 00000060         
   98 00000060         set_led1
   99 00000060 F04F 0180       MOV              R1, #2_10000000
  100 00000064 E01E            B                blink_leds_return
  101 00000066         set_led2
  102 00000066 F04F 01C0       MOV              R1, #2_11000000
  103 0000006A E01B            B                blink_leds_return
  104 0000006C         
  105 0000006C         set_led3
  106 0000006C F04F 01E0       MOV              R1, #2_11100000
  107 00000070 E018            B                blink_leds_return
  108 00000072         
  109 00000072         set_led4
  110 00000072 F04F 01F0       MOV              R1, #2_11110000
  111 00000076 E015            B                blink_leds_return
  112 00000078         
  113 00000078         set_led5
  114 00000078 F04F 01F8       MOV              R1, #2_11111000
  115 0000007C E012            B                blink_leds_return
  116 0000007E         
  117 0000007E         set_led6
  118 0000007E F04F 01FC       MOV              R1, #2_11111100
  119 00000082 E00F            B                blink_leds_return
  120 00000084         
  121 00000084         set_led7
  122 00000084 F04F 01FE       MOV              R1, #2_11111110
  123 00000088 E00C            B                blink_leds_return
  124 0000008A         
  125 0000008A         set_led8
  126 0000008A F04F 01FF       MOV              R1, #2_11111111
  127 0000008E E009            B                blink_leds_return
  128 00000090         
  129 00000090         reset_leds
  130 00000090 F04F 0100       MOV              R1, #2_00000000
  131 00000094 E006            B                blink_leds_return
  132 00000096         
  133 00000096         leds_wait_state
  134 00000096 480C            LDR              R0, =GPIO_PORTA_AHB_DATA_R
  135 00000098 6801            LDR              R1, [R0]
  136 0000009A         
  137 0000009A 480C            LDR              R0, =GPIO_PORTQ_DATA_R



ARM Macro Assembler    Page 4 


  138 0000009C 6802            LDR              R2, [R0]
  139 0000009E EA41 0102       ORR              R1, R1, R2
  140 000000A2         
  141 000000A2 E7FF            B                blink_leds_return
  142 000000A4         
  143 000000A4         blink_leds_return
  144 000000A4         ; A4-A7     Q0-Q3
  145 000000A4 F001 02F0       AND              R2, R1, #0xF0
  146 000000A8 4807            LDR              R0, =GPIO_PORTA_AHB_DATA_R
  147 000000AA 6002            STR              R2, [R0]
  148 000000AC         
  149 000000AC F001 020F       AND              R2, R1, #0x0F
  150 000000B0 4806            LDR              R0, =GPIO_PORTQ_DATA_R
  151 000000B2 6002            STR              R2, [R0]
  152 000000B4         
  153 000000B4 4770            BX               LR
  154 000000B6         
  155 000000B6         
  156 000000B6         
  157 000000B6         
  158 000000B6 00 00           ALIGN
  159 000000B8                 END
              20020004 
              20000A00 
              20010008 
              400653FC 
              400583FC 
              400663FC 
Command Line: --debug --xref --diag_suppress=9931 --cpu=Cortex-M4.fp.sp --apcs=
interwork --depend=.\objects\led_blinking.d -o.\objects\led_blinking.o -IC:\Use
rs\Ricar\AppData\Local\Arm\Packs\Keil\TM4C_DFP\1.1.0\Device\Include\TM4C129 --p
redefine="__EVAL SETA 1" --predefine="__UVISION_VERSION SETA 536" --predefine="
TM4C1294NCPDT SETA 1" --list=.\listings\led_blinking.lst led_blinking.s



ARM Macro Assembler    Page 1 Alphabetic symbol ordering
Relocatable symbols

.text 00000000

Symbol: .text
   Definitions
      At line 24 in file led_blinking.s
   Uses
      None
Comment: .text unused
blink_leds 00000000

Symbol: blink_leds
   Definitions
      At line 31 in file led_blinking.s
   Uses
      At line 26 in file led_blinking.s
Comment: blink_leds used once
blink_leds_return 000000A4

Symbol: blink_leds_return
   Definitions
      At line 143 in file led_blinking.s
   Uses
      At line 100 in file led_blinking.s
      At line 103 in file led_blinking.s
      At line 107 in file led_blinking.s
      At line 111 in file led_blinking.s
      At line 115 in file led_blinking.s
      At line 119 in file led_blinking.s
      At line 123 in file led_blinking.s
      At line 127 in file led_blinking.s
      At line 131 in file led_blinking.s
      At line 141 in file led_blinking.s

leds_wait_state 00000096

Symbol: leds_wait_state
   Definitions
      At line 133 in file led_blinking.s
   Uses
      At line 49 in file led_blinking.s
Comment: leds_wait_state used once
reset_leds 00000090

Symbol: reset_leds
   Definitions
      At line 129 in file led_blinking.s
   Uses
      At line 41 in file led_blinking.s
Comment: reset_leds used once
set_led1 00000060

Symbol: set_led1
   Definitions
      At line 98 in file led_blinking.s
   Uses
      At line 72 in file led_blinking.s
Comment: set_led1 used once
set_led2 00000066




ARM Macro Assembler    Page 2 Alphabetic symbol ordering
Relocatable symbols

Symbol: set_led2
   Definitions
      At line 101 in file led_blinking.s
   Uses
      At line 75 in file led_blinking.s
Comment: set_led2 used once
set_led3 0000006C

Symbol: set_led3
   Definitions
      At line 105 in file led_blinking.s
   Uses
      At line 78 in file led_blinking.s
Comment: set_led3 used once
set_led4 00000072

Symbol: set_led4
   Definitions
      At line 109 in file led_blinking.s
   Uses
      At line 81 in file led_blinking.s
Comment: set_led4 used once
set_led5 00000078

Symbol: set_led5
   Definitions
      At line 113 in file led_blinking.s
   Uses
      At line 84 in file led_blinking.s
Comment: set_led5 used once
set_led6 0000007E

Symbol: set_led6
   Definitions
      At line 117 in file led_blinking.s
   Uses
      At line 87 in file led_blinking.s
Comment: set_led6 used once
set_led7 00000084

Symbol: set_led7
   Definitions
      At line 121 in file led_blinking.s
   Uses
      At line 90 in file led_blinking.s
Comment: set_led7 used once
set_led8 0000008A

Symbol: set_led8
   Definitions
      At line 125 in file led_blinking.s
   Uses
      At line 93 in file led_blinking.s
      At line 96 in file led_blinking.s

13 symbols



ARM Macro Assembler    Page 1 Alphabetic symbol ordering
Absolute symbols

BLINKING_COUNTER 20010008

Symbol: BLINKING_COUNTER
   Definitions
      At line 20 in file led_blinking.s
   Uses
      At line 43 in file led_blinking.s
      At line 51 in file led_blinking.s

CURR_KEY 20020004

Symbol: CURR_KEY
   Definitions
      At line 19 in file led_blinking.s
   Uses
      At line 33 in file led_blinking.s
      At line 64 in file led_blinking.s

GPIO_PORTA_AHB_DATA_R 400583FC

Symbol: GPIO_PORTA_AHB_DATA_R
   Definitions
      At line 14 in file led_blinking.s
   Uses
      At line 134 in file led_blinking.s
      At line 146 in file led_blinking.s

GPIO_PORTP_DATA_R 400653FC

Symbol: GPIO_PORTP_DATA_R
   Definitions
      At line 15 in file led_blinking.s
   Uses
      At line 55 in file led_blinking.s
Comment: GPIO_PORTP_DATA_R used once
GPIO_PORTQ_DATA_R 400663FC

Symbol: GPIO_PORTQ_DATA_R
   Definitions
      At line 16 in file led_blinking.s
   Uses
      At line 137 in file led_blinking.s
      At line 150 in file led_blinking.s

MULTI_HEAD 20000A00

Symbol: MULTI_HEAD
   Definitions
      At line 18 in file led_blinking.s
   Uses
      At line 36 in file led_blinking.s
      At line 67 in file led_blinking.s

Timer1A_Addr 20010004

Symbol: Timer1A_Addr
   Definitions
      At line 17 in file led_blinking.s
   Uses



ARM Macro Assembler    Page 2 Alphabetic symbol ordering
Absolute symbols

      None
Comment: Timer1A_Addr unused
7 symbols
356 symbols in table
